<?xml version="1.0" encoding="UTF-8"?>
<coverage generated="1636502215641" clover="3.2.0">
  <project timestamp="1636502215641" name="All files">
    <metrics statements="475" coveredstatements="469" conditionals="310" coveredconditionals="287" methods="132" coveredmethods="128" elements="917" coveredelements="884" complexity="0" loc="475" ncloc="475" packages="6" files="27" classes="27"/>
    <package name="src">
      <metrics statements="27" coveredstatements="27" conditionals="12" coveredconditionals="12" methods="13" coveredmethods="13"/>
      <file name="App.tsx" path="/home/jsmithb117/minesweeper/src/App.tsx">
        <metrics statements="27" coveredstatements="27" conditionals="12" coveredconditionals="12" methods="13" coveredmethods="13"/>
        <line num="14" count="2" type="stmt"/>
        <line num="15" count="2" type="stmt"/>
        <line num="20" count="199" type="stmt"/>
        <line num="21" count="199" type="stmt"/>
        <line num="22" count="199" type="stmt"/>
        <line num="23" count="199" type="stmt"/>
        <line num="24" count="199" type="stmt"/>
        <line num="25" count="199" type="stmt"/>
        <line num="26" count="199" type="stmt"/>
        <line num="27" count="199" type="stmt"/>
        <line num="28" count="199" type="stmt"/>
        <line num="30" count="110" type="stmt"/>
        <line num="32" count="110" type="stmt"/>
        <line num="33" count="110" type="cond" truecount="2" falsecount="0"/>
        <line num="37" count="110" type="stmt"/>
        <line num="38" count="110" type="stmt"/>
        <line num="104" count="110" type="stmt"/>
        <line num="105" count="38" type="cond" truecount="4" falsecount="0"/>
        <line num="106" count="15" type="stmt"/>
        <line num="107" count="15" type="stmt"/>
        <line num="111" count="110" type="stmt"/>
        <line num="112" count="18" type="stmt"/>
        <line num="125" count="110" type="stmt"/>
        <line num="126" count="18" type="cond" truecount="2" falsecount="0"/>
        <line num="127" count="2" type="stmt"/>
        <line num="128" count="2" type="stmt"/>
        <line num="132" count="110" type="stmt"/>
      </file>
    </package>
    <package name="src.actionCreators">
      <metrics statements="70" coveredstatements="70" conditionals="17" coveredconditionals="12" methods="28" coveredmethods="28"/>
      <file name="baseActionCreator.ts" path="/home/jsmithb117/minesweeper/src/actionCreators/baseActionCreator.ts">
        <metrics statements="5" coveredstatements="5" conditionals="2" coveredconditionals="2" methods="1" coveredmethods="1"/>
        <line num="3" count="8" type="stmt"/>
        <line num="4" count="207" type="stmt"/>
        <line num="5" count="207" type="cond" truecount="2" falsecount="0"/>
        <line num="6" count="185" type="stmt"/>
        <line num="8" count="207" type="stmt"/>
      </file>
      <file name="clickActionCreators.ts" path="/home/jsmithb117/minesweeper/src/actionCreators/clickActionCreators.ts">
        <metrics statements="27" coveredstatements="27" conditionals="14" coveredconditionals="10" methods="8" coveredmethods="8"/>
        <line num="4" count="5" type="stmt"/>
        <line num="5" count="5" type="stmt"/>
        <line num="6" count="5" type="stmt"/>
        <line num="7" count="5" type="stmt"/>
        <line num="8" count="5" type="stmt"/>
        <line num="9" count="5" type="stmt"/>
        <line num="10" count="5" type="stmt"/>
        <line num="12" count="5" type="cond" truecount="0" falsecount="3"/>
        <line num="13" count="3" type="stmt"/>
        <line num="18" count="3" type="stmt"/>
        <line num="21" count="5" type="stmt"/>
        <line num="22" count="120" type="stmt"/>
        <line num="23" count="120" type="stmt"/>
        <line num="24" count="120" type="stmt"/>
        <line num="25" count="120" type="stmt"/>
        <line num="26" count="120" type="stmt"/>
        <line num="27" count="120" type="cond" truecount="5" falsecount="0"/>
        <line num="29" count="120" type="cond" truecount="4" falsecount="0"/>
        <line num="30" count="108" type="stmt"/>
        <line num="32" count="12" type="cond" truecount="1" falsecount="1"/>
        <line num="33" count="12" type="stmt"/>
        <line num="39" count="5" type="stmt"/>
        <line num="40" count="5" type="stmt"/>
        <line num="41" count="5" type="stmt"/>
        <line num="42" count="5" type="stmt"/>
        <line num="43" count="108" type="stmt"/>
        <line num="44" count="12" type="stmt"/>
      </file>
      <file name="formActionCreators.ts" path="/home/jsmithb117/minesweeper/src/actionCreators/formActionCreators.ts">
        <metrics statements="20" coveredstatements="20" conditionals="1" coveredconditionals="0" methods="10" coveredmethods="10"/>
        <line num="3" count="8" type="stmt"/>
        <line num="4" count="8" type="stmt"/>
        <line num="5" count="8" type="stmt"/>
        <line num="6" count="8" type="stmt"/>
        <line num="7" count="8" type="stmt"/>
        <line num="8" count="8" type="stmt"/>
        <line num="9" count="8" type="stmt"/>
        <line num="10" count="8" type="stmt"/>
        <line num="11" count="8" type="stmt"/>
        <line num="12" count="8" type="stmt"/>
        <line num="14" count="8" type="stmt"/>
        <line num="15" count="8" type="stmt"/>
        <line num="16" count="8" type="stmt"/>
        <line num="17" count="8" type="stmt"/>
        <line num="18" count="8" type="stmt"/>
        <line num="19" count="8" type="stmt"/>
        <line num="20" count="8" type="stmt"/>
        <line num="21" count="8" type="stmt"/>
        <line num="22" count="19" type="cond" truecount="0" falsecount="1"/>
        <line num="23" count="8" type="stmt"/>
      </file>
      <file name="statsActionCreators.ts" path="/home/jsmithb117/minesweeper/src/actionCreators/statsActionCreators.ts">
        <metrics statements="18" coveredstatements="18" conditionals="0" coveredconditionals="0" methods="9" coveredmethods="9"/>
        <line num="5" count="6" type="stmt"/>
        <line num="6" count="6" type="stmt"/>
        <line num="7" count="6" type="stmt"/>
        <line num="8" count="6" type="stmt"/>
        <line num="9" count="6" type="stmt"/>
        <line num="10" count="6" type="stmt"/>
        <line num="11" count="6" type="stmt"/>
        <line num="12" count="6" type="stmt"/>
        <line num="13" count="6" type="stmt"/>
        <line num="15" count="6" type="stmt"/>
        <line num="16" count="6" type="stmt"/>
        <line num="17" count="6" type="stmt"/>
        <line num="18" count="6" type="stmt"/>
        <line num="19" count="6" type="stmt"/>
        <line num="20" count="6" type="stmt"/>
        <line num="21" count="6" type="stmt"/>
        <line num="22" count="6" type="stmt"/>
        <line num="23" count="6" type="stmt"/>
      </file>
    </package>
    <package name="src.components">
      <metrics statements="141" coveredstatements="135" conditionals="36" coveredconditionals="36" methods="48" coveredmethods="44"/>
      <file name="BestGlobal.tsx" path="/home/jsmithb117/minesweeper/src/components/BestGlobal.tsx">
        <metrics statements="5" coveredstatements="4" conditionals="0" coveredconditionals="0" methods="2" coveredmethods="1"/>
        <line num="4" count="2" type="stmt"/>
        <line num="5" count="240" type="stmt"/>
        <line num="6" count="240" type="stmt"/>
        <line num="7" count="0" type="stmt"/>
        <line num="9" count="240" type="stmt"/>
      </file>
      <file name="BestGlobalScore.tsx" path="/home/jsmithb117/minesweeper/src/components/BestGlobalScore.tsx">
        <metrics statements="2" coveredstatements="2" conditionals="0" coveredconditionals="0" methods="1" coveredmethods="1"/>
        <line num="3" count="3" type="stmt"/>
        <line num="4" count="2" type="stmt"/>
      </file>
      <file name="BestIndividualScore.tsx" path="/home/jsmithb117/minesweeper/src/components/BestIndividualScore.tsx">
        <metrics statements="2" coveredstatements="2" conditionals="0" coveredconditionals="0" methods="1" coveredmethods="1"/>
        <line num="3" count="2" type="stmt"/>
        <line num="4" count="240" type="stmt"/>
      </file>
      <file name="Display.tsx" path="/home/jsmithb117/minesweeper/src/components/Display.tsx">
        <metrics statements="14" coveredstatements="14" conditionals="0" coveredconditionals="0" methods="7" coveredmethods="7"/>
        <line num="6" count="2" type="stmt"/>
        <line num="7" count="226" type="stmt"/>
        <line num="8" count="228" type="stmt"/>
        <line num="9" count="228" type="stmt"/>
        <line num="10" count="140" type="stmt"/>
        <line num="12" count="140" type="stmt"/>
        <line num="13" count="1" type="stmt"/>
        <line num="14" count="1" type="stmt"/>
        <line num="15" count="1" type="stmt"/>
        <line num="18" count="140" type="stmt"/>
        <line num="19" count="1" type="stmt"/>
        <line num="21" count="140" type="stmt"/>
        <line num="22" count="2" type="stmt"/>
        <line num="25" count="140" type="stmt"/>
      </file>
      <file name="Form.tsx" path="/home/jsmithb117/minesweeper/src/components/Form.tsx">
        <metrics statements="58" coveredstatements="57" conditionals="14" coveredconditionals="14" methods="13" coveredmethods="12"/>
        <line num="11" count="7" type="stmt"/>
        <line num="13" count="7" type="stmt"/>
        <line num="14" count="106" type="stmt"/>
        <line num="15" count="106" type="stmt"/>
        <line num="16" count="106" type="stmt"/>
        <line num="17" count="106" type="stmt"/>
        <line num="18" count="106" type="stmt"/>
        <line num="20" count="106" type="stmt"/>
        <line num="21" count="106" type="stmt"/>
        <line num="22" count="106" type="stmt"/>
        <line num="23" count="106" type="stmt"/>
        <line num="25" count="106" type="stmt"/>
        <line num="26" count="106" type="stmt"/>
        <line num="27" count="106" type="stmt"/>
        <line num="29" count="106" type="stmt"/>
        <line num="30" count="6" type="stmt"/>
        <line num="32" count="6" type="stmt"/>
        <line num="33" count="6" type="stmt"/>
        <line num="34" count="6" type="stmt"/>
        <line num="35" count="6" type="stmt"/>
        <line num="37" count="106" type="stmt"/>
        <line num="38" count="5" type="stmt"/>
        <line num="39" count="5" type="cond" truecount="2" falsecount="0"/>
        <line num="40" count="2" type="stmt"/>
        <line num="41" count="2" type="stmt"/>
        <line num="42" count="2" type="stmt"/>
        <line num="44" count="5" type="cond" truecount="2" falsecount="0"/>
        <line num="45" count="1" type="stmt"/>
        <line num="46" count="1" type="stmt"/>
        <line num="47" count="1" type="stmt"/>
        <line num="49" count="5" type="cond" truecount="2" falsecount="0"/>
        <line num="50" count="1" type="stmt"/>
        <line num="51" count="1" type="stmt"/>
        <line num="52" count="1" type="stmt"/>
        <line num="54" count="5" type="cond" truecount="2" falsecount="0"/>
        <line num="55" count="1" type="stmt"/>
        <line num="56" count="1" type="stmt"/>
        <line num="57" count="1" type="stmt"/>
        <line num="59" count="5" type="stmt"/>
        <line num="62" count="106" type="stmt"/>
        <line num="63" count="3" type="stmt"/>
        <line num="64" count="3" type="cond" truecount="2" falsecount="0"/>
        <line num="65" count="1" type="stmt"/>
        <line num="67" count="3" type="cond" truecount="2" falsecount="0"/>
        <line num="68" count="1" type="stmt"/>
        <line num="70" count="3" type="cond" truecount="2" falsecount="0"/>
        <line num="71" count="1" type="stmt"/>
        <line num="73" count="3" type="stmt"/>
        <line num="76" count="106" type="stmt"/>
        <line num="78" count="6" type="stmt"/>
        <line num="86" count="2" type="stmt"/>
        <line num="98" count="1" type="stmt"/>
        <line num="110" count="1" type="stmt"/>
        <line num="122" count="1" type="stmt"/>
        <line num="134" count="0" type="stmt"/>
        <line num="146" count="1" type="stmt"/>
        <line num="158" count="1" type="stmt"/>
        <line num="170" count="1" type="stmt"/>
      </file>
      <file name="HighScores.tsx" path="/home/jsmithb117/minesweeper/src/components/HighScores.tsx">
        <metrics statements="22" coveredstatements="20" conditionals="12" coveredconditionals="12" methods="4" coveredmethods="4"/>
        <line num="8" count="2" type="stmt"/>
        <line num="9" count="82" type="stmt"/>
        <line num="10" count="82" type="stmt"/>
        <line num="11" count="82" type="stmt"/>
        <line num="12" count="169" type="stmt"/>
        <line num="13" count="80" type="stmt"/>
        <line num="14" count="80" type="stmt"/>
        <line num="16" count="80" type="stmt"/>
        <line num="17" count="2" type="stmt"/>
        <line num="46" count="2" type="stmt"/>
        <line num="51" count="0" type="stmt"/>
        <line num="54" count="80" type="stmt"/>
        <line num="55" count="2" type="stmt"/>
        <line num="100" count="2" type="stmt"/>
        <line num="105" count="0" type="stmt"/>
        <line num="108" count="80" type="stmt"/>
        <line num="109" count="80" type="stmt"/>
        <line num="110" count="80" type="stmt"/>
        <line num="111" count="80" type="stmt"/>
        <line num="112" count="80" type="stmt"/>
        <line num="113" count="80" type="stmt"/>
        <line num="115" count="80" type="stmt"/>
      </file>
      <file name="Piece.tsx" path="/home/jsmithb117/minesweeper/src/components/Piece.tsx">
        <metrics statements="27" coveredstatements="25" conditionals="10" coveredconditionals="10" methods="13" coveredmethods="11"/>
        <line num="9" count="2" type="stmt"/>
        <line num="10" count="15200" type="stmt"/>
        <line num="11" count="23000" type="stmt"/>
        <line num="12" count="23000" type="stmt"/>
        <line num="13" count="23000" type="stmt"/>
        <line num="14" count="23000" type="stmt"/>
        <line num="16" count="15200" type="stmt"/>
        <line num="17" count="107" type="stmt"/>
        <line num="20" count="15200" type="stmt"/>
        <line num="21" count="11" type="cond" truecount="2" falsecount="0"/>
        <line num="22" count="7" type="stmt"/>
        <line num="24" count="4" type="stmt"/>
        <line num="26" count="11" type="stmt"/>
        <line num="29" count="15200" type="stmt"/>
        <line num="31" count="15200" type="cond" truecount="2" falsecount="0"/>
        <line num="32" count="200" type="stmt"/>
        <line num="38" count="15000" type="cond" truecount="2" falsecount="0"/>
        <line num="39" count="1434" type="stmt"/>
        <line num="40" count="1" type="stmt"/>
        <line num="41" count="7" type="stmt"/>
        <line num="48" count="13566" type="cond" truecount="4" falsecount="0"/>
        <line num="49" count="6" type="stmt"/>
        <line num="50" count="0" type="stmt"/>
        <line num="51" count="0" type="stmt"/>
        <line num="59" count="13560" type="stmt"/>
        <line num="60" count="106" type="stmt"/>
        <line num="61" count="4" type="stmt"/>
      </file>
      <file name="Row.tsx" path="/home/jsmithb117/minesweeper/src/components/Row.tsx">
        <metrics statements="4" coveredstatements="4" conditionals="0" coveredconditionals="0" methods="2" coveredmethods="2"/>
        <line num="4" count="2" type="stmt"/>
        <line num="5" count="1520" type="stmt"/>
        <line num="6" count="15200" type="stmt"/>
        <line num="11" count="1520" type="stmt"/>
      </file>
      <file name="Rows.tsx" path="/home/jsmithb117/minesweeper/src/components/Rows.tsx">
        <metrics statements="7" coveredstatements="7" conditionals="0" coveredconditionals="0" methods="5" coveredmethods="5"/>
        <line num="4" count="2" type="stmt"/>
        <line num="5" count="229" type="stmt"/>
        <line num="6" count="230" type="stmt"/>
        <line num="7" count="230" type="stmt"/>
        <line num="8" count="152" type="stmt"/>
        <line num="9" count="1520" type="stmt"/>
        <line num="14" count="152" type="stmt"/>
      </file>
    </package>
    <package name="src.features">
      <metrics statements="96" coveredstatements="96" conditionals="138" coveredconditionals="133" methods="15" coveredmethods="15"/>
      <file name="boardCreator.ts" path="/home/jsmithb117/minesweeper/src/features/boardCreator.ts">
        <metrics statements="37" coveredstatements="37" conditionals="24" coveredconditionals="20" methods="8" coveredmethods="8"/>
        <line num="3" count="7" type="stmt"/>
        <line num="12" count="7" type="cond" truecount="0" falsecount="4"/>
        <line num="13" count="15" type="stmt"/>
        <line num="15" count="15" type="cond" truecount="2" falsecount="0"/>
        <line num="16" count="6" type="stmt"/>
        <line num="17" count="6" type="stmt"/>
        <line num="18" count="60" type="stmt"/>
        <line num="19" count="600" type="cond" truecount="4" falsecount="0"/>
        <line num="20" count="54" type="stmt"/>
        <line num="22" count="546" type="cond" truecount="2" falsecount="0"/>
        <line num="23" count="60" type="stmt"/>
        <line num="25" count="486" type="cond" truecount="4" falsecount="0"/>
        <line num="26" count="6" type="stmt"/>
        <line num="28" count="480" type="stmt"/>
        <line num="33" count="9" type="stmt"/>
        <line num="34" count="9" type="stmt"/>
        <line num="35" count="900" type="stmt"/>
        <line num="38" count="9" type="stmt"/>
        <line num="39" count="9" type="stmt"/>
        <line num="40" count="96" type="stmt"/>
        <line num="41" count="96" type="stmt"/>
        <line num="42" count="96" type="cond" truecount="2" falsecount="0"/>
        <line num="43" count="90" type="stmt"/>
        <line num="44" count="90" type="stmt"/>
        <line num="49" count="15" type="stmt"/>
        <line num="50" count="150" type="stmt"/>
        <line num="51" count="1500" type="stmt"/>
        <line num="54" count="15" type="stmt"/>
        <line num="57" count="7" type="stmt"/>
        <line num="58" count="1500" type="stmt"/>
        <line num="59" count="1500" type="stmt"/>
        <line num="60" count="4500" type="stmt"/>
        <line num="61" count="13500" type="cond" truecount="4" falsecount="0"/>
        <line num="62" count="11760" type="stmt"/>
        <line num="63" count="11760" type="cond" truecount="2" falsecount="0"/>
        <line num="64" count="1069" type="stmt"/>
        <line num="68" count="1500" type="stmt"/>
      </file>
      <file name="buttonColor.ts" path="/home/jsmithb117/minesweeper/src/features/buttonColor.ts">
        <metrics statements="2" coveredstatements="2" conditionals="18" coveredconditionals="18" methods="1" coveredmethods="1"/>
        <line num="3" count="3" type="stmt"/>
        <line num="4" count="4572" type="cond" truecount="2" falsecount="0"/>
      </file>
      <file name="checkWin.ts" path="/home/jsmithb117/minesweeper/src/features/checkWin.ts">
        <metrics statements="6" coveredstatements="6" conditionals="4" coveredconditionals="4" methods="1" coveredmethods="1"/>
        <line num="3" count="4" type="stmt"/>
        <line num="4" count="36" type="stmt"/>
        <line num="5" count="100" type="stmt"/>
        <line num="6" count="799" type="cond" truecount="4" falsecount="0"/>
        <line num="7" count="34" type="stmt"/>
        <line num="11" count="2" type="stmt"/>
      </file>
      <file name="displayValue.ts" path="/home/jsmithb117/minesweeper/src/features/displayValue.ts">
        <metrics statements="4" coveredstatements="4" conditionals="4" coveredconditionals="4" methods="1" coveredmethods="1"/>
        <line num="3" count="2" type="stmt"/>
        <line num="4" count="13560" type="cond" truecount="4" falsecount="0"/>
        <line num="5" count="4562" type="stmt"/>
        <line num="7" count="8998" type="stmt"/>
      </file>
      <file name="hooks.ts" path="/home/jsmithb117/minesweeper/src/features/hooks.ts">
        <metrics statements="2" coveredstatements="2" conditionals="0" coveredconditionals="0" methods="1" coveredmethods="1"/>
        <line num="4" count="15310" type="stmt"/>
        <line num="5" count="2" type="stmt"/>
      </file>
      <file name="initialState.ts" path="/home/jsmithb117/minesweeper/src/features/initialState.ts">
        <metrics statements="4" coveredstatements="4" conditionals="4" coveredconditionals="4" methods="1" coveredmethods="1"/>
        <line num="5" count="7" type="stmt"/>
        <line num="10" count="12" type="stmt"/>
        <line num="11" count="12" type="stmt"/>
        <line num="69" count="12" type="stmt"/>
      </file>
      <file name="pieceClass.ts" path="/home/jsmithb117/minesweeper/src/features/pieceClass.ts">
        <metrics statements="11" coveredstatements="11" conditionals="12" coveredconditionals="12" methods="1" coveredmethods="1"/>
        <line num="4" count="3" type="stmt"/>
        <line num="5" count="15413" type="stmt"/>
        <line num="7" count="15413" type="cond" truecount="2" falsecount="0"/>
        <line num="8" count="10840" type="stmt"/>
        <line num="10" count="15413" type="cond" truecount="4" falsecount="0"/>
        <line num="11" count="1550" type="stmt"/>
        <line num="13" count="15413" type="cond" truecount="2" falsecount="0"/>
        <line num="14" count="6" type="stmt"/>
        <line num="16" count="15413" type="cond" truecount="4" falsecount="0"/>
        <line num="17" count="4572" type="stmt"/>
        <line num="19" count="15413" type="stmt"/>
      </file>
      <file name="queryClient.ts" path="/home/jsmithb117/minesweeper/src/features/queryClient.ts">
        <metrics statements="1" coveredstatements="1" conditionals="0" coveredconditionals="0" methods="0" coveredmethods="0"/>
        <line num="3" count="2" type="stmt"/>
      </file>
      <file name="zeroFinder.ts" path="/home/jsmithb117/minesweeper/src/features/zeroFinder.ts">
        <metrics statements="29" coveredstatements="29" conditionals="72" coveredconditionals="71" methods="1" coveredmethods="1"/>
        <line num="4" count="4" type="stmt"/>
        <line num="5" count="232" type="cond" truecount="2" falsecount="0"/>
        <line num="6" count="229" type="stmt"/>
        <line num="9" count="232" type="cond" truecount="2" falsecount="0"/>
        <line num="14" count="183" type="cond" truecount="4" falsecount="0"/>
        <line num="15" count="183" type="cond" truecount="3" falsecount="1"/>
        <line num="16" count="183" type="cond" truecount="4" falsecount="0"/>
        <line num="18" count="183" type="cond" truecount="2" falsecount="0"/>
        <line num="19" count="183" type="cond" truecount="2" falsecount="0"/>
        <line num="21" count="183" type="cond" truecount="4" falsecount="0"/>
        <line num="22" count="183" type="cond" truecount="4" falsecount="0"/>
        <line num="23" count="183" type="cond" truecount="4" falsecount="0"/>
        <line num="26" count="183" type="cond" truecount="5" falsecount="0"/>
        <line num="27" count="28" type="stmt"/>
        <line num="29" count="183" type="cond" truecount="5" falsecount="0"/>
        <line num="30" count="12" type="stmt"/>
        <line num="32" count="183" type="cond" truecount="5" falsecount="0"/>
        <line num="33" count="14" type="stmt"/>
        <line num="35" count="183" type="cond" truecount="5" falsecount="0"/>
        <line num="36" count="57" type="stmt"/>
        <line num="38" count="183" type="cond" truecount="5" falsecount="0"/>
        <line num="39" count="39" type="stmt"/>
        <line num="41" count="183" type="cond" truecount="5" falsecount="0"/>
        <line num="42" count="26" type="stmt"/>
        <line num="44" count="183" type="cond" truecount="5" falsecount="0"/>
        <line num="45" count="24" type="stmt"/>
        <line num="47" count="183" type="cond" truecount="5" falsecount="0"/>
        <line num="48" count="4" type="stmt"/>
        <line num="51" count="232" type="stmt"/>
      </file>
    </package>
    <package name="src.interfaces">
      <metrics statements="0" coveredstatements="0" conditionals="0" coveredconditionals="0" methods="0" coveredmethods="0"/>
      <file name="interfaces.ts" path="/home/jsmithb117/minesweeper/src/interfaces/interfaces.ts">
        <metrics statements="0" coveredstatements="0" conditionals="0" coveredconditionals="0" methods="0" coveredmethods="0"/>
      </file>
    </package>
    <package name="src.reducers">
      <metrics statements="141" coveredstatements="141" conditionals="107" coveredconditionals="94" methods="28" coveredmethods="28"/>
      <file name="clickReducer.ts" path="/home/jsmithb117/minesweeper/src/reducers/clickReducer.ts">
        <metrics statements="55" coveredstatements="55" conditionals="51" coveredconditionals="46" methods="8" coveredmethods="8"/>
        <line num="17" count="4" type="cond" truecount="1" falsecount="0"/>
        <line num="18" count="222" type="cond" truecount="2" falsecount="0"/>
        <line num="19" count="41" type="stmt"/>
        <line num="21" count="181" type="cond" truecount="2" falsecount="0"/>
        <line num="22" count="2" type="stmt"/>
        <line num="23" count="2" type="stmt"/>
        <line num="24" count="2" type="stmt"/>
        <line num="28" count="179" type="cond" truecount="2" falsecount="0"/>
        <line num="29" count="1" type="stmt"/>
        <line num="30" count="1" type="stmt"/>
        <line num="31" count="1" type="stmt"/>
        <line num="32" count="1" type="stmt"/>
        <line num="36" count="178" type="cond" truecount="4" falsecount="0"/>
        <line num="37" count="72" type="stmt"/>
        <line num="40" count="106" type="cond" truecount="2" falsecount="0"/>
        <line num="41" count="106" type="cond" truecount="2" falsecount="0"/>
        <line num="42" count="106" type="stmt"/>
        <line num="43" count="106" type="stmt"/>
        <line num="44" count="106" type="stmt"/>
        <line num="46" count="106" type="cond" truecount="2" falsecount="0"/>
        <line num="47" count="39" type="stmt"/>
        <line num="48" count="39" type="cond" truecount="4" falsecount="0"/>
        <line num="49" count="28" type="stmt"/>
        <line num="52" count="39" type="cond" truecount="4" falsecount="0"/>
        <line num="53" count="3" type="stmt"/>
        <line num="54" count="3" type="cond" truecount="4" falsecount="0"/>
        <line num="55" count="3" type="stmt"/>
        <line num="56" count="36" type="cond" truecount="2" falsecount="0"/>
        <line num="57" count="2" type="stmt"/>
        <line num="58" count="2" type="stmt"/>
        <line num="62" count="67" type="cond" truecount="2" falsecount="0"/>
        <line num="63" count="9" type="stmt"/>
        <line num="64" count="9" type="cond" truecount="1" falsecount="1"/>
        <line num="65" count="9" type="cond" truecount="2" falsecount="0"/>
        <line num="66" count="4" type="stmt"/>
        <line num="68" count="5" type="stmt"/>
        <line num="70" count="9" type="stmt"/>
        <line num="71" count="9" type="stmt"/>
        <line num="75" count="58" type="cond" truecount="2" falsecount="0"/>
        <line num="76" count="2" type="stmt"/>
        <line num="80" count="2" type="cond" truecount="1" falsecount="1"/>
        <line num="81" count="2" type="cond" truecount="1" falsecount="1"/>
        <line num="82" count="2" type="cond" truecount="1" falsecount="1"/>
        <line num="83" count="2" type="cond" truecount="1" falsecount="1"/>
        <line num="85" count="2" type="stmt"/>
        <line num="86" count="2" type="stmt"/>
        <line num="89" count="56" type="cond" truecount="2" falsecount="0"/>
        <line num="90" count="1" type="stmt"/>
        <line num="91" count="1" type="stmt"/>
        <line num="92" count="1" type="stmt"/>
        <line num="96" count="55" type="cond" truecount="2" falsecount="0"/>
        <line num="97" count="1" type="stmt"/>
        <line num="98" count="1" type="stmt"/>
        <line num="99" count="1" type="stmt"/>
        <line num="103" count="54" type="stmt"/>
      </file>
      <file name="formReducer.ts" path="/home/jsmithb117/minesweeper/src/reducers/formReducer.ts">
        <metrics statements="45" coveredstatements="45" conditionals="37" coveredconditionals="29" methods="11" coveredmethods="11"/>
        <line num="17" count="5" type="cond" truecount="1" falsecount="0"/>
        <line num="18" count="224" type="cond" truecount="2" falsecount="0"/>
        <line num="19" count="6" type="stmt"/>
        <line num="20" count="6" type="cond" truecount="1" falsecount="1"/>
        <line num="21" count="6" type="stmt"/>
        <line num="24" count="218" type="cond" truecount="2" falsecount="0"/>
        <line num="25" count="1" type="stmt"/>
        <line num="26" count="1" type="stmt"/>
        <line num="27" count="1" type="stmt"/>
        <line num="30" count="217" type="cond" truecount="2" falsecount="0"/>
        <line num="31" count="1" type="stmt"/>
        <line num="32" count="1" type="cond" truecount="1" falsecount="1"/>
        <line num="33" count="1" type="stmt"/>
        <line num="35" count="1" type="stmt"/>
        <line num="38" count="216" type="cond" truecount="2" falsecount="0"/>
        <line num="39" count="6" type="stmt"/>
        <line num="40" count="6" type="cond" truecount="1" falsecount="1"/>
        <line num="41" count="6" type="stmt"/>
        <line num="44" count="210" type="cond" truecount="2" falsecount="0"/>
        <line num="45" count="6" type="stmt"/>
        <line num="46" count="6" type="cond" truecount="1" falsecount="1"/>
        <line num="47" count="6" type="stmt"/>
        <line num="50" count="204" type="cond" truecount="2" falsecount="0"/>
        <line num="51" count="6" type="stmt"/>
        <line num="52" count="6" type="cond" truecount="1" falsecount="1"/>
        <line num="53" count="6" type="stmt"/>
        <line num="56" count="198" type="cond" truecount="2" falsecount="0"/>
        <line num="57" count="7" type="stmt"/>
        <line num="58" count="7" type="stmt"/>
        <line num="59" count="7" type="stmt"/>
        <line num="62" count="191" type="cond" truecount="2" falsecount="0"/>
        <line num="63" count="4" type="stmt"/>
        <line num="64" count="4" type="cond" truecount="1" falsecount="1"/>
        <line num="65" count="4" type="stmt"/>
        <line num="67" count="4" type="stmt"/>
        <line num="71" count="187" type="cond" truecount="2" falsecount="0"/>
        <line num="72" count="19" type="stmt"/>
        <line num="73" count="19" type="cond" truecount="1" falsecount="1"/>
        <line num="74" count="19" type="stmt"/>
        <line num="77" count="168" type="cond" truecount="2" falsecount="0"/>
        <line num="78" count="2" type="stmt"/>
        <line num="79" count="2" type="cond" truecount="1" falsecount="1"/>
        <line num="80" count="2" type="stmt"/>
        <line num="82" count="2" type="stmt"/>
        <line num="85" count="166" type="stmt"/>
      </file>
      <file name="statsReducer.ts" path="/home/jsmithb117/minesweeper/src/reducers/statsReducer.ts">
        <metrics statements="41" coveredstatements="41" conditionals="19" coveredconditionals="19" methods="9" coveredmethods="9"/>
        <line num="16" count="5" type="cond" truecount="1" falsecount="0"/>
        <line num="17" count="230" type="cond" truecount="2" falsecount="0"/>
        <line num="18" count="41" type="stmt"/>
        <line num="20" count="189" type="cond" truecount="2" falsecount="0"/>
        <line num="21" count="1" type="stmt"/>
        <line num="22" count="1" type="stmt"/>
        <line num="23" count="1" type="stmt"/>
        <line num="24" count="1" type="stmt"/>
        <line num="25" count="1" type="stmt"/>
        <line num="26" count="1" type="stmt"/>
        <line num="27" count="1" type="stmt"/>
        <line num="28" count="1" type="stmt"/>
        <line num="31" count="188" type="cond" truecount="2" falsecount="0"/>
        <line num="32" count="1" type="stmt"/>
        <line num="33" count="1" type="stmt"/>
        <line num="34" count="1" type="stmt"/>
        <line num="37" count="187" type="cond" truecount="2" falsecount="0"/>
        <line num="38" count="1" type="stmt"/>
        <line num="39" count="1" type="stmt"/>
        <line num="40" count="1" type="stmt"/>
        <line num="43" count="186" type="cond" truecount="2" falsecount="0"/>
        <line num="44" count="1" type="stmt"/>
        <line num="45" count="1" type="stmt"/>
        <line num="46" count="1" type="stmt"/>
        <line num="49" count="185" type="cond" truecount="2" falsecount="0"/>
        <line num="50" count="1" type="stmt"/>
        <line num="51" count="1" type="stmt"/>
        <line num="52" count="1" type="stmt"/>
        <line num="55" count="184" type="cond" truecount="2" falsecount="0"/>
        <line num="56" count="1" type="stmt"/>
        <line num="57" count="1" type="stmt"/>
        <line num="58" count="1" type="stmt"/>
        <line num="61" count="183" type="cond" truecount="2" falsecount="0"/>
        <line num="62" count="1" type="stmt"/>
        <line num="63" count="1" type="stmt"/>
        <line num="64" count="1" type="stmt"/>
        <line num="67" count="182" type="cond" truecount="2" falsecount="0"/>
        <line num="68" count="1" type="stmt"/>
        <line num="69" count="1" type="stmt"/>
        <line num="70" count="1" type="stmt"/>
        <line num="74" count="181" type="stmt"/>
      </file>
    </package>
  </project>
</coverage>
