<?xml version="1.0" encoding="UTF-8"?>
<coverage generated="1634232141678" clover="3.2.0">
  <project timestamp="1634232141679" name="All files">
    <metrics statements="372" coveredstatements="364" conditionals="246" coveredconditionals="233" methods="99" coveredmethods="93" elements="717" coveredelements="690" complexity="0" loc="372" ncloc="372" packages="3" files="17" classes="17"/>
    <package name="src">
      <metrics statements="22" coveredstatements="21" conditionals="13" coveredconditionals="13" methods="13" coveredmethods="11"/>
      <file name="App.tsx" path="/home/jsmithb117/minesweeper/src/App.tsx">
        <metrics statements="22" coveredstatements="21" conditionals="13" coveredconditionals="13" methods="13" coveredmethods="11"/>
        <line num="11" count="50" type="stmt"/>
        <line num="12" count="141" type="stmt"/>
        <line num="13" count="141" type="stmt"/>
        <line num="14" count="141" type="stmt"/>
        <line num="15" count="141" type="stmt"/>
        <line num="16" count="141" type="stmt"/>
        <line num="17" count="141" type="stmt"/>
        <line num="19" count="50" type="stmt"/>
        <line num="21" count="50" type="cond" truecount="2" falsecount="0"/>
        <line num="26" count="50" type="stmt"/>
        <line num="28" count="50" type="stmt"/>
        <line num="29" count="18" type="stmt"/>
        <line num="32" count="50" type="stmt"/>
        <line num="33" count="25" type="cond" truecount="5" falsecount="0"/>
        <line num="34" count="19" type="stmt"/>
        <line num="35" count="0" type="stmt"/>
        <line num="37" count="19" type="stmt"/>
        <line num="41" count="50" type="stmt"/>
        <line num="42" count="18" type="cond" truecount="2" falsecount="0"/>
        <line num="43" count="3" type="stmt"/>
        <line num="44" count="3" type="stmt"/>
        <line num="48" count="50" type="stmt"/>
      </file>
    </package>
    <package name="src.components">
      <metrics statements="94" coveredstatements="92" conditionals="18" coveredconditionals="18" methods="36" coveredmethods="34"/>
      <file name="Display.tsx" path="/home/jsmithb117/minesweeper/src/components/Display.tsx">
        <metrics statements="14" coveredstatements="14" conditionals="0" coveredconditionals="0" methods="7" coveredmethods="7"/>
        <line num="5" count="2" type="stmt"/>
        <line num="6" count="198" type="stmt"/>
        <line num="7" count="200" type="stmt"/>
        <line num="8" count="200" type="stmt"/>
        <line num="9" count="110" type="stmt"/>
        <line num="11" count="110" type="stmt"/>
        <line num="12" count="1" type="stmt"/>
        <line num="13" count="1" type="stmt"/>
        <line num="14" count="1" type="stmt"/>
        <line num="17" count="110" type="stmt"/>
        <line num="18" count="1" type="stmt"/>
        <line num="20" count="110" type="stmt"/>
        <line num="21" count="2" type="stmt"/>
        <line num="24" count="110" type="stmt"/>
      </file>
      <file name="Form.tsx" path="/home/jsmithb117/minesweeper/src/components/Form.tsx">
        <metrics statements="42" coveredstatements="42" conditionals="8" coveredconditionals="8" methods="9" coveredmethods="9"/>
        <line num="9" count="3" type="stmt"/>
        <line num="10" count="76" type="stmt"/>
        <line num="11" count="76" type="stmt"/>
        <line num="12" count="76" type="stmt"/>
        <line num="13" count="76" type="stmt"/>
        <line num="14" count="76" type="stmt"/>
        <line num="15" count="76" type="stmt"/>
        <line num="17" count="76" type="stmt"/>
        <line num="18" count="76" type="stmt"/>
        <line num="19" count="76" type="stmt"/>
        <line num="20" count="76" type="stmt"/>
        <line num="28" count="76" type="stmt"/>
        <line num="29" count="5" type="stmt"/>
        <line num="31" count="5" type="stmt"/>
        <line num="32" count="5" type="stmt"/>
        <line num="33" count="5" type="stmt"/>
        <line num="35" count="76" type="stmt"/>
        <line num="36" count="5" type="stmt"/>
        <line num="37" count="5" type="cond" truecount="2" falsecount="0"/>
        <line num="38" count="2" type="stmt"/>
        <line num="39" count="2" type="stmt"/>
        <line num="40" count="2" type="stmt"/>
        <line num="42" count="5" type="cond" truecount="2" falsecount="0"/>
        <line num="43" count="1" type="stmt"/>
        <line num="44" count="1" type="stmt"/>
        <line num="45" count="1" type="stmt"/>
        <line num="47" count="5" type="cond" truecount="2" falsecount="0"/>
        <line num="48" count="1" type="stmt"/>
        <line num="49" count="1" type="stmt"/>
        <line num="50" count="1" type="stmt"/>
        <line num="52" count="5" type="cond" truecount="2" falsecount="0"/>
        <line num="53" count="1" type="stmt"/>
        <line num="54" count="1" type="stmt"/>
        <line num="55" count="1" type="stmt"/>
        <line num="57" count="5" type="stmt"/>
        <line num="59" count="76" type="stmt"/>
        <line num="61" count="5" type="stmt"/>
        <line num="69" count="2" type="stmt"/>
        <line num="81" count="1" type="stmt"/>
        <line num="129" count="1" type="stmt"/>
        <line num="141" count="1" type="stmt"/>
        <line num="153" count="1" type="stmt"/>
      </file>
      <file name="Piece.tsx" path="/home/jsmithb117/minesweeper/src/components/Piece.tsx">
        <metrics statements="27" coveredstatements="25" conditionals="10" coveredconditionals="10" methods="13" coveredmethods="11"/>
        <line num="25" count="2" type="stmt"/>
        <line num="26" count="12400" type="stmt"/>
        <line num="27" count="20400" type="stmt"/>
        <line num="28" count="20400" type="stmt"/>
        <line num="29" count="20400" type="stmt"/>
        <line num="30" count="20400" type="stmt"/>
        <line num="32" count="12400" type="stmt"/>
        <line num="33" count="107" type="stmt"/>
        <line num="36" count="12400" type="stmt"/>
        <line num="37" count="11" type="cond" truecount="2" falsecount="0"/>
        <line num="38" count="7" type="stmt"/>
        <line num="40" count="4" type="stmt"/>
        <line num="42" count="11" type="stmt"/>
        <line num="45" count="12400" type="stmt"/>
        <line num="47" count="12400" type="cond" truecount="2" falsecount="0"/>
        <line num="48" count="200" type="stmt"/>
        <line num="54" count="12200" type="cond" truecount="2" falsecount="0"/>
        <line num="55" count="1134" type="stmt"/>
        <line num="56" count="1" type="stmt"/>
        <line num="57" count="7" type="stmt"/>
        <line num="64" count="11066" type="cond" truecount="4" falsecount="0"/>
        <line num="65" count="6" type="stmt"/>
        <line num="66" count="0" type="stmt"/>
        <line num="67" count="0" type="stmt"/>
        <line num="75" count="11060" type="stmt"/>
        <line num="76" count="106" type="stmt"/>
        <line num="77" count="4" type="stmt"/>
      </file>
      <file name="Row.tsx" path="/home/jsmithb117/minesweeper/src/components/Row.tsx">
        <metrics statements="4" coveredstatements="4" conditionals="0" coveredconditionals="0" methods="2" coveredmethods="2"/>
        <line num="10" count="2" type="stmt"/>
        <line num="11" count="1240" type="stmt"/>
        <line num="12" count="12400" type="stmt"/>
        <line num="17" count="1240" type="stmt"/>
      </file>
      <file name="Rows.tsx" path="/home/jsmithb117/minesweeper/src/components/Rows.tsx">
        <metrics statements="7" coveredstatements="7" conditionals="0" coveredconditionals="0" methods="5" coveredmethods="5"/>
        <line num="4" count="2" type="stmt"/>
        <line num="5" count="203" type="stmt"/>
        <line num="6" count="204" type="stmt"/>
        <line num="7" count="204" type="stmt"/>
        <line num="8" count="124" type="stmt"/>
        <line num="9" count="1240" type="stmt"/>
        <line num="14" count="124" type="stmt"/>
      </file>
    </package>
    <package name="src.features">
      <metrics statements="256" coveredstatements="251" conditionals="215" coveredconditionals="202" methods="50" coveredmethods="48"/>
      <file name="actionCreators.ts" path="/home/jsmithb117/minesweeper/src/features/actionCreators.ts">
        <metrics statements="74" coveredstatements="74" conditionals="15" coveredconditionals="10" methods="17" coveredmethods="17"/>
        <line num="3" count="4" type="stmt"/>
        <line num="4" count="4" type="stmt"/>
        <line num="5" count="4" type="stmt"/>
        <line num="6" count="4" type="stmt"/>
        <line num="7" count="4" type="stmt"/>
        <line num="8" count="4" type="stmt"/>
        <line num="9" count="4" type="stmt"/>
        <line num="10" count="4" type="stmt"/>
        <line num="11" count="4" type="stmt"/>
        <line num="12" count="4" type="stmt"/>
        <line num="13" count="4" type="stmt"/>
        <line num="14" count="4" type="stmt"/>
        <line num="15" count="4" type="stmt"/>
        <line num="16" count="4" type="stmt"/>
        <line num="17" count="4" type="stmt"/>
        <line num="18" count="4" type="stmt"/>
        <line num="40" count="4" type="stmt"/>
        <line num="41" count="1" type="stmt"/>
        <line num="44" count="1" type="stmt"/>
        <line num="47" count="4" type="stmt"/>
        <line num="48" count="6" type="stmt"/>
        <line num="52" count="6" type="stmt"/>
        <line num="55" count="4" type="stmt"/>
        <line num="56" count="6" type="stmt"/>
        <line num="60" count="6" type="stmt"/>
        <line num="63" count="4" type="stmt"/>
        <line num="64" count="6" type="stmt"/>
        <line num="68" count="6" type="stmt"/>
        <line num="71" count="4" type="cond" truecount="0" falsecount="3"/>
        <line num="80" count="4" type="stmt"/>
        <line num="84" count="4" type="stmt"/>
        <line num="87" count="4" type="stmt"/>
        <line num="89" count="1" type="stmt"/>
        <line num="93" count="1" type="stmt"/>
        <line num="96" count="4" type="stmt"/>
        <line num="98" count="1" type="stmt"/>
        <line num="102" count="1" type="stmt"/>
        <line num="105" count="4" type="stmt"/>
        <line num="107" count="7" type="stmt"/>
        <line num="111" count="7" type="stmt"/>
        <line num="114" count="4" type="stmt"/>
        <line num="115" count="4" type="stmt"/>
        <line num="120" count="4" type="stmt"/>
        <line num="123" count="4" type="cond" truecount="0" falsecount="1"/>
        <line num="124" count="19" type="stmt"/>
        <line num="128" count="19" type="stmt"/>
        <line num="130" count="4" type="stmt"/>
        <line num="131" count="1" type="stmt"/>
        <line num="134" count="1" type="stmt"/>
        <line num="136" count="4" type="stmt"/>
        <line num="138" count="3" type="stmt"/>
        <line num="142" count="3" type="stmt"/>
        <line num="145" count="4" type="stmt"/>
        <line num="146" count="120" type="stmt"/>
        <line num="147" count="120" type="stmt"/>
        <line num="148" count="120" type="stmt"/>
        <line num="149" count="120" type="stmt"/>
        <line num="150" count="120" type="stmt"/>
        <line num="151" count="120" type="cond" truecount="5" falsecount="0"/>
        <line num="152" count="120" type="stmt"/>
        <line num="156" count="120" type="cond" truecount="4" falsecount="0"/>
        <line num="157" count="108" type="stmt"/>
        <line num="158" count="108" type="stmt"/>
        <line num="160" count="12" type="cond" truecount="1" falsecount="1"/>
        <line num="161" count="12" type="stmt"/>
        <line num="163" count="12" type="stmt"/>
        <line num="166" count="4" type="stmt"/>
        <line num="167" count="1" type="stmt"/>
        <line num="170" count="1" type="stmt"/>
        <line num="173" count="4" type="stmt"/>
        <line num="174" count="2" type="stmt"/>
        <line num="177" count="2" type="stmt"/>
        <line num="180" count="108" type="stmt"/>
        <line num="182" count="12" type="stmt"/>
      </file>
      <file name="boardCreator.ts" path="/home/jsmithb117/minesweeper/src/features/boardCreator.ts">
        <metrics statements="37" coveredstatements="37" conditionals="24" coveredconditionals="20" methods="8" coveredmethods="8"/>
        <line num="13" count="4" type="stmt"/>
        <line num="22" count="4" type="cond" truecount="0" falsecount="4"/>
        <line num="23" count="12" type="stmt"/>
        <line num="25" count="12" type="cond" truecount="2" falsecount="0"/>
        <line num="26" count="5" type="stmt"/>
        <line num="27" count="5" type="stmt"/>
        <line num="28" count="50" type="stmt"/>
        <line num="29" count="500" type="cond" truecount="4" falsecount="0"/>
        <line num="30" count="45" type="stmt"/>
        <line num="32" count="455" type="cond" truecount="2" falsecount="0"/>
        <line num="33" count="50" type="stmt"/>
        <line num="35" count="405" type="cond" truecount="4" falsecount="0"/>
        <line num="36" count="5" type="stmt"/>
        <line num="38" count="400" type="stmt"/>
        <line num="43" count="7" type="stmt"/>
        <line num="44" count="7" type="stmt"/>
        <line num="45" count="700" type="stmt"/>
        <line num="48" count="7" type="stmt"/>
        <line num="49" count="7" type="stmt"/>
        <line num="50" count="74" type="stmt"/>
        <line num="51" count="74" type="stmt"/>
        <line num="52" count="74" type="cond" truecount="2" falsecount="0"/>
        <line num="53" count="70" type="stmt"/>
        <line num="54" count="70" type="stmt"/>
        <line num="59" count="12" type="stmt"/>
        <line num="60" count="120" type="stmt"/>
        <line num="61" count="1200" type="stmt"/>
        <line num="64" count="12" type="stmt"/>
        <line num="67" count="4" type="stmt"/>
        <line num="68" count="1200" type="stmt"/>
        <line num="69" count="1200" type="stmt"/>
        <line num="70" count="3600" type="stmt"/>
        <line num="71" count="10800" type="cond" truecount="4" falsecount="0"/>
        <line num="72" count="9408" type="stmt"/>
        <line num="73" count="9408" type="cond" truecount="2" falsecount="0"/>
        <line num="74" count="862" type="stmt"/>
        <line num="78" count="1200" type="stmt"/>
      </file>
      <file name="buttonColor.ts" path="/home/jsmithb117/minesweeper/src/features/buttonColor.ts">
        <metrics statements="2" coveredstatements="2" conditionals="18" coveredconditionals="18" methods="1" coveredmethods="1"/>
        <line num="3" count="3" type="stmt"/>
        <line num="4" count="1872" type="cond" truecount="2" falsecount="0"/>
      </file>
      <file name="checkWin.ts" path="/home/jsmithb117/minesweeper/src/features/checkWin.ts">
        <metrics statements="6" coveredstatements="6" conditionals="4" coveredconditionals="4" methods="1" coveredmethods="1"/>
        <line num="3" count="3" type="stmt"/>
        <line num="4" count="36" type="stmt"/>
        <line num="5" count="100" type="stmt"/>
        <line num="6" count="799" type="cond" truecount="4" falsecount="0"/>
        <line num="7" count="34" type="stmt"/>
        <line num="11" count="2" type="stmt"/>
      </file>
      <file name="clickReducer.ts" path="/home/jsmithb117/minesweeper/src/features/clickReducer.ts">
        <metrics statements="50" coveredstatements="50" conditionals="43" coveredconditionals="42" methods="8" coveredmethods="8"/>
        <line num="23" count="3" type="cond" truecount="1" falsecount="0"/>
        <line num="24" count="210" type="cond" truecount="2" falsecount="0"/>
        <line num="25" count="3" type="stmt"/>
        <line num="26" count="3" type="stmt"/>
        <line num="27" count="3" type="stmt"/>
        <line num="31" count="207" type="cond" truecount="2" falsecount="0"/>
        <line num="32" count="1" type="stmt"/>
        <line num="33" count="1" type="stmt"/>
        <line num="34" count="1" type="stmt"/>
        <line num="35" count="1" type="stmt"/>
        <line num="39" count="206" type="cond" truecount="4" falsecount="0"/>
        <line num="40" count="72" type="stmt"/>
        <line num="53" count="134" type="cond" truecount="2" falsecount="0"/>
        <line num="54" count="134" type="cond" truecount="2" falsecount="0"/>
        <line num="55" count="134" type="cond" truecount="2" falsecount="0"/>
        <line num="57" count="134" type="cond" truecount="2" falsecount="0"/>
        <line num="58" count="39" type="stmt"/>
        <line num="59" count="39" type="cond" truecount="4" falsecount="0"/>
        <line num="60" count="28" type="stmt"/>
        <line num="62" count="39" type="cond" truecount="4" falsecount="0"/>
        <line num="63" count="3" type="stmt"/>
        <line num="64" count="3" type="cond" truecount="4" falsecount="0"/>
        <line num="65" count="3" type="stmt"/>
        <line num="66" count="36" type="cond" truecount="2" falsecount="0"/>
        <line num="67" count="2" type="stmt"/>
        <line num="68" count="2" type="stmt"/>
        <line num="72" count="95" type="cond" truecount="2" falsecount="0"/>
        <line num="73" count="9" type="stmt"/>
        <line num="74" count="9" type="cond" truecount="1" falsecount="1"/>
        <line num="75" count="9" type="cond" truecount="2" falsecount="0"/>
        <line num="76" count="4" type="stmt"/>
        <line num="78" count="5" type="stmt"/>
        <line num="80" count="9" type="stmt"/>
        <line num="81" count="9" type="stmt"/>
        <line num="85" count="86" type="cond" truecount="2" falsecount="0"/>
        <line num="86" count="3" type="stmt"/>
        <line num="87" count="3" type="stmt"/>
        <line num="88" count="3" type="stmt"/>
        <line num="89" count="3" type="stmt"/>
        <line num="90" count="3" type="stmt"/>
        <line num="91" count="3" type="stmt"/>
        <line num="94" count="83" type="cond" truecount="2" falsecount="0"/>
        <line num="95" count="1" type="stmt"/>
        <line num="96" count="1" type="stmt"/>
        <line num="97" count="1" type="stmt"/>
        <line num="101" count="82" type="cond" truecount="2" falsecount="0"/>
        <line num="102" count="1" type="stmt"/>
        <line num="103" count="1" type="stmt"/>
        <line num="104" count="1" type="stmt"/>
        <line num="108" count="81" type="stmt"/>
      </file>
      <file name="displayValue.ts" path="/home/jsmithb117/minesweeper/src/features/displayValue.ts">
        <metrics statements="4" coveredstatements="4" conditionals="4" coveredconditionals="4" methods="1" coveredmethods="1"/>
        <line num="3" count="2" type="stmt"/>
        <line num="4" count="11060" type="cond" truecount="4" falsecount="0"/>
        <line num="5" count="1862" type="stmt"/>
        <line num="7" count="9198" type="stmt"/>
      </file>
      <file name="formReducer.ts" path="/home/jsmithb117/minesweeper/src/features/formReducer.ts">
        <metrics statements="37" coveredstatements="32" conditionals="19" coveredconditionals="17" methods="10" coveredmethods="8"/>
        <line num="16" count="3" type="cond" truecount="1" falsecount="0"/>
        <line num="17" count="210" type="cond" truecount="1" falsecount="1"/>
        <line num="18" count="0" type="stmt"/>
        <line num="19" count="0" type="stmt"/>
        <line num="20" count="0" type="stmt"/>
        <line num="23" count="210" type="cond" truecount="1" falsecount="1"/>
        <line num="24" count="0" type="stmt"/>
        <line num="25" count="0" type="stmt"/>
        <line num="28" count="210" type="cond" truecount="2" falsecount="0"/>
        <line num="29" count="5" type="stmt"/>
        <line num="30" count="5" type="stmt"/>
        <line num="31" count="5" type="stmt"/>
        <line num="34" count="205" type="cond" truecount="2" falsecount="0"/>
        <line num="35" count="5" type="stmt"/>
        <line num="36" count="5" type="stmt"/>
        <line num="37" count="5" type="stmt"/>
        <line num="40" count="200" type="cond" truecount="2" falsecount="0"/>
        <line num="41" count="5" type="stmt"/>
        <line num="42" count="5" type="stmt"/>
        <line num="43" count="5" type="stmt"/>
        <line num="46" count="195" type="cond" truecount="2" falsecount="0"/>
        <line num="47" count="7" type="stmt"/>
        <line num="48" count="7" type="stmt"/>
        <line num="49" count="7" type="stmt"/>
        <line num="52" count="188" type="cond" truecount="2" falsecount="0"/>
        <line num="53" count="4" type="stmt"/>
        <line num="54" count="4" type="stmt"/>
        <line num="55" count="4" type="stmt"/>
        <line num="59" count="184" type="cond" truecount="2" falsecount="0"/>
        <line num="60" count="19" type="stmt"/>
        <line num="61" count="19" type="stmt"/>
        <line num="62" count="19" type="stmt"/>
        <line num="65" count="165" type="cond" truecount="2" falsecount="0"/>
        <line num="66" count="2" type="stmt"/>
        <line num="67" count="2" type="stmt"/>
        <line num="68" count="2" type="stmt"/>
        <line num="71" count="163" type="stmt"/>
      </file>
      <file name="hooks.ts" path="/home/jsmithb117/minesweeper/src/features/hooks.ts">
        <metrics statements="2" coveredstatements="2" conditionals="0" coveredconditionals="0" methods="1" coveredmethods="1"/>
        <line num="4" count="12450" type="stmt"/>
        <line num="5" count="2" type="stmt"/>
      </file>
      <file name="initialState.ts" path="/home/jsmithb117/minesweeper/src/features/initialState.ts">
        <metrics statements="4" coveredstatements="4" conditionals="4" coveredconditionals="4" methods="1" coveredmethods="1"/>
        <line num="25" count="4" type="stmt"/>
        <line num="30" count="8" type="stmt"/>
        <line num="31" count="8" type="stmt"/>
        <line num="48" count="8" type="stmt"/>
      </file>
      <file name="pieceClass.ts" path="/home/jsmithb117/minesweeper/src/features/pieceClass.ts">
        <metrics statements="11" coveredstatements="11" conditionals="12" coveredconditionals="12" methods="1" coveredmethods="1"/>
        <line num="4" count="3" type="stmt"/>
        <line num="5" count="12613" type="stmt"/>
        <line num="7" count="12613" type="cond" truecount="2" falsecount="0"/>
        <line num="8" count="10740" type="stmt"/>
        <line num="10" count="12613" type="cond" truecount="4" falsecount="0"/>
        <line num="11" count="1270" type="stmt"/>
        <line num="13" count="12613" type="cond" truecount="2" falsecount="0"/>
        <line num="14" count="6" type="stmt"/>
        <line num="16" count="12613" type="cond" truecount="4" falsecount="0"/>
        <line num="17" count="1872" type="stmt"/>
        <line num="19" count="12613" type="stmt"/>
      </file>
      <file name="zeroFinder.ts" path="/home/jsmithb117/minesweeper/src/features/zeroFinder.ts">
        <metrics statements="29" coveredstatements="29" conditionals="72" coveredconditionals="71" methods="1" coveredmethods="1"/>
        <line num="4" count="3" type="stmt"/>
        <line num="5" count="232" type="cond" truecount="2" falsecount="0"/>
        <line num="6" count="229" type="stmt"/>
        <line num="9" count="232" type="cond" truecount="2" falsecount="0"/>
        <line num="14" count="183" type="cond" truecount="4" falsecount="0"/>
        <line num="15" count="183" type="cond" truecount="3" falsecount="1"/>
        <line num="16" count="183" type="cond" truecount="4" falsecount="0"/>
        <line num="18" count="183" type="cond" truecount="2" falsecount="0"/>
        <line num="19" count="183" type="cond" truecount="2" falsecount="0"/>
        <line num="21" count="183" type="cond" truecount="4" falsecount="0"/>
        <line num="22" count="183" type="cond" truecount="4" falsecount="0"/>
        <line num="23" count="183" type="cond" truecount="4" falsecount="0"/>
        <line num="26" count="183" type="cond" truecount="5" falsecount="0"/>
        <line num="27" count="28" type="stmt"/>
        <line num="29" count="183" type="cond" truecount="5" falsecount="0"/>
        <line num="30" count="12" type="stmt"/>
        <line num="32" count="183" type="cond" truecount="5" falsecount="0"/>
        <line num="33" count="14" type="stmt"/>
        <line num="35" count="183" type="cond" truecount="5" falsecount="0"/>
        <line num="36" count="57" type="stmt"/>
        <line num="38" count="183" type="cond" truecount="5" falsecount="0"/>
        <line num="39" count="39" type="stmt"/>
        <line num="41" count="183" type="cond" truecount="5" falsecount="0"/>
        <line num="42" count="26" type="stmt"/>
        <line num="44" count="183" type="cond" truecount="5" falsecount="0"/>
        <line num="45" count="24" type="stmt"/>
        <line num="47" count="183" type="cond" truecount="5" falsecount="0"/>
        <line num="48" count="4" type="stmt"/>
        <line num="51" count="232" type="stmt"/>
      </file>
    </package>
  </project>
</coverage>
