{"/home/jsmithb117/minesweeper/src/App.tsx": {"path":"/home/jsmithb117/minesweeper/src/App.tsx","statementMap":{"0":{"start":{"line":11,"column":2},"end":{"line":11,"column":76}},"1":{"start":{"line":11,"column":52},"end":{"line":11,"column":74}},"2":{"start":{"line":12,"column":14},"end":{"line":12,"column":58}},"3":{"start":{"line":12,"column":40},"end":{"line":12,"column":57}},"4":{"start":{"line":13,"column":15},"end":{"line":13,"column":60}},"5":{"start":{"line":13,"column":41},"end":{"line":13,"column":59}},"6":{"start":{"line":14,"column":17},"end":{"line":14,"column":62}},"7":{"start":{"line":14,"column":43},"end":{"line":14,"column":61}},"8":{"start":{"line":15,"column":16},"end":{"line":15,"column":60}},"9":{"start":{"line":15,"column":42},"end":{"line":15,"column":59}},"10":{"start":{"line":16,"column":16},"end":{"line":16,"column":60}},"11":{"start":{"line":16,"column":42},"end":{"line":16,"column":59}},"12":{"start":{"line":17,"column":17},"end":{"line":17,"column":62}},"13":{"start":{"line":17,"column":43},"end":{"line":17,"column":61}},"14":{"start":{"line":19,"column":19},"end":{"line":19,"column":35}},"15":{"start":{"line":21,"column":21},"end":{"line":24,"column":13}},"16":{"start":{"line":26,"column":20},"end":{"line":26,"column":56}},"17":{"start":{"line":28,"column":2},"end":{"line":30,"column":24}},"18":{"start":{"line":29,"column":4},"end":{"line":29,"column":37}},"19":{"start":{"line":32,"column":2},"end":{"line":39,"column":5}},"20":{"start":{"line":33,"column":4},"end":{"line":38,"column":5}},"21":{"start":{"line":34,"column":27},"end":{"line":36,"column":14}},"22":{"start":{"line":35,"column":8},"end":{"line":35,"column":34}},"23":{"start":{"line":37,"column":6},"end":{"line":37,"column":47}},"24":{"start":{"line":37,"column":19},"end":{"line":37,"column":46}},"25":{"start":{"line":41,"column":2},"end":{"line":46,"column":51}},"26":{"start":{"line":42,"column":4},"end":{"line":45,"column":5}},"27":{"start":{"line":43,"column":6},"end":{"line":43,"column":53}},"28":{"start":{"line":44,"column":6},"end":{"line":44,"column":38}},"29":{"start":{"line":48,"column":2},"end":{"line":65,"column":4}}},"fnMap":{"0":{"name":"App","decl":{"start":{"line":10,"column":9},"end":{"line":10,"column":12}},"loc":{"start":{"line":10,"column":39},"end":{"line":66,"column":1}},"line":10},"1":{"name":"(anonymous_1)","decl":{"start":{"line":11,"column":43},"end":{"line":11,"column":44}},"loc":{"start":{"line":11,"column":52},"end":{"line":11,"column":74}},"line":11},"2":{"name":"(anonymous_2)","decl":{"start":{"line":12,"column":29},"end":{"line":12,"column":30}},"loc":{"start":{"line":12,"column":40},"end":{"line":12,"column":57}},"line":12},"3":{"name":"(anonymous_3)","decl":{"start":{"line":13,"column":30},"end":{"line":13,"column":31}},"loc":{"start":{"line":13,"column":41},"end":{"line":13,"column":59}},"line":13},"4":{"name":"(anonymous_4)","decl":{"start":{"line":14,"column":32},"end":{"line":14,"column":33}},"loc":{"start":{"line":14,"column":43},"end":{"line":14,"column":61}},"line":14},"5":{"name":"(anonymous_5)","decl":{"start":{"line":15,"column":31},"end":{"line":15,"column":32}},"loc":{"start":{"line":15,"column":42},"end":{"line":15,"column":59}},"line":15},"6":{"name":"(anonymous_6)","decl":{"start":{"line":16,"column":31},"end":{"line":16,"column":32}},"loc":{"start":{"line":16,"column":42},"end":{"line":16,"column":59}},"line":16},"7":{"name":"(anonymous_7)","decl":{"start":{"line":17,"column":32},"end":{"line":17,"column":33}},"loc":{"start":{"line":17,"column":43},"end":{"line":17,"column":61}},"line":17},"8":{"name":"(anonymous_8)","decl":{"start":{"line":28,"column":12},"end":{"line":28,"column":13}},"loc":{"start":{"line":28,"column":18},"end":{"line":30,"column":3}},"line":28},"9":{"name":"(anonymous_9)","decl":{"start":{"line":32,"column":12},"end":{"line":32,"column":13}},"loc":{"start":{"line":32,"column":18},"end":{"line":39,"column":3}},"line":32},"10":{"name":"(anonymous_10)","decl":{"start":{"line":34,"column":39},"end":{"line":34,"column":40}},"loc":{"start":{"line":34,"column":45},"end":{"line":36,"column":7}},"line":34},"11":{"name":"(anonymous_11)","decl":{"start":{"line":37,"column":13},"end":{"line":37,"column":14}},"loc":{"start":{"line":37,"column":19},"end":{"line":37,"column":46}},"line":37},"12":{"name":"(anonymous_12)","decl":{"start":{"line":41,"column":12},"end":{"line":41,"column":13}},"loc":{"start":{"line":41,"column":18},"end":{"line":46,"column":3}},"line":41}},"branchMap":{"0":{"loc":{"start":{"line":21,"column":21},"end":{"line":24,"column":13}},"type":"cond-expr","locations":[{"start":{"line":21,"column":27},"end":{"line":21,"column":34}},{"start":{"line":22,"column":6},"end":{"line":24,"column":13}}],"line":21},"1":{"loc":{"start":{"line":22,"column":6},"end":{"line":24,"column":13}},"type":"cond-expr","locations":[{"start":{"line":22,"column":13},"end":{"line":22,"column":18}},{"start":{"line":23,"column":6},"end":{"line":24,"column":13}}],"line":22},"2":{"loc":{"start":{"line":23,"column":6},"end":{"line":24,"column":13}},"type":"cond-expr","locations":[{"start":{"line":23,"column":15},"end":{"line":23,"column":21}},{"start":{"line":24,"column":6},"end":{"line":24,"column":13}}],"line":23},"3":{"loc":{"start":{"line":33,"column":4},"end":{"line":38,"column":5}},"type":"if","locations":[{"start":{"line":33,"column":4},"end":{"line":38,"column":5}},{"start":{"line":33,"column":4},"end":{"line":38,"column":5}}],"line":33},"4":{"loc":{"start":{"line":33,"column":8},"end":{"line":33,"column":32}},"type":"binary-expr","locations":[{"start":{"line":33,"column":8},"end":{"line":33,"column":13}},{"start":{"line":33,"column":17},"end":{"line":33,"column":21}},{"start":{"line":33,"column":25},"end":{"line":33,"column":32}}],"line":33},"5":{"loc":{"start":{"line":42,"column":4},"end":{"line":45,"column":5}},"type":"if","locations":[{"start":{"line":42,"column":4},"end":{"line":45,"column":5}},{"start":{"line":42,"column":4},"end":{"line":45,"column":5}}],"line":42}},"s":{"0":50,"1":0,"2":50,"3":141,"4":50,"5":141,"6":50,"7":141,"8":50,"9":141,"10":50,"11":141,"12":50,"13":141,"14":50,"15":50,"16":50,"17":50,"18":18,"19":50,"20":25,"21":19,"22":0,"23":19,"24":6,"25":50,"26":18,"27":3,"28":3,"29":50},"f":{"0":50,"1":0,"2":141,"3":141,"4":141,"5":141,"6":141,"7":141,"8":18,"9":25,"10":0,"11":6,"12":18},"b":{"0":[4,46],"1":[6,40],"2":[2,38],"3":[19,6],"4":[25,22,20],"5":[3,15]},"_coverageSchema":"1a1c01bbd47fc00a2c39e90264f33305004495a9","hash":"405e542b597e59ae3f5aed841e2c9ac6ffb0a4dd"}
,"/home/jsmithb117/minesweeper/src/components/Display.tsx": {"path":"/home/jsmithb117/minesweeper/src/components/Display.tsx","statementMap":{"0":{"start":{"line":5,"column":16},"end":{"line":48,"column":1}},"1":{"start":{"line":6,"column":23},"end":{"line":6,"column":75}},"2":{"start":{"line":6,"column":49},"end":{"line":6,"column":74}},"3":{"start":{"line":7,"column":16},"end":{"line":7,"column":61}},"4":{"start":{"line":7,"column":42},"end":{"line":7,"column":60}},"5":{"start":{"line":8,"column":15},"end":{"line":8,"column":59}},"6":{"start":{"line":8,"column":41},"end":{"line":8,"column":58}},"7":{"start":{"line":9,"column":19},"end":{"line":9,"column":32}},"8":{"start":{"line":11,"column":29},"end":{"line":15,"column":3}},"9":{"start":{"line":12,"column":4},"end":{"line":12,"column":28}},"10":{"start":{"line":13,"column":4},"end":{"line":13,"column":29}},"11":{"start":{"line":14,"column":4},"end":{"line":14,"column":37}},"12":{"start":{"line":17,"column":27},"end":{"line":19,"column":3}},"13":{"start":{"line":18,"column":4},"end":{"line":18,"column":26}},"14":{"start":{"line":20,"column":23},"end":{"line":22,"column":3}},"15":{"start":{"line":21,"column":4},"end":{"line":21,"column":22}},"16":{"start":{"line":24,"column":2},"end":{"line":47,"column":4}}},"fnMap":{"0":{"name":"(anonymous_0)","decl":{"start":{"line":5,"column":16},"end":{"line":5,"column":17}},"loc":{"start":{"line":5,"column":22},"end":{"line":48,"column":1}},"line":5},"1":{"name":"(anonymous_1)","decl":{"start":{"line":6,"column":38},"end":{"line":6,"column":39}},"loc":{"start":{"line":6,"column":49},"end":{"line":6,"column":74}},"line":6},"2":{"name":"(anonymous_2)","decl":{"start":{"line":7,"column":31},"end":{"line":7,"column":32}},"loc":{"start":{"line":7,"column":42},"end":{"line":7,"column":60}},"line":7},"3":{"name":"(anonymous_3)","decl":{"start":{"line":8,"column":30},"end":{"line":8,"column":31}},"loc":{"start":{"line":8,"column":41},"end":{"line":8,"column":58}},"line":8},"4":{"name":"(anonymous_4)","decl":{"start":{"line":11,"column":29},"end":{"line":11,"column":30}},"loc":{"start":{"line":11,"column":35},"end":{"line":15,"column":3}},"line":11},"5":{"name":"(anonymous_5)","decl":{"start":{"line":17,"column":27},"end":{"line":17,"column":28}},"loc":{"start":{"line":17,"column":33},"end":{"line":19,"column":3}},"line":17},"6":{"name":"(anonymous_6)","decl":{"start":{"line":20,"column":23},"end":{"line":20,"column":24}},"loc":{"start":{"line":20,"column":29},"end":{"line":22,"column":3}},"line":20}},"branchMap":{},"s":{"0":2,"1":110,"2":198,"3":110,"4":200,"5":110,"6":200,"7":110,"8":110,"9":1,"10":1,"11":1,"12":110,"13":1,"14":110,"15":2,"16":110},"f":{"0":110,"1":198,"2":200,"3":200,"4":1,"5":1,"6":2},"b":{},"_coverageSchema":"1a1c01bbd47fc00a2c39e90264f33305004495a9","hash":"fb6f2251bd7781ee3f0d4a4da76d23549650c2b0"}
,"/home/jsmithb117/minesweeper/src/components/Form.tsx": {"path":"/home/jsmithb117/minesweeper/src/components/Form.tsx","statementMap":{"0":{"start":{"line":9,"column":13},"end":{"line":172,"column":1}},"1":{"start":{"line":10,"column":19},"end":{"line":10,"column":32}},"2":{"start":{"line":11,"column":19},"end":{"line":11,"column":29}},"3":{"start":{"line":12,"column":21},"end":{"line":12,"column":30}},"4":{"start":{"line":13,"column":23},"end":{"line":13,"column":37}},"5":{"start":{"line":14,"column":17},"end":{"line":14,"column":25}},"6":{"start":{"line":15,"column":17},"end":{"line":15,"column":25}},"7":{"start":{"line":17,"column":34},"end":{"line":17,"column":54}},"8":{"start":{"line":18,"column":35},"end":{"line":18,"column":47}},"9":{"start":{"line":19,"column":33},"end":{"line":19,"column":45}},"10":{"start":{"line":20,"column":33},"end":{"line":20,"column":45}},"11":{"start":{"line":28,"column":21},"end":{"line":34,"column":3}},"12":{"start":{"line":29,"column":4},"end":{"line":29,"column":23}},"13":{"start":{"line":31,"column":4},"end":{"line":31,"column":32}},"14":{"start":{"line":32,"column":4},"end":{"line":32,"column":30}},"15":{"start":{"line":33,"column":4},"end":{"line":33,"column":30}},"16":{"start":{"line":35,"column":24},"end":{"line":58,"column":3}},"17":{"start":{"line":36,"column":16},"end":{"line":36,"column":30}},"18":{"start":{"line":37,"column":4},"end":{"line":41,"column":5}},"19":{"start":{"line":38,"column":6},"end":{"line":38,"column":24}},"20":{"start":{"line":39,"column":6},"end":{"line":39,"column":23}},"21":{"start":{"line":40,"column":6},"end":{"line":40,"column":23}},"22":{"start":{"line":42,"column":4},"end":{"line":46,"column":5}},"23":{"start":{"line":43,"column":6},"end":{"line":43,"column":25}},"24":{"start":{"line":44,"column":6},"end":{"line":44,"column":24}},"25":{"start":{"line":45,"column":6},"end":{"line":45,"column":24}},"26":{"start":{"line":47,"column":4},"end":{"line":51,"column":5}},"27":{"start":{"line":48,"column":6},"end":{"line":48,"column":25}},"28":{"start":{"line":49,"column":6},"end":{"line":49,"column":24}},"29":{"start":{"line":50,"column":6},"end":{"line":50,"column":24}},"30":{"start":{"line":52,"column":4},"end":{"line":56,"column":5}},"31":{"start":{"line":53,"column":6},"end":{"line":53,"column":25}},"32":{"start":{"line":54,"column":6},"end":{"line":54,"column":24}},"33":{"start":{"line":55,"column":6},"end":{"line":55,"column":24}},"34":{"start":{"line":57,"column":4},"end":{"line":57,"column":32}},"35":{"start":{"line":59,"column":2},"end":{"line":171,"column":4}},"36":{"start":{"line":61,"column":29},"end":{"line":61,"column":42}},"37":{"start":{"line":69,"column":31},"end":{"line":69,"column":47}},"38":{"start":{"line":81,"column":31},"end":{"line":81,"column":47}},"39":{"start":{"line":129,"column":33},"end":{"line":129,"column":73}},"40":{"start":{"line":141,"column":33},"end":{"line":141,"column":72}},"41":{"start":{"line":153,"column":33},"end":{"line":153,"column":72}}},"fnMap":{"0":{"name":"(anonymous_0)","decl":{"start":{"line":9,"column":13},"end":{"line":9,"column":14}},"loc":{"start":{"line":9,"column":19},"end":{"line":172,"column":1}},"line":9},"1":{"name":"(anonymous_1)","decl":{"start":{"line":28,"column":21},"end":{"line":28,"column":22}},"loc":{"start":{"line":28,"column":58},"end":{"line":34,"column":3}},"line":28},"2":{"name":"(anonymous_2)","decl":{"start":{"line":35,"column":24},"end":{"line":35,"column":25}},"loc":{"start":{"line":35,"column":38},"end":{"line":58,"column":3}},"line":35},"3":{"name":"(anonymous_3)","decl":{"start":{"line":61,"column":22},"end":{"line":61,"column":23}},"loc":{"start":{"line":61,"column":29},"end":{"line":61,"column":42}},"line":61},"4":{"name":"(anonymous_4)","decl":{"start":{"line":69,"column":24},"end":{"line":69,"column":25}},"loc":{"start":{"line":69,"column":31},"end":{"line":69,"column":47}},"line":69},"5":{"name":"(anonymous_5)","decl":{"start":{"line":81,"column":24},"end":{"line":81,"column":25}},"loc":{"start":{"line":81,"column":31},"end":{"line":81,"column":47}},"line":81},"6":{"name":"(anonymous_6)","decl":{"start":{"line":129,"column":26},"end":{"line":129,"column":27}},"loc":{"start":{"line":129,"column":33},"end":{"line":129,"column":73}},"line":129},"7":{"name":"(anonymous_7)","decl":{"start":{"line":141,"column":26},"end":{"line":141,"column":27}},"loc":{"start":{"line":141,"column":33},"end":{"line":141,"column":72}},"line":141},"8":{"name":"(anonymous_8)","decl":{"start":{"line":153,"column":26},"end":{"line":153,"column":27}},"loc":{"start":{"line":153,"column":33},"end":{"line":153,"column":72}},"line":153}},"branchMap":{"0":{"loc":{"start":{"line":37,"column":4},"end":{"line":41,"column":5}},"type":"if","locations":[{"start":{"line":37,"column":4},"end":{"line":41,"column":5}},{"start":{"line":37,"column":4},"end":{"line":41,"column":5}}],"line":37},"1":{"loc":{"start":{"line":42,"column":4},"end":{"line":46,"column":5}},"type":"if","locations":[{"start":{"line":42,"column":4},"end":{"line":46,"column":5}},{"start":{"line":42,"column":4},"end":{"line":46,"column":5}}],"line":42},"2":{"loc":{"start":{"line":47,"column":4},"end":{"line":51,"column":5}},"type":"if","locations":[{"start":{"line":47,"column":4},"end":{"line":51,"column":5}},{"start":{"line":47,"column":4},"end":{"line":51,"column":5}}],"line":47},"3":{"loc":{"start":{"line":52,"column":4},"end":{"line":56,"column":5}},"type":"if","locations":[{"start":{"line":52,"column":4},"end":{"line":56,"column":5}},{"start":{"line":52,"column":4},"end":{"line":56,"column":5}}],"line":52}},"s":{"0":3,"1":76,"2":76,"3":76,"4":76,"5":76,"6":76,"7":76,"8":76,"9":76,"10":76,"11":76,"12":5,"13":5,"14":5,"15":5,"16":76,"17":5,"18":5,"19":2,"20":2,"21":2,"22":5,"23":1,"24":1,"25":1,"26":5,"27":1,"28":1,"29":1,"30":5,"31":1,"32":1,"33":1,"34":5,"35":76,"36":5,"37":2,"38":1,"39":1,"40":1,"41":1},"f":{"0":76,"1":5,"2":5,"3":5,"4":2,"5":1,"6":1,"7":1,"8":1},"b":{"0":[2,3],"1":[1,4],"2":[1,4],"3":[1,4]},"_coverageSchema":"1a1c01bbd47fc00a2c39e90264f33305004495a9","hash":"95f4702280f0cbb407da782411e9f812b59ad1bf"}
,"/home/jsmithb117/minesweeper/src/components/Piece.tsx": {"path":"/home/jsmithb117/minesweeper/src/components/Piece.tsx","statementMap":{"0":{"start":{"line":25,"column":14},"end":{"line":81,"column":1}},"1":{"start":{"line":26,"column":19},"end":{"line":26,"column":35}},"2":{"start":{"line":27,"column":16},"end":{"line":27,"column":64}},"3":{"start":{"line":27,"column":47},"end":{"line":27,"column":63}},"4":{"start":{"line":28,"column":17},"end":{"line":28,"column":66}},"5":{"start":{"line":28,"column":48},"end":{"line":28,"column":65}},"6":{"start":{"line":29,"column":15},"end":{"line":29,"column":63}},"7":{"start":{"line":29,"column":46},"end":{"line":29,"column":62}},"8":{"start":{"line":30,"column":17},"end":{"line":30,"column":66}},"9":{"start":{"line":30,"column":48},"end":{"line":30,"column":65}},"10":{"start":{"line":32,"column":27},"end":{"line":34,"column":3}},"11":{"start":{"line":33,"column":4},"end":{"line":33,"column":31}},"12":{"start":{"line":36,"column":28},"end":{"line":43,"column":3}},"13":{"start":{"line":37,"column":4},"end":{"line":41,"column":5}},"14":{"start":{"line":38,"column":6},"end":{"line":38,"column":40}},"15":{"start":{"line":40,"column":6},"end":{"line":40,"column":40}},"16":{"start":{"line":42,"column":4},"end":{"line":42,"column":32}},"17":{"start":{"line":45,"column":20},"end":{"line":45,"column":52}},"18":{"start":{"line":47,"column":2},"end":{"line":53,"column":3}},"19":{"start":{"line":48,"column":4},"end":{"line":52,"column":5}},"20":{"start":{"line":54,"column":2},"end":{"line":63,"column":3}},"21":{"start":{"line":55,"column":4},"end":{"line":62,"column":5}},"22":{"start":{"line":56,"column":51},"end":{"line":56,"column":69}},"23":{"start":{"line":57,"column":27},"end":{"line":57,"column":46}},"24":{"start":{"line":64,"column":2},"end":{"line":73,"column":3}},"25":{"start":{"line":65,"column":4},"end":{"line":72,"column":5}},"26":{"start":{"line":66,"column":51},"end":{"line":66,"column":69}},"27":{"start":{"line":67,"column":27},"end":{"line":67,"column":46}},"28":{"start":{"line":75,"column":2},"end":{"line":80,"column":6}},"29":{"start":{"line":76,"column":49},"end":{"line":76,"column":67}},"30":{"start":{"line":77,"column":27},"end":{"line":77,"column":46}}},"fnMap":{"0":{"name":"(anonymous_0)","decl":{"start":{"line":25,"column":14},"end":{"line":25,"column":15}},"loc":{"start":{"line":25,"column":37},"end":{"line":81,"column":1}},"line":25},"1":{"name":"(anonymous_1)","decl":{"start":{"line":27,"column":28},"end":{"line":27,"column":29}},"loc":{"start":{"line":27,"column":47},"end":{"line":27,"column":63}},"line":27},"2":{"name":"(anonymous_2)","decl":{"start":{"line":28,"column":29},"end":{"line":28,"column":30}},"loc":{"start":{"line":28,"column":48},"end":{"line":28,"column":65}},"line":28},"3":{"name":"(anonymous_3)","decl":{"start":{"line":29,"column":27},"end":{"line":29,"column":28}},"loc":{"start":{"line":29,"column":46},"end":{"line":29,"column":62}},"line":29},"4":{"name":"(anonymous_4)","decl":{"start":{"line":30,"column":29},"end":{"line":30,"column":30}},"loc":{"start":{"line":30,"column":48},"end":{"line":30,"column":65}},"line":30},"5":{"name":"(anonymous_5)","decl":{"start":{"line":32,"column":27},"end":{"line":32,"column":28}},"loc":{"start":{"line":32,"column":33},"end":{"line":34,"column":3}},"line":32},"6":{"name":"(anonymous_6)","decl":{"start":{"line":36,"column":28},"end":{"line":36,"column":29}},"loc":{"start":{"line":36,"column":34},"end":{"line":43,"column":3}},"line":36},"7":{"name":"(anonymous_7)","decl":{"start":{"line":56,"column":45},"end":{"line":56,"column":46}},"loc":{"start":{"line":56,"column":51},"end":{"line":56,"column":69}},"line":56},"8":{"name":"(anonymous_8)","decl":{"start":{"line":57,"column":21},"end":{"line":57,"column":22}},"loc":{"start":{"line":57,"column":27},"end":{"line":57,"column":46}},"line":57},"9":{"name":"(anonymous_9)","decl":{"start":{"line":66,"column":45},"end":{"line":66,"column":46}},"loc":{"start":{"line":66,"column":51},"end":{"line":66,"column":69}},"line":66},"10":{"name":"(anonymous_10)","decl":{"start":{"line":67,"column":21},"end":{"line":67,"column":22}},"loc":{"start":{"line":67,"column":27},"end":{"line":67,"column":46}},"line":67},"11":{"name":"(anonymous_11)","decl":{"start":{"line":76,"column":43},"end":{"line":76,"column":44}},"loc":{"start":{"line":76,"column":49},"end":{"line":76,"column":67}},"line":76},"12":{"name":"(anonymous_12)","decl":{"start":{"line":77,"column":21},"end":{"line":77,"column":22}},"loc":{"start":{"line":77,"column":27},"end":{"line":77,"column":46}},"line":77}},"branchMap":{"0":{"loc":{"start":{"line":37,"column":4},"end":{"line":41,"column":5}},"type":"if","locations":[{"start":{"line":37,"column":4},"end":{"line":41,"column":5}},{"start":{"line":37,"column":4},"end":{"line":41,"column":5}}],"line":37},"1":{"loc":{"start":{"line":47,"column":2},"end":{"line":53,"column":3}},"type":"if","locations":[{"start":{"line":47,"column":2},"end":{"line":53,"column":3}},{"start":{"line":47,"column":2},"end":{"line":53,"column":3}}],"line":47},"2":{"loc":{"start":{"line":54,"column":2},"end":{"line":63,"column":3}},"type":"if","locations":[{"start":{"line":54,"column":2},"end":{"line":63,"column":3}},{"start":{"line":54,"column":2},"end":{"line":63,"column":3}}],"line":54},"3":{"loc":{"start":{"line":64,"column":2},"end":{"line":73,"column":3}},"type":"if","locations":[{"start":{"line":64,"column":2},"end":{"line":73,"column":3}},{"start":{"line":64,"column":2},"end":{"line":73,"column":3}}],"line":64},"4":{"loc":{"start":{"line":64,"column":6},"end":{"line":64,"column":26}},"type":"binary-expr","locations":[{"start":{"line":64,"column":6},"end":{"line":64,"column":18}},{"start":{"line":64,"column":22},"end":{"line":64,"column":26}}],"line":64}},"s":{"0":2,"1":12400,"2":12400,"3":20400,"4":12400,"5":20400,"6":12400,"7":20400,"8":12400,"9":20400,"10":12400,"11":107,"12":12400,"13":11,"14":7,"15":4,"16":11,"17":12400,"18":12400,"19":200,"20":12200,"21":1134,"22":1,"23":7,"24":11066,"25":6,"26":0,"27":0,"28":11060,"29":106,"30":4},"f":{"0":12400,"1":20400,"2":20400,"3":20400,"4":20400,"5":107,"6":11,"7":1,"8":7,"9":0,"10":0,"11":106,"12":4},"b":{"0":[7,4],"1":[200,12200],"2":[1134,11066],"3":[6,11060],"4":[11066,94]},"_coverageSchema":"1a1c01bbd47fc00a2c39e90264f33305004495a9","hash":"fc03106448693bd0e1ea65338e8fa5c32512e809"}
,"/home/jsmithb117/minesweeper/src/components/Row.tsx": {"path":"/home/jsmithb117/minesweeper/src/components/Row.tsx","statementMap":{"0":{"start":{"line":10,"column":12},"end":{"line":22,"column":1}},"1":{"start":{"line":11,"column":17},"end":{"line":15,"column":4}},"2":{"start":{"line":12,"column":4},"end":{"line":14,"column":6}},"3":{"start":{"line":17,"column":2},"end":{"line":21,"column":4}}},"fnMap":{"0":{"name":"(anonymous_0)","decl":{"start":{"line":10,"column":12},"end":{"line":10,"column":13}},"loc":{"start":{"line":10,"column":43},"end":{"line":22,"column":1}},"line":10},"1":{"name":"(anonymous_1)","decl":{"start":{"line":11,"column":25},"end":{"line":11,"column":26}},"loc":{"start":{"line":11,"column":36},"end":{"line":15,"column":3}},"line":11}},"branchMap":{},"s":{"0":2,"1":1240,"2":12400,"3":1240},"f":{"0":1240,"1":12400},"b":{},"_coverageSchema":"1a1c01bbd47fc00a2c39e90264f33305004495a9","hash":"d7fb9d315f1a3d27c32c1c56485ef374fdb4b68c"}
,"/home/jsmithb117/minesweeper/src/components/Rows.tsx": {"path":"/home/jsmithb117/minesweeper/src/components/Rows.tsx","statementMap":{"0":{"start":{"line":4,"column":13},"end":{"line":19,"column":1}},"1":{"start":{"line":5,"column":16},"end":{"line":5,"column":62}},"2":{"start":{"line":5,"column":42},"end":{"line":5,"column":61}},"3":{"start":{"line":6,"column":35},"end":{"line":6,"column":79}},"4":{"start":{"line":6,"column":61},"end":{"line":6,"column":78}},"5":{"start":{"line":7,"column":36},"end":{"line":7,"column":81}},"6":{"start":{"line":7,"column":62},"end":{"line":7,"column":80}},"7":{"start":{"line":8,"column":18},"end":{"line":12,"column":4}},"8":{"start":{"line":9,"column":4},"end":{"line":11,"column":6}},"9":{"start":{"line":14,"column":2},"end":{"line":18,"column":4}}},"fnMap":{"0":{"name":"(anonymous_0)","decl":{"start":{"line":4,"column":13},"end":{"line":4,"column":14}},"loc":{"start":{"line":4,"column":19},"end":{"line":19,"column":1}},"line":4},"1":{"name":"(anonymous_1)","decl":{"start":{"line":5,"column":31},"end":{"line":5,"column":32}},"loc":{"start":{"line":5,"column":42},"end":{"line":5,"column":61}},"line":5},"2":{"name":"(anonymous_2)","decl":{"start":{"line":6,"column":50},"end":{"line":6,"column":51}},"loc":{"start":{"line":6,"column":61},"end":{"line":6,"column":78}},"line":6},"3":{"name":"(anonymous_3)","decl":{"start":{"line":7,"column":51},"end":{"line":7,"column":52}},"loc":{"start":{"line":7,"column":62},"end":{"line":7,"column":80}},"line":7},"4":{"name":"(anonymous_4)","decl":{"start":{"line":8,"column":29},"end":{"line":8,"column":30}},"loc":{"start":{"line":8,"column":45},"end":{"line":12,"column":3}},"line":8}},"branchMap":{},"s":{"0":2,"1":124,"2":203,"3":124,"4":204,"5":124,"6":204,"7":124,"8":1240,"9":124},"f":{"0":124,"1":203,"2":204,"3":204,"4":1240},"b":{},"_coverageSchema":"1a1c01bbd47fc00a2c39e90264f33305004495a9","hash":"485750fb4acb21194a3363adff7dd905de5b6cf5"}
,"/home/jsmithb117/minesweeper/src/features/actionCreators.ts": {"path":"/home/jsmithb117/minesweeper/src/features/actionCreators.ts","statementMap":{"0":{"start":{"line":3,"column":33},"end":{"line":3,"column":44}},"1":{"start":{"line":4,"column":34},"end":{"line":4,"column":46}},"2":{"start":{"line":5,"column":33},"end":{"line":5,"column":44}},"3":{"start":{"line":6,"column":33},"end":{"line":6,"column":44}},"4":{"start":{"line":7,"column":32},"end":{"line":7,"column":42}},"5":{"start":{"line":8,"column":32},"end":{"line":8,"column":42}},"6":{"start":{"line":9,"column":32},"end":{"line":9,"column":42}},"7":{"start":{"line":10,"column":37},"end":{"line":10,"column":52}},"8":{"start":{"line":11,"column":35},"end":{"line":11,"column":48}},"9":{"start":{"line":12,"column":45},"end":{"line":12,"column":68}},"10":{"start":{"line":13,"column":45},"end":{"line":13,"column":68}},"11":{"start":{"line":14,"column":40},"end":{"line":14,"column":57}},"12":{"start":{"line":15,"column":36},"end":{"line":15,"column":50}},"13":{"start":{"line":16,"column":43},"end":{"line":16,"column":64}},"14":{"start":{"line":17,"column":25},"end":{"line":17,"column":36}},"15":{"start":{"line":18,"column":21},"end":{"line":18,"column":28}},"16":{"start":{"line":40,"column":25},"end":{"line":45,"column":1}},"17":{"start":{"line":41,"column":17},"end":{"line":43,"column":3}},"18":{"start":{"line":44,"column":2},"end":{"line":44,"column":16}},"19":{"start":{"line":47,"column":25},"end":{"line":53,"column":1}},"20":{"start":{"line":48,"column":17},"end":{"line":51,"column":3}},"21":{"start":{"line":52,"column":2},"end":{"line":52,"column":16}},"22":{"start":{"line":55,"column":24},"end":{"line":61,"column":1}},"23":{"start":{"line":56,"column":17},"end":{"line":59,"column":3}},"24":{"start":{"line":60,"column":2},"end":{"line":60,"column":16}},"25":{"start":{"line":63,"column":24},"end":{"line":69,"column":1}},"26":{"start":{"line":64,"column":17},"end":{"line":67,"column":3}},"27":{"start":{"line":68,"column":2},"end":{"line":68,"column":16}},"28":{"start":{"line":71,"column":30},"end":{"line":85,"column":1}},"29":{"start":{"line":80,"column":29},"end":{"line":83,"column":5}},"30":{"start":{"line":84,"column":2},"end":{"line":84,"column":16}},"31":{"start":{"line":87,"column":29},"end":{"line":94,"column":1}},"32":{"start":{"line":89,"column":31},"end":{"line":92,"column":3}},"33":{"start":{"line":93,"column":2},"end":{"line":93,"column":16}},"34":{"start":{"line":96,"column":27},"end":{"line":103,"column":1}},"35":{"start":{"line":98,"column":32},"end":{"line":101,"column":3}},"36":{"start":{"line":102,"column":2},"end":{"line":102,"column":16}},"37":{"start":{"line":105,"column":37},"end":{"line":112,"column":1}},"38":{"start":{"line":107,"column":31},"end":{"line":110,"column":3}},"39":{"start":{"line":111,"column":2},"end":{"line":111,"column":16}},"40":{"start":{"line":114,"column":37},"end":{"line":121,"column":1}},"41":{"start":{"line":115,"column":31},"end":{"line":119,"column":3}},"42":{"start":{"line":120,"column":2},"end":{"line":120,"column":16}},"43":{"start":{"line":123,"column":31},"end":{"line":129,"column":1}},"44":{"start":{"line":124,"column":31},"end":{"line":127,"column":3}},"45":{"start":{"line":128,"column":2},"end":{"line":128,"column":16}},"46":{"start":{"line":130,"column":28},"end":{"line":135,"column":1}},"47":{"start":{"line":131,"column":24},"end":{"line":133,"column":3}},"48":{"start":{"line":134,"column":2},"end":{"line":134,"column":16}},"49":{"start":{"line":136,"column":35},"end":{"line":143,"column":1}},"50":{"start":{"line":138,"column":31},"end":{"line":141,"column":3}},"51":{"start":{"line":142,"column":2},"end":{"line":142,"column":16}},"52":{"start":{"line":145,"column":14},"end":{"line":164,"column":1}},"53":{"start":{"line":146,"column":23},"end":{"line":146,"column":50}},"54":{"start":{"line":147,"column":29},"end":{"line":147,"column":62}},"55":{"start":{"line":148,"column":32},"end":{"line":148,"column":68}},"56":{"start":{"line":149,"column":23},"end":{"line":149,"column":50}},"57":{"start":{"line":150,"column":23},"end":{"line":150,"column":50}},"58":{"start":{"line":151,"column":21},"end":{"line":151,"column":67}},"59":{"start":{"line":152,"column":30},"end":{"line":155,"column":3}},"60":{"start":{"line":156,"column":2},"end":{"line":159,"column":3}},"61":{"start":{"line":157,"column":4},"end":{"line":157,"column":28}},"62":{"start":{"line":158,"column":4},"end":{"line":158,"column":18}},"63":{"start":{"line":160,"column":2},"end":{"line":162,"column":3}},"64":{"start":{"line":161,"column":4},"end":{"line":161,"column":29}},"65":{"start":{"line":163,"column":2},"end":{"line":163,"column":16}},"66":{"start":{"line":166,"column":25},"end":{"line":171,"column":1}},"67":{"start":{"line":167,"column":17},"end":{"line":169,"column":3}},"68":{"start":{"line":170,"column":2},"end":{"line":170,"column":16}},"69":{"start":{"line":173,"column":21},"end":{"line":178,"column":1}},"70":{"start":{"line":174,"column":17},"end":{"line":176,"column":3}},"71":{"start":{"line":177,"column":2},"end":{"line":177,"column":16}},"72":{"start":{"line":180,"column":25},"end":{"line":180,"column":62}},"73":{"start":{"line":180,"column":44},"end":{"line":180,"column":62}},"74":{"start":{"line":182,"column":26},"end":{"line":182,"column":64}},"75":{"start":{"line":182,"column":45},"end":{"line":182,"column":64}}},"fnMap":{"0":{"name":"(anonymous_0)","decl":{"start":{"line":40,"column":25},"end":{"line":40,"column":26}},"loc":{"start":{"line":40,"column":31},"end":{"line":45,"column":1}},"line":40},"1":{"name":"(anonymous_1)","decl":{"start":{"line":47,"column":25},"end":{"line":47,"column":26}},"loc":{"start":{"line":47,"column":45},"end":{"line":53,"column":1}},"line":47},"2":{"name":"(anonymous_2)","decl":{"start":{"line":55,"column":24},"end":{"line":55,"column":25}},"loc":{"start":{"line":55,"column":43},"end":{"line":61,"column":1}},"line":55},"3":{"name":"(anonymous_3)","decl":{"start":{"line":63,"column":24},"end":{"line":63,"column":25}},"loc":{"start":{"line":63,"column":43},"end":{"line":69,"column":1}},"line":63},"4":{"name":"(anonymous_4)","decl":{"start":{"line":71,"column":30},"end":{"line":71,"column":31}},"loc":{"start":{"line":71,"column":95},"end":{"line":85,"column":1}},"line":71},"5":{"name":"(anonymous_5)","decl":{"start":{"line":87,"column":29},"end":{"line":87,"column":30}},"loc":{"start":{"line":87,"column":35},"end":{"line":94,"column":1}},"line":87},"6":{"name":"(anonymous_6)","decl":{"start":{"line":96,"column":27},"end":{"line":96,"column":28}},"loc":{"start":{"line":96,"column":33},"end":{"line":103,"column":1}},"line":96},"7":{"name":"(anonymous_7)","decl":{"start":{"line":105,"column":37},"end":{"line":105,"column":38}},"loc":{"start":{"line":105,"column":43},"end":{"line":112,"column":1}},"line":105},"8":{"name":"(anonymous_8)","decl":{"start":{"line":114,"column":37},"end":{"line":114,"column":38}},"loc":{"start":{"line":114,"column":43},"end":{"line":121,"column":1}},"line":114},"9":{"name":"(anonymous_9)","decl":{"start":{"line":123,"column":31},"end":{"line":123,"column":32}},"loc":{"start":{"line":123,"column":61},"end":{"line":129,"column":1}},"line":123},"10":{"name":"(anonymous_10)","decl":{"start":{"line":130,"column":28},"end":{"line":130,"column":29}},"loc":{"start":{"line":130,"column":34},"end":{"line":135,"column":1}},"line":130},"11":{"name":"(anonymous_11)","decl":{"start":{"line":136,"column":35},"end":{"line":136,"column":36}},"loc":{"start":{"line":136,"column":41},"end":{"line":143,"column":1}},"line":136},"12":{"name":"(anonymous_12)","decl":{"start":{"line":145,"column":14},"end":{"line":145,"column":15}},"loc":{"start":{"line":145,"column":55},"end":{"line":164,"column":1}},"line":145},"13":{"name":"(anonymous_13)","decl":{"start":{"line":166,"column":25},"end":{"line":166,"column":26}},"loc":{"start":{"line":166,"column":31},"end":{"line":171,"column":1}},"line":166},"14":{"name":"(anonymous_14)","decl":{"start":{"line":173,"column":21},"end":{"line":173,"column":22}},"loc":{"start":{"line":173,"column":27},"end":{"line":178,"column":1}},"line":173},"15":{"name":"(anonymous_15)","decl":{"start":{"line":180,"column":25},"end":{"line":180,"column":26}},"loc":{"start":{"line":180,"column":44},"end":{"line":180,"column":62}},"line":180},"16":{"name":"(anonymous_16)","decl":{"start":{"line":182,"column":26},"end":{"line":182,"column":27}},"loc":{"start":{"line":182,"column":45},"end":{"line":182,"column":64}},"line":182}},"branchMap":{"0":{"loc":{"start":{"line":71,"column":31},"end":{"line":71,"column":50}},"type":"default-arg","locations":[{"start":{"line":71,"column":48},"end":{"line":71,"column":50}}],"line":71},"1":{"loc":{"start":{"line":71,"column":52},"end":{"line":71,"column":70}},"type":"default-arg","locations":[{"start":{"line":71,"column":68},"end":{"line":71,"column":70}}],"line":71},"2":{"loc":{"start":{"line":71,"column":72},"end":{"line":71,"column":90}},"type":"default-arg","locations":[{"start":{"line":71,"column":88},"end":{"line":71,"column":90}}],"line":71},"3":{"loc":{"start":{"line":123,"column":32},"end":{"line":123,"column":56}},"type":"default-arg","locations":[{"start":{"line":123,"column":55},"end":{"line":123,"column":56}}],"line":123},"4":{"loc":{"start":{"line":151,"column":21},"end":{"line":151,"column":67}},"type":"binary-expr","locations":[{"start":{"line":151,"column":21},"end":{"line":151,"column":24}},{"start":{"line":151,"column":28},"end":{"line":151,"column":37}},{"start":{"line":151,"column":41},"end":{"line":151,"column":53}},{"start":{"line":151,"column":57},"end":{"line":151,"column":60}},{"start":{"line":151,"column":64},"end":{"line":151,"column":67}}],"line":151},"5":{"loc":{"start":{"line":156,"column":2},"end":{"line":159,"column":3}},"type":"if","locations":[{"start":{"line":156,"column":2},"end":{"line":159,"column":3}},{"start":{"line":156,"column":2},"end":{"line":159,"column":3}}],"line":156},"6":{"loc":{"start":{"line":156,"column":6},"end":{"line":156,"column":31}},"type":"binary-expr","locations":[{"start":{"line":156,"column":6},"end":{"line":156,"column":16}},{"start":{"line":156,"column":20},"end":{"line":156,"column":31}}],"line":156},"7":{"loc":{"start":{"line":160,"column":2},"end":{"line":162,"column":3}},"type":"if","locations":[{"start":{"line":160,"column":2},"end":{"line":162,"column":3}},{"start":{"line":160,"column":2},"end":{"line":162,"column":3}}],"line":160}},"s":{"0":4,"1":4,"2":4,"3":4,"4":4,"5":4,"6":4,"7":4,"8":4,"9":4,"10":4,"11":4,"12":4,"13":4,"14":4,"15":4,"16":4,"17":1,"18":1,"19":4,"20":6,"21":6,"22":4,"23":6,"24":6,"25":4,"26":6,"27":6,"28":4,"29":4,"30":4,"31":4,"32":1,"33":1,"34":4,"35":1,"36":1,"37":4,"38":7,"39":7,"40":4,"41":4,"42":4,"43":4,"44":19,"45":19,"46":4,"47":1,"48":1,"49":4,"50":3,"51":3,"52":4,"53":120,"54":120,"55":120,"56":120,"57":120,"58":120,"59":120,"60":120,"61":108,"62":108,"63":12,"64":12,"65":12,"66":4,"67":1,"68":1,"69":4,"70":2,"71":2,"72":4,"73":108,"74":4,"75":12},"f":{"0":1,"1":6,"2":6,"3":6,"4":4,"5":1,"6":1,"7":7,"8":4,"9":19,"10":1,"11":3,"12":120,"13":1,"14":2,"15":108,"16":12},"b":{"0":[0],"1":[0],"2":[0],"3":[0],"4":[120,120,120,120,120],"5":[108,12],"6":[120,120],"7":[12,0]},"_coverageSchema":"1a1c01bbd47fc00a2c39e90264f33305004495a9","hash":"175b000ee0986b555a277a774f9adc2b4d8d4489"}
,"/home/jsmithb117/minesweeper/src/features/boardCreator.ts": {"path":"/home/jsmithb117/minesweeper/src/features/boardCreator.ts","statementMap":{"0":{"start":{"line":13,"column":35},"end":{"line":21,"column":1}},"1":{"start":{"line":22,"column":21},"end":{"line":65,"column":1}},"2":{"start":{"line":23,"column":16},"end":{"line":23,"column":34}},"3":{"start":{"line":25,"column":2},"end":{"line":57,"column":3}},"4":{"start":{"line":26,"column":30},"end":{"line":26,"column":82}},"5":{"start":{"line":27,"column":4},"end":{"line":40,"column":7}},"6":{"start":{"line":28,"column":6},"end":{"line":39,"column":9}},"7":{"start":{"line":29,"column":8},"end":{"line":31,"column":9}},"8":{"start":{"line":30,"column":10},"end":{"line":30,"column":77}},"9":{"start":{"line":32,"column":8},"end":{"line":34,"column":9}},"10":{"start":{"line":33,"column":10},"end":{"line":33,"column":60}},"11":{"start":{"line":35,"column":8},"end":{"line":37,"column":9}},"12":{"start":{"line":36,"column":10},"end":{"line":36,"column":77}},"13":{"start":{"line":38,"column":8},"end":{"line":38,"column":41}},"14":{"start":{"line":43,"column":30},"end":{"line":43,"column":82}},"15":{"start":{"line":44,"column":4},"end":{"line":46,"column":7}},"16":{"start":{"line":45,"column":6},"end":{"line":45,"column":84}},"17":{"start":{"line":45,"column":59},"end":{"line":45,"column":81}},"18":{"start":{"line":48,"column":20},"end":{"line":48,"column":21}},"19":{"start":{"line":49,"column":4},"end":{"line":56,"column":5}},"20":{"start":{"line":50,"column":23},"end":{"line":50,"column":57}},"21":{"start":{"line":51,"column":23},"end":{"line":51,"column":56}},"22":{"start":{"line":52,"column":6},"end":{"line":55,"column":7}},"23":{"start":{"line":53,"column":8},"end":{"line":53,"column":48}},"24":{"start":{"line":54,"column":8},"end":{"line":54,"column":20}},"25":{"start":{"line":59,"column":2},"end":{"line":63,"column":5}},"26":{"start":{"line":60,"column":4},"end":{"line":62,"column":7}},"27":{"start":{"line":61,"column":6},"end":{"line":61,"column":54}},"28":{"start":{"line":64,"column":2},"end":{"line":64,"column":15}},"29":{"start":{"line":67,"column":27},"end":{"line":79,"column":1}},"30":{"start":{"line":68,"column":14},"end":{"line":68,"column":15}},"31":{"start":{"line":69,"column":2},"end":{"line":77,"column":3}},"32":{"start":{"line":69,"column":15},"end":{"line":69,"column":22}},"33":{"start":{"line":70,"column":4},"end":{"line":76,"column":5}},"34":{"start":{"line":70,"column":17},"end":{"line":70,"column":24}},"35":{"start":{"line":71,"column":6},"end":{"line":75,"column":7}},"36":{"start":{"line":72,"column":22},"end":{"line":72,"column":33}},"37":{"start":{"line":73,"column":8},"end":{"line":74,"column":21}},"38":{"start":{"line":74,"column":10},"end":{"line":74,"column":21}},"39":{"start":{"line":78,"column":2},"end":{"line":78,"column":15}}},"fnMap":{"0":{"name":"(anonymous_0)","decl":{"start":{"line":22,"column":21},"end":{"line":22,"column":22}},"loc":{"start":{"line":22,"column":114},"end":{"line":65,"column":1}},"line":22},"1":{"name":"(anonymous_1)","decl":{"start":{"line":27,"column":27},"end":{"line":27,"column":28}},"loc":{"start":{"line":27,"column":64},"end":{"line":40,"column":5}},"line":27},"2":{"name":"(anonymous_2)","decl":{"start":{"line":28,"column":26},"end":{"line":28,"column":27}},"loc":{"start":{"line":28,"column":61},"end":{"line":39,"column":7}},"line":28},"3":{"name":"(anonymous_3)","decl":{"start":{"line":44,"column":27},"end":{"line":44,"column":28}},"loc":{"start":{"line":44,"column":64},"end":{"line":46,"column":5}},"line":44},"4":{"name":"(anonymous_4)","decl":{"start":{"line":45,"column":26},"end":{"line":45,"column":27}},"loc":{"start":{"line":45,"column":59},"end":{"line":45,"column":81}},"line":45},"5":{"name":"(anonymous_5)","decl":{"start":{"line":59,"column":16},"end":{"line":59,"column":17}},"loc":{"start":{"line":59,"column":35},"end":{"line":63,"column":3}},"line":59},"6":{"name":"(anonymous_6)","decl":{"start":{"line":60,"column":21},"end":{"line":60,"column":22}},"loc":{"start":{"line":60,"column":37},"end":{"line":62,"column":5}},"line":60},"7":{"name":"(anonymous_7)","decl":{"start":{"line":67,"column":27},"end":{"line":67,"column":28}},"loc":{"start":{"line":67,"column":71},"end":{"line":79,"column":1}},"line":67}},"branchMap":{"0":{"loc":{"start":{"line":22,"column":22},"end":{"line":22,"column":41}},"type":"default-arg","locations":[{"start":{"line":22,"column":39},"end":{"line":22,"column":41}}],"line":22},"1":{"loc":{"start":{"line":22,"column":43},"end":{"line":22,"column":61}},"type":"default-arg","locations":[{"start":{"line":22,"column":59},"end":{"line":22,"column":61}}],"line":22},"2":{"loc":{"start":{"line":22,"column":63},"end":{"line":22,"column":81}},"type":"default-arg","locations":[{"start":{"line":22,"column":79},"end":{"line":22,"column":81}}],"line":22},"3":{"loc":{"start":{"line":22,"column":83},"end":{"line":22,"column":109}},"type":"default-arg","locations":[{"start":{"line":22,"column":104},"end":{"line":22,"column":109}}],"line":22},"4":{"loc":{"start":{"line":25,"column":2},"end":{"line":57,"column":3}},"type":"if","locations":[{"start":{"line":25,"column":2},"end":{"line":57,"column":3}},{"start":{"line":25,"column":2},"end":{"line":57,"column":3}}],"line":25},"5":{"loc":{"start":{"line":29,"column":8},"end":{"line":31,"column":9}},"type":"if","locations":[{"start":{"line":29,"column":8},"end":{"line":31,"column":9}},{"start":{"line":29,"column":8},"end":{"line":31,"column":9}}],"line":29},"6":{"loc":{"start":{"line":29,"column":12},"end":{"line":29,"column":34}},"type":"binary-expr","locations":[{"start":{"line":29,"column":12},"end":{"line":29,"column":21}},{"start":{"line":29,"column":25},"end":{"line":29,"column":34}}],"line":29},"7":{"loc":{"start":{"line":32,"column":8},"end":{"line":34,"column":9}},"type":"if","locations":[{"start":{"line":32,"column":8},"end":{"line":34,"column":9}},{"start":{"line":32,"column":8},"end":{"line":34,"column":9}}],"line":32},"8":{"loc":{"start":{"line":35,"column":8},"end":{"line":37,"column":9}},"type":"if","locations":[{"start":{"line":35,"column":8},"end":{"line":37,"column":9}},{"start":{"line":35,"column":8},"end":{"line":37,"column":9}}],"line":35},"9":{"loc":{"start":{"line":35,"column":12},"end":{"line":35,"column":34}},"type":"binary-expr","locations":[{"start":{"line":35,"column":12},"end":{"line":35,"column":21}},{"start":{"line":35,"column":25},"end":{"line":35,"column":34}}],"line":35},"10":{"loc":{"start":{"line":52,"column":6},"end":{"line":55,"column":7}},"type":"if","locations":[{"start":{"line":52,"column":6},"end":{"line":55,"column":7}},{"start":{"line":52,"column":6},"end":{"line":55,"column":7}}],"line":52},"11":{"loc":{"start":{"line":71,"column":6},"end":{"line":75,"column":7}},"type":"if","locations":[{"start":{"line":71,"column":6},"end":{"line":75,"column":7}},{"start":{"line":71,"column":6},"end":{"line":75,"column":7}}],"line":71},"12":{"loc":{"start":{"line":71,"column":10},"end":{"line":71,"column":33}},"type":"binary-expr","locations":[{"start":{"line":71,"column":10},"end":{"line":71,"column":18}},{"start":{"line":71,"column":22},"end":{"line":71,"column":33}}],"line":71},"13":{"loc":{"start":{"line":73,"column":8},"end":{"line":74,"column":21}},"type":"if","locations":[{"start":{"line":73,"column":8},"end":{"line":74,"column":21}},{"start":{"line":73,"column":8},"end":{"line":74,"column":21}}],"line":73}},"s":{"0":4,"1":4,"2":12,"3":12,"4":5,"5":5,"6":50,"7":500,"8":45,"9":455,"10":50,"11":405,"12":5,"13":400,"14":7,"15":7,"16":70,"17":700,"18":7,"19":7,"20":74,"21":74,"22":74,"23":70,"24":70,"25":12,"26":120,"27":1200,"28":12,"29":4,"30":1200,"31":1200,"32":1200,"33":3600,"34":3600,"35":10800,"36":9408,"37":9408,"38":862,"39":1200},"f":{"0":12,"1":50,"2":500,"3":70,"4":700,"5":120,"6":1200,"7":1200},"b":{"0":[0],"1":[0],"2":[0],"3":[0],"4":[5,7],"5":[45,455],"6":[500,50],"7":[50,405],"8":[5,400],"9":[405,50],"10":[70,4],"11":[9408,1392],"12":[10800,10080],"13":[862,8546]},"_coverageSchema":"1a1c01bbd47fc00a2c39e90264f33305004495a9","hash":"5c134434aef0e77a97832116dd828e0fba5ae7c6"}
,"/home/jsmithb117/minesweeper/src/features/buttonColor.ts": {"path":"/home/jsmithb117/minesweeper/src/features/buttonColor.ts","statementMap":{"0":{"start":{"line":3,"column":24},"end":{"line":14,"column":1}},"1":{"start":{"line":4,"column":2},"end":{"line":13,"column":6}}},"fnMap":{"0":{"name":"(anonymous_0)","decl":{"start":{"line":3,"column":24},"end":{"line":3,"column":25}},"loc":{"start":{"line":4,"column":2},"end":{"line":13,"column":6}},"line":4}},"branchMap":{"0":{"loc":{"start":{"line":4,"column":2},"end":{"line":13,"column":6}},"type":"cond-expr","locations":[{"start":{"line":4,"column":20},"end":{"line":4,"column":31}},{"start":{"line":5,"column":2},"end":{"line":13,"column":6}}],"line":4},"1":{"loc":{"start":{"line":5,"column":2},"end":{"line":13,"column":6}},"type":"cond-expr","locations":[{"start":{"line":5,"column":20},"end":{"line":5,"column":26}},{"start":{"line":6,"column":2},"end":{"line":13,"column":6}}],"line":5},"2":{"loc":{"start":{"line":6,"column":2},"end":{"line":13,"column":6}},"type":"cond-expr","locations":[{"start":{"line":6,"column":20},"end":{"line":6,"column":27}},{"start":{"line":7,"column":2},"end":{"line":13,"column":6}}],"line":6},"3":{"loc":{"start":{"line":7,"column":2},"end":{"line":13,"column":6}},"type":"cond-expr","locations":[{"start":{"line":7,"column":20},"end":{"line":7,"column":25}},{"start":{"line":8,"column":2},"end":{"line":13,"column":6}}],"line":7},"4":{"loc":{"start":{"line":8,"column":2},"end":{"line":13,"column":6}},"type":"cond-expr","locations":[{"start":{"line":8,"column":20},"end":{"line":8,"column":28}},{"start":{"line":9,"column":2},"end":{"line":13,"column":6}}],"line":8},"5":{"loc":{"start":{"line":9,"column":2},"end":{"line":13,"column":6}},"type":"cond-expr","locations":[{"start":{"line":9,"column":20},"end":{"line":9,"column":28}},{"start":{"line":10,"column":2},"end":{"line":13,"column":6}}],"line":9},"6":{"loc":{"start":{"line":10,"column":2},"end":{"line":13,"column":6}},"type":"cond-expr","locations":[{"start":{"line":10,"column":20},"end":{"line":10,"column":31}},{"start":{"line":11,"column":2},"end":{"line":13,"column":6}}],"line":10},"7":{"loc":{"start":{"line":11,"column":2},"end":{"line":13,"column":6}},"type":"cond-expr","locations":[{"start":{"line":11,"column":20},"end":{"line":11,"column":27}},{"start":{"line":12,"column":2},"end":{"line":13,"column":6}}],"line":11},"8":{"loc":{"start":{"line":12,"column":2},"end":{"line":13,"column":6}},"type":"cond-expr","locations":[{"start":{"line":12,"column":20},"end":{"line":12,"column":26}},{"start":{"line":13,"column":2},"end":{"line":13,"column":6}}],"line":12}},"s":{"0":3,"1":1872},"f":{"0":1872},"b":{"0":[1507,365],"1":[49,316],"2":[163,153],"3":[147,6],"4":[1,5],"5":[1,4],"6":[1,3],"7":[1,2],"8":[1,1]},"_coverageSchema":"1a1c01bbd47fc00a2c39e90264f33305004495a9","hash":"6501a905946d6aaed5247e5edc3f6248b87d080a"}
,"/home/jsmithb117/minesweeper/src/features/checkWin.ts": {"path":"/home/jsmithb117/minesweeper/src/features/checkWin.ts","statementMap":{"0":{"start":{"line":3,"column":17},"end":{"line":12,"column":1}},"1":{"start":{"line":4,"column":2},"end":{"line":10,"column":3}},"2":{"start":{"line":4,"column":15},"end":{"line":4,"column":16}},"3":{"start":{"line":5,"column":4},"end":{"line":9,"column":5}},"4":{"start":{"line":5,"column":17},"end":{"line":5,"column":18}},"5":{"start":{"line":6,"column":6},"end":{"line":8,"column":7}},"6":{"start":{"line":7,"column":8},"end":{"line":7,"column":21}},"7":{"start":{"line":11,"column":2},"end":{"line":11,"column":14}}},"fnMap":{"0":{"name":"(anonymous_0)","decl":{"start":{"line":3,"column":17},"end":{"line":3,"column":18}},"loc":{"start":{"line":3,"column":35},"end":{"line":12,"column":1}},"line":3}},"branchMap":{"0":{"loc":{"start":{"line":6,"column":6},"end":{"line":8,"column":7}},"type":"if","locations":[{"start":{"line":6,"column":6},"end":{"line":8,"column":7}},{"start":{"line":6,"column":6},"end":{"line":8,"column":7}}],"line":6},"1":{"loc":{"start":{"line":6,"column":10},"end":{"line":6,"column":55}},"type":"binary-expr","locations":[{"start":{"line":6,"column":10},"end":{"line":6,"column":32}},{"start":{"line":6,"column":36},"end":{"line":6,"column":55}}],"line":6}},"s":{"0":3,"1":36,"2":36,"3":100,"4":100,"5":799,"6":34,"7":2},"f":{"0":36},"b":{"0":[34,765],"1":[799,312]},"_coverageSchema":"1a1c01bbd47fc00a2c39e90264f33305004495a9","hash":"8f1a16b82f49e54385a039bab5502178100e11b9"}
,"/home/jsmithb117/minesweeper/src/features/clickReducer.ts": {"path":"/home/jsmithb117/minesweeper/src/features/clickReducer.ts","statementMap":{"0":{"start":{"line":23,"column":21},"end":{"line":109,"column":1}},"1":{"start":{"line":24,"column":2},"end":{"line":29,"column":3}},"2":{"start":{"line":25,"column":4},"end":{"line":28,"column":7}},"3":{"start":{"line":26,"column":6},"end":{"line":26,"column":40}},"4":{"start":{"line":27,"column":6},"end":{"line":27,"column":19}},"5":{"start":{"line":31,"column":2},"end":{"line":37,"column":3}},"6":{"start":{"line":32,"column":4},"end":{"line":36,"column":7}},"7":{"start":{"line":33,"column":6},"end":{"line":33,"column":24}},"8":{"start":{"line":34,"column":6},"end":{"line":34,"column":25}},"9":{"start":{"line":35,"column":6},"end":{"line":35,"column":19}},"10":{"start":{"line":39,"column":2},"end":{"line":41,"column":3}},"11":{"start":{"line":40,"column":4},"end":{"line":40,"column":17}},"12":{"start":{"line":53,"column":26},"end":{"line":53,"column":55}},"13":{"start":{"line":54,"column":14},"end":{"line":54,"column":28}},"14":{"start":{"line":55,"column":14},"end":{"line":55,"column":28}},"15":{"start":{"line":57,"column":2},"end":{"line":71,"column":3}},"16":{"start":{"line":58,"column":4},"end":{"line":70,"column":7}},"17":{"start":{"line":59,"column":6},"end":{"line":61,"column":7}},"18":{"start":{"line":60,"column":8},"end":{"line":60,"column":56}},"19":{"start":{"line":62,"column":6},"end":{"line":69,"column":7}},"20":{"start":{"line":63,"column":8},"end":{"line":63,"column":26}},"21":{"start":{"line":64,"column":8},"end":{"line":64,"column":65}},"22":{"start":{"line":65,"column":8},"end":{"line":65,"column":21}},"23":{"start":{"line":66,"column":13},"end":{"line":69,"column":7}},"24":{"start":{"line":67,"column":8},"end":{"line":67,"column":25}},"25":{"start":{"line":68,"column":8},"end":{"line":68,"column":21}},"26":{"start":{"line":72,"column":2},"end":{"line":84,"column":3}},"27":{"start":{"line":73,"column":4},"end":{"line":83,"column":7}},"28":{"start":{"line":74,"column":6},"end":{"line":82,"column":7}},"29":{"start":{"line":75,"column":8},"end":{"line":79,"column":9}},"30":{"start":{"line":76,"column":10},"end":{"line":76,"column":40}},"31":{"start":{"line":78,"column":10},"end":{"line":78,"column":40}},"32":{"start":{"line":80,"column":8},"end":{"line":80,"column":65}},"33":{"start":{"line":81,"column":8},"end":{"line":81,"column":21}},"34":{"start":{"line":85,"column":2},"end":{"line":93,"column":3}},"35":{"start":{"line":86,"column":4},"end":{"line":92,"column":7}},"36":{"start":{"line":87,"column":21},"end":{"line":87,"column":42}},"37":{"start":{"line":88,"column":20},"end":{"line":88,"column":40}},"38":{"start":{"line":89,"column":20},"end":{"line":89,"column":40}},"39":{"start":{"line":90,"column":6},"end":{"line":90,"column":62}},"40":{"start":{"line":91,"column":6},"end":{"line":91,"column":19}},"41":{"start":{"line":94,"column":2},"end":{"line":99,"column":3}},"42":{"start":{"line":95,"column":4},"end":{"line":98,"column":7}},"43":{"start":{"line":96,"column":6},"end":{"line":96,"column":40}},"44":{"start":{"line":97,"column":6},"end":{"line":97,"column":19}},"45":{"start":{"line":101,"column":2},"end":{"line":106,"column":3}},"46":{"start":{"line":102,"column":4},"end":{"line":105,"column":7}},"47":{"start":{"line":103,"column":6},"end":{"line":103,"column":51}},"48":{"start":{"line":104,"column":6},"end":{"line":104,"column":19}},"49":{"start":{"line":108,"column":2},"end":{"line":108,"column":15}}},"fnMap":{"0":{"name":"(anonymous_0)","decl":{"start":{"line":23,"column":21},"end":{"line":23,"column":22}},"loc":{"start":{"line":23,"column":79},"end":{"line":109,"column":1}},"line":23},"1":{"name":"(anonymous_1)","decl":{"start":{"line":25,"column":26},"end":{"line":25,"column":27}},"loc":{"start":{"line":25,"column":57},"end":{"line":28,"column":5}},"line":25},"2":{"name":"(anonymous_2)","decl":{"start":{"line":32,"column":26},"end":{"line":32,"column":27}},"loc":{"start":{"line":32,"column":57},"end":{"line":36,"column":5}},"line":32},"3":{"name":"(anonymous_3)","decl":{"start":{"line":58,"column":26},"end":{"line":58,"column":27}},"loc":{"start":{"line":58,"column":57},"end":{"line":70,"column":5}},"line":58},"4":{"name":"(anonymous_4)","decl":{"start":{"line":73,"column":26},"end":{"line":73,"column":27}},"loc":{"start":{"line":73,"column":57},"end":{"line":83,"column":5}},"line":73},"5":{"name":"(anonymous_5)","decl":{"start":{"line":86,"column":26},"end":{"line":86,"column":27}},"loc":{"start":{"line":86,"column":57},"end":{"line":92,"column":5}},"line":86},"6":{"name":"(anonymous_6)","decl":{"start":{"line":95,"column":26},"end":{"line":95,"column":27}},"loc":{"start":{"line":95,"column":57},"end":{"line":98,"column":5}},"line":95},"7":{"name":"(anonymous_7)","decl":{"start":{"line":102,"column":26},"end":{"line":102,"column":27}},"loc":{"start":{"line":102,"column":57},"end":{"line":105,"column":5}},"line":102}},"branchMap":{"0":{"loc":{"start":{"line":23,"column":22},"end":{"line":23,"column":54}},"type":"default-arg","locations":[{"start":{"line":23,"column":50},"end":{"line":23,"column":54}}],"line":23},"1":{"loc":{"start":{"line":24,"column":2},"end":{"line":29,"column":3}},"type":"if","locations":[{"start":{"line":24,"column":2},"end":{"line":29,"column":3}},{"start":{"line":24,"column":2},"end":{"line":29,"column":3}}],"line":24},"2":{"loc":{"start":{"line":31,"column":2},"end":{"line":37,"column":3}},"type":"if","locations":[{"start":{"line":31,"column":2},"end":{"line":37,"column":3}},{"start":{"line":31,"column":2},"end":{"line":37,"column":3}}],"line":31},"3":{"loc":{"start":{"line":39,"column":2},"end":{"line":41,"column":3}},"type":"if","locations":[{"start":{"line":39,"column":2},"end":{"line":41,"column":3}},{"start":{"line":39,"column":2},"end":{"line":41,"column":3}}],"line":39},"4":{"loc":{"start":{"line":39,"column":6},"end":{"line":39,"column":31}},"type":"binary-expr","locations":[{"start":{"line":39,"column":6},"end":{"line":39,"column":16}},{"start":{"line":39,"column":20},"end":{"line":39,"column":31}}],"line":39},"5":{"loc":{"start":{"line":53,"column":26},"end":{"line":53,"column":55}},"type":"binary-expr","locations":[{"start":{"line":53,"column":26},"end":{"line":53,"column":40}},{"start":{"line":53,"column":44},"end":{"line":53,"column":55}}],"line":53},"6":{"loc":{"start":{"line":54,"column":14},"end":{"line":54,"column":28}},"type":"binary-expr","locations":[{"start":{"line":54,"column":14},"end":{"line":54,"column":23}},{"start":{"line":54,"column":27},"end":{"line":54,"column":28}}],"line":54},"7":{"loc":{"start":{"line":55,"column":14},"end":{"line":55,"column":28}},"type":"binary-expr","locations":[{"start":{"line":55,"column":14},"end":{"line":55,"column":23}},{"start":{"line":55,"column":27},"end":{"line":55,"column":28}}],"line":55},"8":{"loc":{"start":{"line":57,"column":2},"end":{"line":71,"column":3}},"type":"if","locations":[{"start":{"line":57,"column":2},"end":{"line":71,"column":3}},{"start":{"line":57,"column":2},"end":{"line":71,"column":3}}],"line":57},"9":{"loc":{"start":{"line":59,"column":6},"end":{"line":61,"column":7}},"type":"if","locations":[{"start":{"line":59,"column":6},"end":{"line":61,"column":7}},{"start":{"line":59,"column":6},"end":{"line":61,"column":7}}],"line":59},"10":{"loc":{"start":{"line":59,"column":10},"end":{"line":59,"column":49}},"type":"binary-expr","locations":[{"start":{"line":59,"column":10},"end":{"line":59,"column":26}},{"start":{"line":59,"column":30},"end":{"line":59,"column":49}}],"line":59},"11":{"loc":{"start":{"line":62,"column":6},"end":{"line":69,"column":7}},"type":"if","locations":[{"start":{"line":62,"column":6},"end":{"line":69,"column":7}},{"start":{"line":62,"column":6},"end":{"line":69,"column":7}}],"line":62},"12":{"loc":{"start":{"line":62,"column":10},"end":{"line":62,"column":45}},"type":"binary-expr","locations":[{"start":{"line":62,"column":10},"end":{"line":62,"column":22}},{"start":{"line":62,"column":26},"end":{"line":62,"column":45}}],"line":62},"13":{"loc":{"start":{"line":64,"column":20},"end":{"line":64,"column":34}},"type":"binary-expr","locations":[{"start":{"line":64,"column":20},"end":{"line":64,"column":29}},{"start":{"line":64,"column":33},"end":{"line":64,"column":34}}],"line":64},"14":{"loc":{"start":{"line":64,"column":36},"end":{"line":64,"column":50}},"type":"binary-expr","locations":[{"start":{"line":64,"column":36},"end":{"line":64,"column":45}},{"start":{"line":64,"column":49},"end":{"line":64,"column":50}}],"line":64},"15":{"loc":{"start":{"line":66,"column":13},"end":{"line":69,"column":7}},"type":"if","locations":[{"start":{"line":66,"column":13},"end":{"line":69,"column":7}},{"start":{"line":66,"column":13},"end":{"line":69,"column":7}}],"line":66},"16":{"loc":{"start":{"line":72,"column":2},"end":{"line":84,"column":3}},"type":"if","locations":[{"start":{"line":72,"column":2},"end":{"line":84,"column":3}},{"start":{"line":72,"column":2},"end":{"line":84,"column":3}}],"line":72},"17":{"loc":{"start":{"line":74,"column":6},"end":{"line":82,"column":7}},"type":"if","locations":[{"start":{"line":74,"column":6},"end":{"line":82,"column":7}},{"start":{"line":74,"column":6},"end":{"line":82,"column":7}}],"line":74},"18":{"loc":{"start":{"line":75,"column":8},"end":{"line":79,"column":9}},"type":"if","locations":[{"start":{"line":75,"column":8},"end":{"line":79,"column":9}},{"start":{"line":75,"column":8},"end":{"line":79,"column":9}}],"line":75},"19":{"loc":{"start":{"line":85,"column":2},"end":{"line":93,"column":3}},"type":"if","locations":[{"start":{"line":85,"column":2},"end":{"line":93,"column":3}},{"start":{"line":85,"column":2},"end":{"line":93,"column":3}}],"line":85},"20":{"loc":{"start":{"line":94,"column":2},"end":{"line":99,"column":3}},"type":"if","locations":[{"start":{"line":94,"column":2},"end":{"line":99,"column":3}},{"start":{"line":94,"column":2},"end":{"line":99,"column":3}}],"line":94},"21":{"loc":{"start":{"line":101,"column":2},"end":{"line":106,"column":3}},"type":"if","locations":[{"start":{"line":101,"column":2},"end":{"line":106,"column":3}},{"start":{"line":101,"column":2},"end":{"line":106,"column":3}}],"line":101}},"s":{"0":3,"1":210,"2":3,"3":3,"4":3,"5":207,"6":1,"7":1,"8":1,"9":1,"10":206,"11":72,"12":134,"13":134,"14":134,"15":134,"16":39,"17":39,"18":28,"19":39,"20":3,"21":3,"22":3,"23":36,"24":2,"25":2,"26":95,"27":9,"28":9,"29":9,"30":4,"31":5,"32":9,"33":9,"34":86,"35":3,"36":3,"37":3,"38":3,"39":3,"40":3,"41":83,"42":1,"43":1,"44":1,"45":82,"46":1,"47":1,"48":1,"49":81},"f":{"0":210,"1":3,"2":1,"3":39,"4":9,"5":3,"6":1,"7":1},"b":{"0":[6],"1":[3,207],"2":[1,206],"3":[72,134],"4":[206,136],"5":[134,49],"6":[134,95],"7":[134,97],"8":[39,95],"9":[28,11],"10":[39,29],"11":[3,36],"12":[39,3],"13":[3,3],"14":[3,3],"15":[2,34],"16":[9,86],"17":[9,0],"18":[4,5],"19":[3,83],"20":[1,82],"21":[1,81]},"_coverageSchema":"1a1c01bbd47fc00a2c39e90264f33305004495a9","hash":"0d0ca853f3e5a6917b0345261f23490dd44ed0ba"}
,"/home/jsmithb117/minesweeper/src/features/displayValue.ts": {"path":"/home/jsmithb117/minesweeper/src/features/displayValue.ts","statementMap":{"0":{"start":{"line":3,"column":21},"end":{"line":8,"column":1}},"1":{"start":{"line":4,"column":2},"end":{"line":6,"column":3}},"2":{"start":{"line":5,"column":4},"end":{"line":5,"column":21}},"3":{"start":{"line":7,"column":2},"end":{"line":7,"column":12}}},"fnMap":{"0":{"name":"(anonymous_0)","decl":{"start":{"line":3,"column":21},"end":{"line":3,"column":22}},"loc":{"start":{"line":3,"column":40},"end":{"line":8,"column":1}},"line":3}},"branchMap":{"0":{"loc":{"start":{"line":4,"column":2},"end":{"line":6,"column":3}},"type":"if","locations":[{"start":{"line":4,"column":2},"end":{"line":6,"column":3}},{"start":{"line":4,"column":2},"end":{"line":6,"column":3}}],"line":4},"1":{"loc":{"start":{"line":4,"column":6},"end":{"line":4,"column":38}},"type":"binary-expr","locations":[{"start":{"line":4,"column":6},"end":{"line":4,"column":21}},{"start":{"line":4,"column":25},"end":{"line":4,"column":38}}],"line":4}},"s":{"0":2,"1":11060,"2":1862,"3":9198},"f":{"0":11060},"b":{"0":[1862,9198],"1":[11060,1862]},"_coverageSchema":"1a1c01bbd47fc00a2c39e90264f33305004495a9","hash":"0add11f505b6bf17870b03c0111102e566e9385f"}
,"/home/jsmithb117/minesweeper/src/features/formReducer.ts": {"path":"/home/jsmithb117/minesweeper/src/features/formReducer.ts","statementMap":{"0":{"start":{"line":16,"column":20},"end":{"line":72,"column":1}},"1":{"start":{"line":17,"column":2},"end":{"line":22,"column":3}},"2":{"start":{"line":18,"column":4},"end":{"line":21,"column":7}},"3":{"start":{"line":19,"column":6},"end":{"line":19,"column":21}},"4":{"start":{"line":20,"column":6},"end":{"line":20,"column":19}},"5":{"start":{"line":23,"column":2},"end":{"line":27,"column":3}},"6":{"start":{"line":24,"column":4},"end":{"line":26,"column":7}},"7":{"start":{"line":25,"column":6},"end":{"line":25,"column":22}},"8":{"start":{"line":28,"column":2},"end":{"line":33,"column":3}},"9":{"start":{"line":29,"column":4},"end":{"line":32,"column":7}},"10":{"start":{"line":30,"column":6},"end":{"line":30,"column":36}},"11":{"start":{"line":31,"column":6},"end":{"line":31,"column":19}},"12":{"start":{"line":34,"column":2},"end":{"line":39,"column":3}},"13":{"start":{"line":35,"column":4},"end":{"line":38,"column":7}},"14":{"start":{"line":36,"column":6},"end":{"line":36,"column":35}},"15":{"start":{"line":37,"column":6},"end":{"line":37,"column":19}},"16":{"start":{"line":40,"column":2},"end":{"line":45,"column":3}},"17":{"start":{"line":41,"column":4},"end":{"line":44,"column":7}},"18":{"start":{"line":42,"column":6},"end":{"line":42,"column":34}},"19":{"start":{"line":43,"column":6},"end":{"line":43,"column":19}},"20":{"start":{"line":46,"column":2},"end":{"line":51,"column":3}},"21":{"start":{"line":47,"column":4},"end":{"line":50,"column":7}},"22":{"start":{"line":48,"column":6},"end":{"line":48,"column":30}},"23":{"start":{"line":49,"column":6},"end":{"line":49,"column":19}},"24":{"start":{"line":52,"column":2},"end":{"line":58,"column":3}},"25":{"start":{"line":53,"column":4},"end":{"line":57,"column":5}},"26":{"start":{"line":54,"column":6},"end":{"line":54,"column":30}},"27":{"start":{"line":55,"column":6},"end":{"line":55,"column":19}},"28":{"start":{"line":59,"column":2},"end":{"line":64,"column":3}},"29":{"start":{"line":60,"column":4},"end":{"line":63,"column":7}},"30":{"start":{"line":61,"column":6},"end":{"line":61,"column":42}},"31":{"start":{"line":62,"column":6},"end":{"line":62,"column":19}},"32":{"start":{"line":65,"column":2},"end":{"line":70,"column":3}},"33":{"start":{"line":66,"column":4},"end":{"line":69,"column":7}},"34":{"start":{"line":67,"column":6},"end":{"line":67,"column":35}},"35":{"start":{"line":68,"column":6},"end":{"line":68,"column":19}},"36":{"start":{"line":71,"column":2},"end":{"line":71,"column":15}}},"fnMap":{"0":{"name":"(anonymous_0)","decl":{"start":{"line":16,"column":20},"end":{"line":16,"column":21}},"loc":{"start":{"line":16,"column":79},"end":{"line":72,"column":1}},"line":16},"1":{"name":"(anonymous_1)","decl":{"start":{"line":18,"column":26},"end":{"line":18,"column":27}},"loc":{"start":{"line":18,"column":56},"end":{"line":21,"column":5}},"line":18},"2":{"name":"(anonymous_2)","decl":{"start":{"line":24,"column":26},"end":{"line":24,"column":27}},"loc":{"start":{"line":24,"column":56},"end":{"line":26,"column":5}},"line":24},"3":{"name":"(anonymous_3)","decl":{"start":{"line":29,"column":26},"end":{"line":29,"column":27}},"loc":{"start":{"line":29,"column":56},"end":{"line":32,"column":5}},"line":29},"4":{"name":"(anonymous_4)","decl":{"start":{"line":35,"column":26},"end":{"line":35,"column":27}},"loc":{"start":{"line":35,"column":56},"end":{"line":38,"column":5}},"line":35},"5":{"name":"(anonymous_5)","decl":{"start":{"line":41,"column":26},"end":{"line":41,"column":27}},"loc":{"start":{"line":41,"column":56},"end":{"line":44,"column":5}},"line":41},"6":{"name":"(anonymous_6)","decl":{"start":{"line":47,"column":26},"end":{"line":47,"column":27}},"loc":{"start":{"line":47,"column":56},"end":{"line":50,"column":5}},"line":47},"7":{"name":"(anonymous_7)","decl":{"start":{"line":53,"column":26},"end":{"line":53,"column":27}},"loc":{"start":{"line":53,"column":56},"end":{"line":56,"column":5}},"line":53},"8":{"name":"(anonymous_8)","decl":{"start":{"line":60,"column":26},"end":{"line":60,"column":27}},"loc":{"start":{"line":60,"column":56},"end":{"line":63,"column":5}},"line":60},"9":{"name":"(anonymous_9)","decl":{"start":{"line":66,"column":26},"end":{"line":66,"column":27}},"loc":{"start":{"line":66,"column":56},"end":{"line":69,"column":5}},"line":66}},"branchMap":{"0":{"loc":{"start":{"line":16,"column":21},"end":{"line":16,"column":52}},"type":"default-arg","locations":[{"start":{"line":16,"column":48},"end":{"line":16,"column":52}}],"line":16},"1":{"loc":{"start":{"line":17,"column":2},"end":{"line":22,"column":3}},"type":"if","locations":[{"start":{"line":17,"column":2},"end":{"line":22,"column":3}},{"start":{"line":17,"column":2},"end":{"line":22,"column":3}}],"line":17},"2":{"loc":{"start":{"line":23,"column":2},"end":{"line":27,"column":3}},"type":"if","locations":[{"start":{"line":23,"column":2},"end":{"line":27,"column":3}},{"start":{"line":23,"column":2},"end":{"line":27,"column":3}}],"line":23},"3":{"loc":{"start":{"line":28,"column":2},"end":{"line":33,"column":3}},"type":"if","locations":[{"start":{"line":28,"column":2},"end":{"line":33,"column":3}},{"start":{"line":28,"column":2},"end":{"line":33,"column":3}}],"line":28},"4":{"loc":{"start":{"line":34,"column":2},"end":{"line":39,"column":3}},"type":"if","locations":[{"start":{"line":34,"column":2},"end":{"line":39,"column":3}},{"start":{"line":34,"column":2},"end":{"line":39,"column":3}}],"line":34},"5":{"loc":{"start":{"line":40,"column":2},"end":{"line":45,"column":3}},"type":"if","locations":[{"start":{"line":40,"column":2},"end":{"line":45,"column":3}},{"start":{"line":40,"column":2},"end":{"line":45,"column":3}}],"line":40},"6":{"loc":{"start":{"line":46,"column":2},"end":{"line":51,"column":3}},"type":"if","locations":[{"start":{"line":46,"column":2},"end":{"line":51,"column":3}},{"start":{"line":46,"column":2},"end":{"line":51,"column":3}}],"line":46},"7":{"loc":{"start":{"line":52,"column":2},"end":{"line":58,"column":3}},"type":"if","locations":[{"start":{"line":52,"column":2},"end":{"line":58,"column":3}},{"start":{"line":52,"column":2},"end":{"line":58,"column":3}}],"line":52},"8":{"loc":{"start":{"line":59,"column":2},"end":{"line":64,"column":3}},"type":"if","locations":[{"start":{"line":59,"column":2},"end":{"line":64,"column":3}},{"start":{"line":59,"column":2},"end":{"line":64,"column":3}}],"line":59},"9":{"loc":{"start":{"line":65,"column":2},"end":{"line":70,"column":3}},"type":"if","locations":[{"start":{"line":65,"column":2},"end":{"line":70,"column":3}},{"start":{"line":65,"column":2},"end":{"line":70,"column":3}}],"line":65}},"s":{"0":3,"1":210,"2":0,"3":0,"4":0,"5":210,"6":0,"7":0,"8":210,"9":5,"10":5,"11":5,"12":205,"13":5,"14":5,"15":5,"16":200,"17":5,"18":5,"19":5,"20":195,"21":7,"22":7,"23":7,"24":188,"25":4,"26":4,"27":4,"28":184,"29":19,"30":19,"31":19,"32":165,"33":2,"34":2,"35":2,"36":163},"f":{"0":210,"1":0,"2":0,"3":5,"4":5,"5":5,"6":7,"7":4,"8":19,"9":2},"b":{"0":[6],"1":[0,210],"2":[0,210],"3":[5,205],"4":[5,200],"5":[5,195],"6":[7,188],"7":[4,184],"8":[19,165],"9":[2,163]},"_coverageSchema":"1a1c01bbd47fc00a2c39e90264f33305004495a9","hash":"81a7d5a709a9922b0c9748c835698ba09223abae"}
,"/home/jsmithb117/minesweeper/src/features/hooks.ts": {"path":"/home/jsmithb117/minesweeper/src/features/hooks.ts","statementMap":{"0":{"start":{"line":4,"column":30},"end":{"line":4,"column":60}},"1":{"start":{"line":4,"column":36},"end":{"line":4,"column":60}},"2":{"start":{"line":5,"column":63},"end":{"line":5,"column":74}}},"fnMap":{"0":{"name":"(anonymous_0)","decl":{"start":{"line":4,"column":30},"end":{"line":4,"column":31}},"loc":{"start":{"line":4,"column":36},"end":{"line":4,"column":60}},"line":4}},"branchMap":{},"s":{"0":2,"1":12450,"2":2},"f":{"0":12450},"b":{},"_coverageSchema":"1a1c01bbd47fc00a2c39e90264f33305004495a9","hash":"78e6d16ccec2250dc2016d0ee0d91d1274203e91"}
,"/home/jsmithb117/minesweeper/src/features/initialState.ts": {"path":"/home/jsmithb117/minesweeper/src/features/initialState.ts","statementMap":{"0":{"start":{"line":25,"column":28},"end":{"line":49,"column":1}},"1":{"start":{"line":30,"column":19},"end":{"line":30,"column":59}},"2":{"start":{"line":31,"column":31},"end":{"line":47,"column":3}},"3":{"start":{"line":48,"column":2},"end":{"line":48,"column":15}}},"fnMap":{"0":{"name":"(anonymous_0)","decl":{"start":{"line":25,"column":28},"end":{"line":25,"column":29}},"loc":{"start":{"line":29,"column":28},"end":{"line":49,"column":1}},"line":29}},"branchMap":{"0":{"loc":{"start":{"line":26,"column":2},"end":{"line":26,"column":21}},"type":"default-arg","locations":[{"start":{"line":26,"column":19},"end":{"line":26,"column":21}}],"line":26},"1":{"loc":{"start":{"line":27,"column":2},"end":{"line":27,"column":20}},"type":"default-arg","locations":[{"start":{"line":27,"column":18},"end":{"line":27,"column":20}}],"line":27},"2":{"loc":{"start":{"line":28,"column":2},"end":{"line":28,"column":20}},"type":"default-arg","locations":[{"start":{"line":28,"column":18},"end":{"line":28,"column":20}}],"line":28},"3":{"loc":{"start":{"line":29,"column":2},"end":{"line":29,"column":23}},"type":"default-arg","locations":[{"start":{"line":29,"column":18},"end":{"line":29,"column":23}}],"line":29}},"s":{"0":4,"1":8,"2":8,"3":8},"f":{"0":8},"b":{"0":[4],"1":[4],"2":[4],"3":[4]},"_coverageSchema":"1a1c01bbd47fc00a2c39e90264f33305004495a9","hash":"7ae2de5b4b82bd1f2bca19a99a6925ac24917628"}
,"/home/jsmithb117/minesweeper/src/features/pieceClass.ts": {"path":"/home/jsmithb117/minesweeper/src/features/pieceClass.ts","statementMap":{"0":{"start":{"line":4,"column":19},"end":{"line":20,"column":1}},"1":{"start":{"line":5,"column":26},"end":{"line":5,"column":63}},"2":{"start":{"line":7,"column":2},"end":{"line":9,"column":3}},"3":{"start":{"line":8,"column":4},"end":{"line":8,"column":45}},"4":{"start":{"line":10,"column":2},"end":{"line":12,"column":3}},"5":{"start":{"line":11,"column":4},"end":{"line":11,"column":42}},"6":{"start":{"line":13,"column":2},"end":{"line":15,"column":3}},"7":{"start":{"line":14,"column":4},"end":{"line":14,"column":43}},"8":{"start":{"line":16,"column":2},"end":{"line":18,"column":3}},"9":{"start":{"line":17,"column":4},"end":{"line":17,"column":69}},"10":{"start":{"line":19,"column":2},"end":{"line":19,"column":19}}},"fnMap":{"0":{"name":"(anonymous_0)","decl":{"start":{"line":4,"column":19},"end":{"line":4,"column":20}},"loc":{"start":{"line":4,"column":69},"end":{"line":20,"column":1}},"line":4}},"branchMap":{"0":{"loc":{"start":{"line":7,"column":2},"end":{"line":9,"column":3}},"type":"if","locations":[{"start":{"line":7,"column":2},"end":{"line":9,"column":3}},{"start":{"line":7,"column":2},"end":{"line":9,"column":3}}],"line":7},"1":{"loc":{"start":{"line":10,"column":2},"end":{"line":12,"column":3}},"type":"if","locations":[{"start":{"line":10,"column":2},"end":{"line":12,"column":3}},{"start":{"line":10,"column":2},"end":{"line":12,"column":3}}],"line":10},"2":{"loc":{"start":{"line":10,"column":6},"end":{"line":10,"column":40}},"type":"binary-expr","locations":[{"start":{"line":10,"column":6},"end":{"line":10,"column":24}},{"start":{"line":10,"column":28},"end":{"line":10,"column":40}}],"line":10},"3":{"loc":{"start":{"line":13,"column":2},"end":{"line":15,"column":3}},"type":"if","locations":[{"start":{"line":13,"column":2},"end":{"line":15,"column":3}},{"start":{"line":13,"column":2},"end":{"line":15,"column":3}}],"line":13},"4":{"loc":{"start":{"line":16,"column":2},"end":{"line":18,"column":3}},"type":"if","locations":[{"start":{"line":16,"column":2},"end":{"line":18,"column":3}},{"start":{"line":16,"column":2},"end":{"line":18,"column":3}}],"line":16},"5":{"loc":{"start":{"line":16,"column":6},"end":{"line":16,"column":44}},"type":"binary-expr","locations":[{"start":{"line":16,"column":6},"end":{"line":16,"column":21}},{"start":{"line":16,"column":25},"end":{"line":16,"column":44}}],"line":16}},"s":{"0":3,"1":12613,"2":12613,"3":10740,"4":12613,"5":1270,"6":12613,"7":6,"8":12613,"9":1872,"10":12613},"f":{"0":12613},"b":{"0":[10740,1873],"1":[1270,11343],"2":[12613,11477],"3":[6,12607],"4":[1872,10741],"5":[12613,1873]},"_coverageSchema":"1a1c01bbd47fc00a2c39e90264f33305004495a9","hash":"e580fa3b4384d8797c4323879fb7d9afe48e2d8b"}
,"/home/jsmithb117/minesweeper/src/features/zeroFinder.ts": {"path":"/home/jsmithb117/minesweeper/src/features/zeroFinder.ts","statementMap":{"0":{"start":{"line":4,"column":19},"end":{"line":52,"column":1}},"1":{"start":{"line":5,"column":2},"end":{"line":7,"column":3}},"2":{"start":{"line":6,"column":4},"end":{"line":6,"column":37}},"3":{"start":{"line":9,"column":2},"end":{"line":50,"column":3}},"4":{"start":{"line":14,"column":15},"end":{"line":14,"column":94}},"5":{"start":{"line":15,"column":14},"end":{"line":15,"column":85}},"6":{"start":{"line":16,"column":15},"end":{"line":16,"column":94}},"7":{"start":{"line":18,"column":15},"end":{"line":18,"column":68}},"8":{"start":{"line":19,"column":15},"end":{"line":19,"column":68}},"9":{"start":{"line":21,"column":15},"end":{"line":21,"column":94}},"10":{"start":{"line":22,"column":14},"end":{"line":22,"column":85}},"11":{"start":{"line":23,"column":15},"end":{"line":23,"column":94}},"12":{"start":{"line":26,"column":4},"end":{"line":28,"column":5}},"13":{"start":{"line":27,"column":6},"end":{"line":27,"column":50}},"14":{"start":{"line":29,"column":4},"end":{"line":31,"column":5}},"15":{"start":{"line":30,"column":6},"end":{"line":30,"column":46}},"16":{"start":{"line":32,"column":4},"end":{"line":34,"column":5}},"17":{"start":{"line":33,"column":6},"end":{"line":33,"column":50}},"18":{"start":{"line":35,"column":4},"end":{"line":37,"column":5}},"19":{"start":{"line":36,"column":6},"end":{"line":36,"column":46}},"20":{"start":{"line":38,"column":4},"end":{"line":40,"column":5}},"21":{"start":{"line":39,"column":6},"end":{"line":39,"column":46}},"22":{"start":{"line":41,"column":4},"end":{"line":43,"column":5}},"23":{"start":{"line":42,"column":6},"end":{"line":42,"column":50}},"24":{"start":{"line":44,"column":4},"end":{"line":46,"column":5}},"25":{"start":{"line":45,"column":6},"end":{"line":45,"column":46}},"26":{"start":{"line":47,"column":4},"end":{"line":49,"column":5}},"27":{"start":{"line":48,"column":6},"end":{"line":48,"column":50}},"28":{"start":{"line":51,"column":2},"end":{"line":51,"column":15}}},"fnMap":{"0":{"name":"(anonymous_0)","decl":{"start":{"line":4,"column":19},"end":{"line":4,"column":20}},"loc":{"start":{"line":4,"column":63},"end":{"line":52,"column":1}},"line":4}},"branchMap":{"0":{"loc":{"start":{"line":5,"column":2},"end":{"line":7,"column":3}},"type":"if","locations":[{"start":{"line":5,"column":2},"end":{"line":7,"column":3}},{"start":{"line":5,"column":2},"end":{"line":7,"column":3}}],"line":5},"1":{"loc":{"start":{"line":9,"column":2},"end":{"line":50,"column":3}},"type":"if","locations":[{"start":{"line":9,"column":2},"end":{"line":50,"column":3}},{"start":{"line":9,"column":2},"end":{"line":50,"column":3}}],"line":9},"2":{"loc":{"start":{"line":14,"column":15},"end":{"line":14,"column":94}},"type":"cond-expr","locations":[{"start":{"line":14,"column":59},"end":{"line":14,"column":82}},{"start":{"line":14,"column":85},"end":{"line":14,"column":94}}],"line":14},"3":{"loc":{"start":{"line":14,"column":15},"end":{"line":14,"column":56}},"type":"binary-expr","locations":[{"start":{"line":14,"column":15},"end":{"line":14,"column":29}},{"start":{"line":14,"column":33},"end":{"line":14,"column":56}}],"line":14},"4":{"loc":{"start":{"line":15,"column":14},"end":{"line":15,"column":85}},"type":"cond-expr","locations":[{"start":{"line":15,"column":54},"end":{"line":15,"column":73}},{"start":{"line":15,"column":76},"end":{"line":15,"column":85}}],"line":15},"5":{"loc":{"start":{"line":15,"column":14},"end":{"line":15,"column":51}},"type":"binary-expr","locations":[{"start":{"line":15,"column":14},"end":{"line":15,"column":28}},{"start":{"line":15,"column":32},"end":{"line":15,"column":51}}],"line":15},"6":{"loc":{"start":{"line":16,"column":15},"end":{"line":16,"column":94}},"type":"cond-expr","locations":[{"start":{"line":16,"column":59},"end":{"line":16,"column":82}},{"start":{"line":16,"column":85},"end":{"line":16,"column":94}}],"line":16},"7":{"loc":{"start":{"line":16,"column":15},"end":{"line":16,"column":56}},"type":"binary-expr","locations":[{"start":{"line":16,"column":15},"end":{"line":16,"column":29}},{"start":{"line":16,"column":33},"end":{"line":16,"column":56}}],"line":16},"8":{"loc":{"start":{"line":18,"column":15},"end":{"line":18,"column":68}},"type":"cond-expr","locations":[{"start":{"line":18,"column":37},"end":{"line":18,"column":56}},{"start":{"line":18,"column":59},"end":{"line":18,"column":68}}],"line":18},"9":{"loc":{"start":{"line":19,"column":15},"end":{"line":19,"column":68}},"type":"cond-expr","locations":[{"start":{"line":19,"column":37},"end":{"line":19,"column":56}},{"start":{"line":19,"column":59},"end":{"line":19,"column":68}}],"line":19},"10":{"loc":{"start":{"line":21,"column":15},"end":{"line":21,"column":94}},"type":"cond-expr","locations":[{"start":{"line":21,"column":59},"end":{"line":21,"column":82}},{"start":{"line":21,"column":85},"end":{"line":21,"column":94}}],"line":21},"11":{"loc":{"start":{"line":21,"column":15},"end":{"line":21,"column":56}},"type":"binary-expr","locations":[{"start":{"line":21,"column":15},"end":{"line":21,"column":29}},{"start":{"line":21,"column":33},"end":{"line":21,"column":56}}],"line":21},"12":{"loc":{"start":{"line":22,"column":14},"end":{"line":22,"column":85}},"type":"cond-expr","locations":[{"start":{"line":22,"column":54},"end":{"line":22,"column":73}},{"start":{"line":22,"column":76},"end":{"line":22,"column":85}}],"line":22},"13":{"loc":{"start":{"line":22,"column":14},"end":{"line":22,"column":51}},"type":"binary-expr","locations":[{"start":{"line":22,"column":14},"end":{"line":22,"column":28}},{"start":{"line":22,"column":32},"end":{"line":22,"column":51}}],"line":22},"14":{"loc":{"start":{"line":23,"column":15},"end":{"line":23,"column":94}},"type":"cond-expr","locations":[{"start":{"line":23,"column":59},"end":{"line":23,"column":82}},{"start":{"line":23,"column":85},"end":{"line":23,"column":94}}],"line":23},"15":{"loc":{"start":{"line":23,"column":15},"end":{"line":23,"column":56}},"type":"binary-expr","locations":[{"start":{"line":23,"column":15},"end":{"line":23,"column":29}},{"start":{"line":23,"column":33},"end":{"line":23,"column":56}}],"line":23},"16":{"loc":{"start":{"line":26,"column":4},"end":{"line":28,"column":5}},"type":"if","locations":[{"start":{"line":26,"column":4},"end":{"line":28,"column":5}},{"start":{"line":26,"column":4},"end":{"line":28,"column":5}}],"line":26},"17":{"loc":{"start":{"line":26,"column":8},"end":{"line":26,"column":41}},"type":"binary-expr","locations":[{"start":{"line":26,"column":8},"end":{"line":26,"column":10}},{"start":{"line":26,"column":14},"end":{"line":26,"column":24}},{"start":{"line":26,"column":28},"end":{"line":26,"column":41}}],"line":26},"18":{"loc":{"start":{"line":29,"column":4},"end":{"line":31,"column":5}},"type":"if","locations":[{"start":{"line":29,"column":4},"end":{"line":31,"column":5}},{"start":{"line":29,"column":4},"end":{"line":31,"column":5}}],"line":29},"19":{"loc":{"start":{"line":29,"column":8},"end":{"line":29,"column":38}},"type":"binary-expr","locations":[{"start":{"line":29,"column":8},"end":{"line":29,"column":9}},{"start":{"line":29,"column":13},"end":{"line":29,"column":22}},{"start":{"line":29,"column":26},"end":{"line":29,"column":38}}],"line":29},"20":{"loc":{"start":{"line":32,"column":4},"end":{"line":34,"column":5}},"type":"if","locations":[{"start":{"line":32,"column":4},"end":{"line":34,"column":5}},{"start":{"line":32,"column":4},"end":{"line":34,"column":5}}],"line":32},"21":{"loc":{"start":{"line":32,"column":8},"end":{"line":32,"column":41}},"type":"binary-expr","locations":[{"start":{"line":32,"column":8},"end":{"line":32,"column":10}},{"start":{"line":32,"column":14},"end":{"line":32,"column":24}},{"start":{"line":32,"column":28},"end":{"line":32,"column":41}}],"line":32},"22":{"loc":{"start":{"line":35,"column":4},"end":{"line":37,"column":5}},"type":"if","locations":[{"start":{"line":35,"column":4},"end":{"line":37,"column":5}},{"start":{"line":35,"column":4},"end":{"line":37,"column":5}}],"line":35},"23":{"loc":{"start":{"line":35,"column":8},"end":{"line":35,"column":41}},"type":"binary-expr","locations":[{"start":{"line":35,"column":8},"end":{"line":35,"column":10}},{"start":{"line":35,"column":14},"end":{"line":35,"column":24}},{"start":{"line":35,"column":28},"end":{"line":35,"column":41}}],"line":35},"24":{"loc":{"start":{"line":38,"column":4},"end":{"line":40,"column":5}},"type":"if","locations":[{"start":{"line":38,"column":4},"end":{"line":40,"column":5}},{"start":{"line":38,"column":4},"end":{"line":40,"column":5}}],"line":38},"25":{"loc":{"start":{"line":38,"column":8},"end":{"line":38,"column":41}},"type":"binary-expr","locations":[{"start":{"line":38,"column":8},"end":{"line":38,"column":10}},{"start":{"line":38,"column":14},"end":{"line":38,"column":24}},{"start":{"line":38,"column":28},"end":{"line":38,"column":41}}],"line":38},"26":{"loc":{"start":{"line":41,"column":4},"end":{"line":43,"column":5}},"type":"if","locations":[{"start":{"line":41,"column":4},"end":{"line":43,"column":5}},{"start":{"line":41,"column":4},"end":{"line":43,"column":5}}],"line":41},"27":{"loc":{"start":{"line":41,"column":8},"end":{"line":41,"column":41}},"type":"binary-expr","locations":[{"start":{"line":41,"column":8},"end":{"line":41,"column":10}},{"start":{"line":41,"column":14},"end":{"line":41,"column":24}},{"start":{"line":41,"column":28},"end":{"line":41,"column":41}}],"line":41},"28":{"loc":{"start":{"line":44,"column":4},"end":{"line":46,"column":5}},"type":"if","locations":[{"start":{"line":44,"column":4},"end":{"line":46,"column":5}},{"start":{"line":44,"column":4},"end":{"line":46,"column":5}}],"line":44},"29":{"loc":{"start":{"line":44,"column":8},"end":{"line":44,"column":38}},"type":"binary-expr","locations":[{"start":{"line":44,"column":8},"end":{"line":44,"column":9}},{"start":{"line":44,"column":13},"end":{"line":44,"column":22}},{"start":{"line":44,"column":26},"end":{"line":44,"column":38}}],"line":44},"30":{"loc":{"start":{"line":47,"column":4},"end":{"line":49,"column":5}},"type":"if","locations":[{"start":{"line":47,"column":4},"end":{"line":49,"column":5}},{"start":{"line":47,"column":4},"end":{"line":49,"column":5}}],"line":47},"31":{"loc":{"start":{"line":47,"column":8},"end":{"line":47,"column":41}},"type":"binary-expr","locations":[{"start":{"line":47,"column":8},"end":{"line":47,"column":10}},{"start":{"line":47,"column":14},"end":{"line":47,"column":24}},{"start":{"line":47,"column":28},"end":{"line":47,"column":41}}],"line":47}},"s":{"0":3,"1":232,"2":229,"3":232,"4":183,"5":183,"6":183,"7":183,"8":183,"9":183,"10":183,"11":183,"12":183,"13":28,"14":183,"15":12,"16":183,"17":14,"18":183,"19":57,"20":183,"21":39,"22":183,"23":26,"24":183,"25":24,"26":183,"27":4,"28":232},"f":{"0":232},"b":{"0":[229,3],"1":[183,49],"2":[162,21],"3":[183,183],"4":[183,0],"5":[183,183],"6":[162,21],"7":[183,183],"8":[162,21],"9":[162,21],"10":[135,48],"11":[183,153],"12":[153,30],"13":[183,153],"14":[135,48],"15":[183,153],"16":[28,155],"17":[183,162,162],"18":[12,171],"19":[183,183,183],"20":[14,169],"21":[183,162,162],"22":[57,126],"23":[183,162,162],"24":[39,144],"25":[183,162,162],"26":[26,157],"27":[183,135,135],"28":[24,159],"29":[183,153,153],"30":[4,179],"31":[183,135,135]},"_coverageSchema":"1a1c01bbd47fc00a2c39e90264f33305004495a9","hash":"36d7a1a80a048b1a5f48e44b21bc8d7d42661f63"}
}
