TN:
SF:src/App.tsx
FN:11,App
FN:12,(anonymous_1)
FN:13,(anonymous_2)
FN:14,(anonymous_3)
FN:15,(anonymous_4)
FN:16,(anonymous_5)
FN:17,(anonymous_6)
FN:18,(anonymous_7)
FN:29,(anonymous_8)
FN:33,(anonymous_9)
FN:35,(anonymous_10)
FN:38,(anonymous_11)
FN:42,(anonymous_12)
FNF:13
FNH:11
FNDA:50,App
FNDA:0,(anonymous_1)
FNDA:141,(anonymous_2)
FNDA:141,(anonymous_3)
FNDA:141,(anonymous_4)
FNDA:141,(anonymous_5)
FNDA:141,(anonymous_6)
FNDA:141,(anonymous_7)
FNDA:18,(anonymous_8)
FNDA:25,(anonymous_9)
FNDA:0,(anonymous_10)
FNDA:6,(anonymous_11)
FNDA:18,(anonymous_12)
DA:12,50
DA:13,141
DA:14,141
DA:15,141
DA:16,141
DA:17,141
DA:18,141
DA:20,50
DA:22,50
DA:27,50
DA:29,50
DA:30,18
DA:33,50
DA:34,25
DA:35,19
DA:36,0
DA:38,19
DA:42,50
DA:43,18
DA:44,3
DA:45,3
DA:49,50
LF:22
LH:21
BRDA:22,0,0,4
BRDA:22,0,1,46
BRDA:23,1,0,6
BRDA:23,1,1,40
BRDA:24,2,0,2
BRDA:24,2,1,38
BRDA:34,3,0,19
BRDA:34,3,1,6
BRDA:34,4,0,25
BRDA:34,4,1,22
BRDA:34,4,2,20
BRDA:43,5,0,3
BRDA:43,5,1,15
BRF:13
BRH:13
end_of_record
TN:
SF:src/components/Display.tsx
FN:7,(anonymous_0)
FN:8,(anonymous_1)
FN:9,(anonymous_2)
FN:10,(anonymous_3)
FN:13,(anonymous_4)
FN:19,(anonymous_5)
FN:22,(anonymous_6)
FNF:7
FNH:7
FNDA:110,(anonymous_0)
FNDA:198,(anonymous_1)
FNDA:200,(anonymous_2)
FNDA:200,(anonymous_3)
FNDA:1,(anonymous_4)
FNDA:1,(anonymous_5)
FNDA:2,(anonymous_6)
DA:7,2
DA:8,198
DA:9,200
DA:10,200
DA:11,110
DA:13,110
DA:14,1
DA:15,1
DA:16,1
DA:19,110
DA:20,1
DA:22,110
DA:23,2
DA:26,110
LF:14
LH:14
BRF:0
BRH:0
end_of_record
TN:
SF:src/components/Form.tsx
FN:9,(anonymous_0)
FN:28,(anonymous_1)
FN:35,(anonymous_2)
FN:61,(anonymous_3)
FN:69,(anonymous_4)
FN:81,(anonymous_5)
FN:93,(anonymous_6)
FN:105,(anonymous_7)
FN:129,(anonymous_8)
FN:141,(anonymous_9)
FN:153,(anonymous_10)
FNF:11
FNH:11
FNDA:76,(anonymous_0)
FNDA:6,(anonymous_1)
FNDA:5,(anonymous_2)
FNDA:6,(anonymous_3)
FNDA:2,(anonymous_4)
FNDA:1,(anonymous_5)
FNDA:1,(anonymous_6)
FNDA:1,(anonymous_7)
FNDA:1,(anonymous_8)
FNDA:1,(anonymous_9)
FNDA:1,(anonymous_10)
DA:9,3
DA:10,76
DA:11,76
DA:12,76
DA:13,76
DA:14,76
DA:15,76
DA:17,76
DA:18,76
DA:19,76
DA:20,76
DA:28,76
DA:29,6
DA:31,6
DA:32,6
DA:33,6
DA:35,76
DA:36,5
DA:37,5
DA:38,2
DA:39,2
DA:40,2
DA:42,5
DA:43,1
DA:44,1
DA:45,1
DA:47,5
DA:48,1
DA:49,1
DA:50,1
DA:52,5
DA:53,1
DA:54,1
DA:55,1
DA:57,5
DA:59,76
DA:61,6
DA:69,2
DA:81,1
DA:93,1
DA:105,1
DA:129,1
DA:141,1
DA:153,1
LF:44
LH:44
BRDA:37,0,0,2
BRDA:37,0,1,3
BRDA:42,1,0,1
BRDA:42,1,1,4
BRDA:47,2,0,1
BRDA:47,2,1,4
BRDA:52,3,0,1
BRDA:52,3,1,4
BRF:8
BRH:8
end_of_record
TN:
SF:src/components/Piece.tsx
FN:26,(anonymous_0)
FN:28,(anonymous_1)
FN:29,(anonymous_2)
FN:30,(anonymous_3)
FN:31,(anonymous_4)
FN:33,(anonymous_5)
FN:37,(anonymous_6)
FN:57,(anonymous_7)
FN:58,(anonymous_8)
FN:67,(anonymous_9)
FN:68,(anonymous_10)
FN:77,(anonymous_11)
FN:78,(anonymous_12)
FNF:13
FNH:11
FNDA:12400,(anonymous_0)
FNDA:20400,(anonymous_1)
FNDA:20400,(anonymous_2)
FNDA:20400,(anonymous_3)
FNDA:20400,(anonymous_4)
FNDA:107,(anonymous_5)
FNDA:11,(anonymous_6)
FNDA:1,(anonymous_7)
FNDA:7,(anonymous_8)
FNDA:0,(anonymous_9)
FNDA:0,(anonymous_10)
FNDA:106,(anonymous_11)
FNDA:4,(anonymous_12)
DA:26,2
DA:27,12400
DA:28,20400
DA:29,20400
DA:30,20400
DA:31,20400
DA:33,12400
DA:34,107
DA:37,12400
DA:38,11
DA:39,7
DA:41,4
DA:43,11
DA:46,12400
DA:48,12400
DA:49,200
DA:55,12200
DA:56,1134
DA:57,1
DA:58,7
DA:65,11066
DA:66,6
DA:67,0
DA:68,0
DA:76,11060
DA:77,106
DA:78,4
LF:27
LH:25
BRDA:38,0,0,7
BRDA:38,0,1,4
BRDA:48,1,0,200
BRDA:48,1,1,12200
BRDA:55,2,0,1134
BRDA:55,2,1,11066
BRDA:65,3,0,6
BRDA:65,3,1,11060
BRDA:65,4,0,11066
BRDA:65,4,1,94
BRF:10
BRH:10
end_of_record
TN:
SF:src/components/Row.tsx
FN:10,(anonymous_0)
FN:11,(anonymous_1)
FNF:2
FNH:2
FNDA:1240,(anonymous_0)
FNDA:12400,(anonymous_1)
DA:10,2
DA:11,1240
DA:12,12400
DA:17,1240
LF:4
LH:4
BRF:0
BRH:0
end_of_record
TN:
SF:src/components/Rows.tsx
FN:4,(anonymous_0)
FN:5,(anonymous_1)
FN:6,(anonymous_2)
FN:7,(anonymous_3)
FN:8,(anonymous_4)
FNF:5
FNH:5
FNDA:124,(anonymous_0)
FNDA:203,(anonymous_1)
FNDA:204,(anonymous_2)
FNDA:204,(anonymous_3)
FNDA:1240,(anonymous_4)
DA:4,2
DA:5,203
DA:6,204
DA:7,204
DA:8,124
DA:9,1240
DA:14,124
LF:7
LH:7
BRF:0
BRH:0
end_of_record
TN:
SF:src/features/boardCreator.ts
FN:22,(anonymous_0)
FN:27,(anonymous_1)
FN:28,(anonymous_2)
FN:44,(anonymous_3)
FN:45,(anonymous_4)
FN:59,(anonymous_5)
FN:60,(anonymous_6)
FN:67,(anonymous_7)
FNF:8
FNH:8
FNDA:12,(anonymous_0)
FNDA:50,(anonymous_1)
FNDA:500,(anonymous_2)
FNDA:70,(anonymous_3)
FNDA:700,(anonymous_4)
FNDA:120,(anonymous_5)
FNDA:1200,(anonymous_6)
FNDA:1200,(anonymous_7)
DA:13,4
DA:22,4
DA:23,12
DA:25,12
DA:26,5
DA:27,5
DA:28,50
DA:29,500
DA:30,45
DA:32,455
DA:33,50
DA:35,405
DA:36,5
DA:38,400
DA:43,7
DA:44,7
DA:45,700
DA:48,7
DA:49,7
DA:50,74
DA:51,74
DA:52,74
DA:53,70
DA:54,70
DA:59,12
DA:60,120
DA:61,1200
DA:64,12
DA:67,4
DA:68,1200
DA:69,1200
DA:70,3600
DA:71,10800
DA:72,9408
DA:73,9408
DA:74,856
DA:78,1200
LF:37
LH:37
BRDA:22,0,0,0
BRDA:22,1,0,0
BRDA:22,2,0,0
BRDA:22,3,0,0
BRDA:25,4,0,5
BRDA:25,4,1,7
BRDA:29,5,0,45
BRDA:29,5,1,455
BRDA:29,6,0,500
BRDA:29,6,1,50
BRDA:32,7,0,50
BRDA:32,7,1,405
BRDA:35,8,0,5
BRDA:35,8,1,400
BRDA:35,9,0,405
BRDA:35,9,1,50
BRDA:52,10,0,70
BRDA:52,10,1,4
BRDA:71,11,0,9408
BRDA:71,11,1,1392
BRDA:71,12,0,10800
BRDA:71,12,1,10080
BRDA:73,13,0,856
BRDA:73,13,1,8552
BRF:24
BRH:20
end_of_record
TN:
SF:src/features/buttonColor.ts
FN:3,(anonymous_0)
FNF:1
FNH:1
FNDA:1872,(anonymous_0)
DA:3,3
DA:4,1872
LF:2
LH:2
BRDA:4,0,0,1507
BRDA:4,0,1,365
BRDA:5,1,0,49
BRDA:5,1,1,316
BRDA:6,2,0,163
BRDA:6,2,1,153
BRDA:7,3,0,147
BRDA:7,3,1,6
BRDA:8,4,0,1
BRDA:8,4,1,5
BRDA:9,5,0,1
BRDA:9,5,1,4
BRDA:10,6,0,1
BRDA:10,6,1,3
BRDA:11,7,0,1
BRDA:11,7,1,2
BRDA:12,8,0,1
BRDA:12,8,1,1
BRF:18
BRH:18
end_of_record
TN:
SF:src/features/checkWin.ts
FN:3,(anonymous_0)
FNF:1
FNH:1
FNDA:36,(anonymous_0)
DA:3,3
DA:4,36
DA:5,100
DA:6,799
DA:7,34
DA:11,2
LF:6
LH:6
BRDA:6,0,0,34
BRDA:6,0,1,765
BRDA:6,1,0,799
BRDA:6,1,1,312
BRF:4
BRH:4
end_of_record
TN:
SF:src/features/clickActionCreators.ts
FN:11,(anonymous_0)
FN:19,(anonymous_1)
FN:26,(anonymous_2)
FN:32,(anonymous_3)
FN:49,(anonymous_4)
FN:72,(anonymous_5)
FN:79,(anonymous_6)
FN:80,(anonymous_7)
FNF:8
FNH:8
FNDA:4,(anonymous_0)
FNDA:1,(anonymous_1)
FNDA:1,(anonymous_2)
FNDA:3,(anonymous_3)
FNDA:120,(anonymous_4)
FNDA:1,(anonymous_5)
FNDA:108,(anonymous_6)
FNDA:12,(anonymous_7)
DA:3,4
DA:4,4
DA:5,4
DA:6,4
DA:7,4
DA:8,4
DA:9,4
DA:11,4
DA:12,4
DA:16,4
DA:19,4
DA:20,1
DA:23,1
DA:26,4
DA:27,1
DA:30,1
DA:32,4
DA:33,3
DA:36,3
DA:49,4
DA:50,120
DA:51,120
DA:52,120
DA:53,120
DA:54,120
DA:55,120
DA:57,120
DA:61,120
DA:62,108
DA:63,108
DA:64,108
DA:66,12
DA:67,12
DA:69,12
DA:72,4
DA:73,1
DA:76,1
DA:79,108
DA:80,12
LF:39
LH:39
BRDA:11,0,0,0
BRDA:11,1,0,0
BRDA:11,2,0,0
BRDA:55,3,0,120
BRDA:55,3,1,120
BRDA:55,3,2,120
BRDA:55,3,3,120
BRDA:55,3,4,120
BRDA:61,4,0,108
BRDA:61,4,1,12
BRDA:61,5,0,120
BRDA:61,5,1,120
BRDA:66,6,0,12
BRDA:66,6,1,0
BRF:14
BRH:10
end_of_record
TN:
SF:src/features/clickReducer.ts
FN:16,(anonymous_0)
FN:18,(anonymous_1)
FN:25,(anonymous_2)
FN:41,(anonymous_3)
FN:56,(anonymous_4)
FN:69,(anonymous_5)
FN:81,(anonymous_6)
FN:88,(anonymous_7)
FNF:8
FNH:8
FNDA:213,(anonymous_0)
FNDA:3,(anonymous_1)
FNDA:1,(anonymous_2)
FNDA:39,(anonymous_3)
FNDA:9,(anonymous_4)
FNDA:3,(anonymous_5)
FNDA:1,(anonymous_6)
FNDA:1,(anonymous_7)
DA:16,3
DA:17,213
DA:18,3
DA:19,3
DA:20,3
DA:24,210
DA:25,1
DA:26,1
DA:27,1
DA:28,1
DA:32,209
DA:33,72
DA:36,137
DA:37,137
DA:38,137
DA:40,137
DA:41,39
DA:42,39
DA:43,28
DA:45,39
DA:46,3
DA:47,3
DA:48,3
DA:49,36
DA:50,2
DA:51,2
DA:55,98
DA:56,9
DA:57,9
DA:58,9
DA:59,4
DA:61,5
DA:63,9
DA:64,9
DA:68,89
DA:69,3
DA:71,3
DA:72,3
DA:73,3
DA:74,3
DA:76,3
DA:77,3
DA:80,86
DA:81,1
DA:82,1
DA:83,1
DA:87,85
DA:88,1
DA:89,1
DA:90,1
DA:94,84
LF:51
LH:51
BRDA:16,0,0,6
BRDA:17,1,0,3
BRDA:17,1,1,210
BRDA:24,2,0,1
BRDA:24,2,1,209
BRDA:32,3,0,72
BRDA:32,3,1,137
BRDA:32,4,0,209
BRDA:32,4,1,139
BRDA:36,5,0,88
BRDA:36,5,1,49
BRDA:37,6,0,137
BRDA:37,6,1,98
BRDA:38,7,0,137
BRDA:38,7,1,100
BRDA:40,8,0,39
BRDA:40,8,1,98
BRDA:42,9,0,28
BRDA:42,9,1,11
BRDA:42,10,0,39
BRDA:42,10,1,29
BRDA:45,11,0,3
BRDA:45,11,1,36
BRDA:45,12,0,39
BRDA:45,12,1,3
BRDA:47,13,0,3
BRDA:47,13,1,3
BRDA:47,14,0,3
BRDA:47,14,1,3
BRDA:49,15,0,2
BRDA:49,15,1,34
BRDA:55,16,0,9
BRDA:55,16,1,89
BRDA:57,17,0,9
BRDA:57,17,1,0
BRDA:58,18,0,4
BRDA:58,18,1,5
BRDA:68,19,0,3
BRDA:68,19,1,86
BRDA:71,20,0,3
BRDA:71,20,1,0
BRDA:80,21,0,1
BRDA:80,21,1,85
BRDA:87,22,0,1
BRDA:87,22,1,84
BRF:45
BRH:43
end_of_record
TN:
SF:src/features/displayValue.ts
FN:3,(anonymous_0)
FNF:1
FNH:1
FNDA:11060,(anonymous_0)
DA:3,2
DA:4,11060
DA:5,1862
DA:7,9198
LF:4
LH:4
BRDA:4,0,0,1862
BRDA:4,0,1,9198
BRDA:4,1,0,11060
BRDA:4,1,1,1862
BRF:4
BRH:4
end_of_record
TN:
SF:src/features/formActionCreators.ts
FN:18,(anonymous_0)
FN:25,(anonymous_1)
FN:35,(anonymous_2)
FN:45,(anonymous_3)
FN:55,(anonymous_4)
FN:62,(anonymous_5)
FN:69,(anonymous_6)
FN:76,(anonymous_7)
FN:86,(anonymous_8)
FNF:9
FNH:9
FNDA:1,(anonymous_0)
FNDA:7,(anonymous_1)
FNDA:7,(anonymous_2)
FNDA:7,(anonymous_3)
FNDA:1,(anonymous_4)
FNDA:7,(anonymous_5)
FNDA:4,(anonymous_6)
FNDA:19,(anonymous_7)
FNDA:2,(anonymous_8)
DA:8,4
DA:9,4
DA:10,4
DA:11,4
DA:12,4
DA:13,4
DA:14,4
DA:15,4
DA:16,4
DA:18,4
DA:19,1
DA:22,1
DA:25,4
DA:26,7
DA:32,7
DA:35,4
DA:36,7
DA:42,7
DA:45,4
DA:46,7
DA:52,7
DA:55,4
DA:56,1
DA:59,1
DA:62,4
DA:63,7
DA:66,7
DA:69,4
DA:70,4
DA:73,4
DA:76,4
DA:77,19
DA:83,19
DA:86,4
DA:87,2
DA:90,2
LF:36
LH:36
BRDA:76,0,0,0
BRF:1
BRH:0
end_of_record
TN:
SF:src/features/formReducer.ts
FN:15,(anonymous_0)
FN:17,(anonymous_1)
FN:25,(anonymous_2)
FN:33,(anonymous_3)
FN:39,(anonymous_4)
FN:45,(anonymous_5)
FN:51,(anonymous_6)
FN:57,(anonymous_7)
FN:66,(anonymous_8)
FN:72,(anonymous_9)
FNF:10
FNH:8
FNDA:213,(anonymous_0)
FNDA:0,(anonymous_1)
FNDA:0,(anonymous_2)
FNDA:6,(anonymous_3)
FNDA:6,(anonymous_4)
FNDA:6,(anonymous_5)
FNDA:7,(anonymous_6)
FNDA:4,(anonymous_7)
FNDA:19,(anonymous_8)
FNDA:2,(anonymous_9)
DA:15,3
DA:16,213
DA:17,0
DA:18,0
DA:19,0
DA:21,0
DA:24,213
DA:25,0
DA:26,0
DA:27,0
DA:29,0
DA:32,213
DA:33,6
DA:34,6
DA:35,6
DA:38,207
DA:39,6
DA:40,6
DA:41,6
DA:44,201
DA:45,6
DA:46,6
DA:47,6
DA:50,195
DA:51,7
DA:52,7
DA:53,7
DA:56,188
DA:57,4
DA:58,4
DA:59,4
DA:61,4
DA:65,184
DA:66,19
DA:67,19
DA:68,19
DA:71,165
DA:72,2
DA:73,2
DA:74,2
DA:76,2
DA:79,163
LF:42
LH:34
BRDA:15,0,0,6
BRDA:16,1,0,0
BRDA:16,1,1,213
BRDA:18,2,0,0
BRDA:18,2,1,0
BRDA:24,3,0,0
BRDA:24,3,1,213
BRDA:26,4,0,0
BRDA:26,4,1,0
BRDA:32,5,0,6
BRDA:32,5,1,207
BRDA:38,6,0,6
BRDA:38,6,1,201
BRDA:44,7,0,6
BRDA:44,7,1,195
BRDA:50,8,0,7
BRDA:50,8,1,188
BRDA:56,9,0,4
BRDA:56,9,1,184
BRDA:58,10,0,4
BRDA:58,10,1,0
BRDA:65,11,0,19
BRDA:65,11,1,165
BRDA:71,12,0,2
BRDA:71,12,1,163
BRDA:73,13,0,2
BRDA:73,13,1,0
BRF:27
BRH:19
end_of_record
TN:
SF:src/features/hooks.ts
FN:4,(anonymous_0)
FNF:1
FNH:1
FNDA:12450,(anonymous_0)
DA:4,12450
DA:5,2
LF:2
LH:2
BRF:0
BRH:0
end_of_record
TN:
SF:src/features/initialState.ts
FN:38,(anonymous_0)
FNF:1
FNH:1
FNDA:8,(anonymous_0)
DA:38,4
DA:43,8
DA:44,8
DA:61,8
LF:4
LH:4
BRDA:39,0,0,4
BRDA:40,1,0,4
BRDA:41,2,0,4
BRDA:42,3,0,4
BRF:4
BRH:4
end_of_record
TN:
SF:src/features/pieceClass.ts
FN:4,(anonymous_0)
FNF:1
FNH:1
FNDA:12613,(anonymous_0)
DA:4,3
DA:5,12613
DA:7,12613
DA:8,10740
DA:10,12613
DA:11,1270
DA:13,12613
DA:14,6
DA:16,12613
DA:17,1872
DA:19,12613
LF:11
LH:11
BRDA:7,0,0,10740
BRDA:7,0,1,1873
BRDA:10,1,0,1270
BRDA:10,1,1,11343
BRDA:10,2,0,12613
BRDA:10,2,1,11477
BRDA:13,3,0,6
BRDA:13,3,1,12607
BRDA:16,4,0,1872
BRDA:16,4,1,10741
BRDA:16,5,0,12613
BRDA:16,5,1,1873
BRF:12
BRH:12
end_of_record
TN:
SF:src/features/zeroFinder.ts
FN:4,(anonymous_0)
FNF:1
FNH:1
FNDA:232,(anonymous_0)
DA:4,3
DA:5,232
DA:6,229
DA:9,232
DA:14,183
DA:15,183
DA:16,183
DA:18,183
DA:19,183
DA:21,183
DA:22,183
DA:23,183
DA:26,183
DA:27,28
DA:29,183
DA:30,12
DA:32,183
DA:33,14
DA:35,183
DA:36,57
DA:38,183
DA:39,39
DA:41,183
DA:42,26
DA:44,183
DA:45,24
DA:47,183
DA:48,4
DA:51,232
LF:29
LH:29
BRDA:5,0,0,229
BRDA:5,0,1,3
BRDA:9,1,0,183
BRDA:9,1,1,49
BRDA:14,2,0,162
BRDA:14,2,1,21
BRDA:14,3,0,183
BRDA:14,3,1,183
BRDA:15,4,0,183
BRDA:15,4,1,0
BRDA:15,5,0,183
BRDA:15,5,1,183
BRDA:16,6,0,162
BRDA:16,6,1,21
BRDA:16,7,0,183
BRDA:16,7,1,183
BRDA:18,8,0,162
BRDA:18,8,1,21
BRDA:19,9,0,162
BRDA:19,9,1,21
BRDA:21,10,0,135
BRDA:21,10,1,48
BRDA:21,11,0,183
BRDA:21,11,1,153
BRDA:22,12,0,153
BRDA:22,12,1,30
BRDA:22,13,0,183
BRDA:22,13,1,153
BRDA:23,14,0,135
BRDA:23,14,1,48
BRDA:23,15,0,183
BRDA:23,15,1,153
BRDA:26,16,0,28
BRDA:26,16,1,155
BRDA:26,17,0,183
BRDA:26,17,1,162
BRDA:26,17,2,162
BRDA:29,18,0,12
BRDA:29,18,1,171
BRDA:29,19,0,183
BRDA:29,19,1,183
BRDA:29,19,2,183
BRDA:32,20,0,14
BRDA:32,20,1,169
BRDA:32,21,0,183
BRDA:32,21,1,162
BRDA:32,21,2,162
BRDA:35,22,0,57
BRDA:35,22,1,126
BRDA:35,23,0,183
BRDA:35,23,1,162
BRDA:35,23,2,162
BRDA:38,24,0,39
BRDA:38,24,1,144
BRDA:38,25,0,183
BRDA:38,25,1,162
BRDA:38,25,2,162
BRDA:41,26,0,26
BRDA:41,26,1,157
BRDA:41,27,0,183
BRDA:41,27,1,135
BRDA:41,27,2,135
BRDA:44,28,0,24
BRDA:44,28,1,159
BRDA:44,29,0,183
BRDA:44,29,1,153
BRDA:44,29,2,153
BRDA:47,30,0,4
BRDA:47,30,1,179
BRDA:47,31,0,183
BRDA:47,31,1,135
BRDA:47,31,2,135
BRF:72
BRH:71
end_of_record
TN:
SF:src/interfaces/interfaces.ts
FNF:0
FNH:0
LF:0
LH:0
BRF:0
BRH:0
end_of_record
