TN:
SF:src/App.tsx
FN:10,App
FN:11,(anonymous_1)
FN:12,(anonymous_2)
FN:13,(anonymous_3)
FN:14,(anonymous_4)
FN:15,(anonymous_5)
FN:16,(anonymous_6)
FN:17,(anonymous_7)
FN:28,(anonymous_8)
FN:32,(anonymous_9)
FN:34,(anonymous_10)
FN:37,(anonymous_11)
FN:41,(anonymous_12)
FNF:13
FNH:11
FNDA:50,App
FNDA:0,(anonymous_1)
FNDA:141,(anonymous_2)
FNDA:141,(anonymous_3)
FNDA:141,(anonymous_4)
FNDA:141,(anonymous_5)
FNDA:141,(anonymous_6)
FNDA:141,(anonymous_7)
FNDA:18,(anonymous_8)
FNDA:25,(anonymous_9)
FNDA:0,(anonymous_10)
FNDA:6,(anonymous_11)
FNDA:18,(anonymous_12)
DA:11,50
DA:12,141
DA:13,141
DA:14,141
DA:15,141
DA:16,141
DA:17,141
DA:19,50
DA:21,50
DA:26,50
DA:28,50
DA:29,18
DA:32,50
DA:33,25
DA:34,19
DA:35,0
DA:37,19
DA:41,50
DA:42,18
DA:43,3
DA:44,3
DA:48,50
LF:22
LH:21
BRDA:21,0,0,4
BRDA:21,0,1,46
BRDA:22,1,0,6
BRDA:22,1,1,40
BRDA:23,2,0,2
BRDA:23,2,1,38
BRDA:33,3,0,19
BRDA:33,3,1,6
BRDA:33,4,0,25
BRDA:33,4,1,22
BRDA:33,4,2,20
BRDA:42,5,0,3
BRDA:42,5,1,15
BRF:13
BRH:13
end_of_record
TN:
SF:src/components/Display.tsx
FN:5,(anonymous_0)
FN:6,(anonymous_1)
FN:7,(anonymous_2)
FN:8,(anonymous_3)
FN:11,(anonymous_4)
FN:17,(anonymous_5)
FN:20,(anonymous_6)
FNF:7
FNH:7
FNDA:110,(anonymous_0)
FNDA:198,(anonymous_1)
FNDA:200,(anonymous_2)
FNDA:200,(anonymous_3)
FNDA:1,(anonymous_4)
FNDA:1,(anonymous_5)
FNDA:2,(anonymous_6)
DA:5,2
DA:6,198
DA:7,200
DA:8,200
DA:9,110
DA:11,110
DA:12,1
DA:13,1
DA:14,1
DA:17,110
DA:18,1
DA:20,110
DA:21,2
DA:24,110
LF:14
LH:14
BRF:0
BRH:0
end_of_record
TN:
SF:src/components/Form.tsx
FN:9,(anonymous_0)
FN:28,(anonymous_1)
FN:35,(anonymous_2)
FN:61,(anonymous_3)
FN:69,(anonymous_4)
FN:81,(anonymous_5)
FN:129,(anonymous_6)
FN:141,(anonymous_7)
FN:153,(anonymous_8)
FNF:9
FNH:9
FNDA:76,(anonymous_0)
FNDA:5,(anonymous_1)
FNDA:5,(anonymous_2)
FNDA:5,(anonymous_3)
FNDA:2,(anonymous_4)
FNDA:1,(anonymous_5)
FNDA:1,(anonymous_6)
FNDA:1,(anonymous_7)
FNDA:1,(anonymous_8)
DA:9,3
DA:10,76
DA:11,76
DA:12,76
DA:13,76
DA:14,76
DA:15,76
DA:17,76
DA:18,76
DA:19,76
DA:20,76
DA:28,76
DA:29,5
DA:31,5
DA:32,5
DA:33,5
DA:35,76
DA:36,5
DA:37,5
DA:38,2
DA:39,2
DA:40,2
DA:42,5
DA:43,1
DA:44,1
DA:45,1
DA:47,5
DA:48,1
DA:49,1
DA:50,1
DA:52,5
DA:53,1
DA:54,1
DA:55,1
DA:57,5
DA:59,76
DA:61,5
DA:69,2
DA:81,1
DA:129,1
DA:141,1
DA:153,1
LF:42
LH:42
BRDA:37,0,0,2
BRDA:37,0,1,3
BRDA:42,1,0,1
BRDA:42,1,1,4
BRDA:47,2,0,1
BRDA:47,2,1,4
BRDA:52,3,0,1
BRDA:52,3,1,4
BRF:8
BRH:8
end_of_record
TN:
SF:src/components/Piece.tsx
FN:25,(anonymous_0)
FN:27,(anonymous_1)
FN:28,(anonymous_2)
FN:29,(anonymous_3)
FN:30,(anonymous_4)
FN:32,(anonymous_5)
FN:36,(anonymous_6)
FN:56,(anonymous_7)
FN:57,(anonymous_8)
FN:66,(anonymous_9)
FN:67,(anonymous_10)
FN:76,(anonymous_11)
FN:77,(anonymous_12)
FNF:13
FNH:11
FNDA:12400,(anonymous_0)
FNDA:20400,(anonymous_1)
FNDA:20400,(anonymous_2)
FNDA:20400,(anonymous_3)
FNDA:20400,(anonymous_4)
FNDA:107,(anonymous_5)
FNDA:11,(anonymous_6)
FNDA:1,(anonymous_7)
FNDA:7,(anonymous_8)
FNDA:0,(anonymous_9)
FNDA:0,(anonymous_10)
FNDA:106,(anonymous_11)
FNDA:4,(anonymous_12)
DA:25,2
DA:26,12400
DA:27,20400
DA:28,20400
DA:29,20400
DA:30,20400
DA:32,12400
DA:33,107
DA:36,12400
DA:37,11
DA:38,7
DA:40,4
DA:42,11
DA:45,12400
DA:47,12400
DA:48,200
DA:54,12200
DA:55,1134
DA:56,1
DA:57,7
DA:64,11066
DA:65,6
DA:66,0
DA:67,0
DA:75,11060
DA:76,106
DA:77,4
LF:27
LH:25
BRDA:37,0,0,7
BRDA:37,0,1,4
BRDA:47,1,0,200
BRDA:47,1,1,12200
BRDA:54,2,0,1134
BRDA:54,2,1,11066
BRDA:64,3,0,6
BRDA:64,3,1,11060
BRDA:64,4,0,11066
BRDA:64,4,1,94
BRF:10
BRH:10
end_of_record
TN:
SF:src/components/Row.tsx
FN:10,(anonymous_0)
FN:11,(anonymous_1)
FNF:2
FNH:2
FNDA:1240,(anonymous_0)
FNDA:12400,(anonymous_1)
DA:10,2
DA:11,1240
DA:12,12400
DA:17,1240
LF:4
LH:4
BRF:0
BRH:0
end_of_record
TN:
SF:src/components/Rows.tsx
FN:4,(anonymous_0)
FN:5,(anonymous_1)
FN:6,(anonymous_2)
FN:7,(anonymous_3)
FN:8,(anonymous_4)
FNF:5
FNH:5
FNDA:124,(anonymous_0)
FNDA:203,(anonymous_1)
FNDA:204,(anonymous_2)
FNDA:204,(anonymous_3)
FNDA:1240,(anonymous_4)
DA:4,2
DA:5,203
DA:6,204
DA:7,204
DA:8,124
DA:9,1240
DA:14,124
LF:7
LH:7
BRF:0
BRH:0
end_of_record
TN:
SF:src/features/actionCreators.ts
FN:40,(anonymous_0)
FN:47,(anonymous_1)
FN:55,(anonymous_2)
FN:63,(anonymous_3)
FN:71,(anonymous_4)
FN:87,(anonymous_5)
FN:96,(anonymous_6)
FN:105,(anonymous_7)
FN:114,(anonymous_8)
FN:123,(anonymous_9)
FN:130,(anonymous_10)
FN:136,(anonymous_11)
FN:145,(anonymous_12)
FN:166,(anonymous_13)
FN:173,(anonymous_14)
FN:180,(anonymous_15)
FN:182,(anonymous_16)
FNF:17
FNH:17
FNDA:1,(anonymous_0)
FNDA:6,(anonymous_1)
FNDA:6,(anonymous_2)
FNDA:6,(anonymous_3)
FNDA:4,(anonymous_4)
FNDA:1,(anonymous_5)
FNDA:1,(anonymous_6)
FNDA:7,(anonymous_7)
FNDA:4,(anonymous_8)
FNDA:19,(anonymous_9)
FNDA:1,(anonymous_10)
FNDA:3,(anonymous_11)
FNDA:120,(anonymous_12)
FNDA:1,(anonymous_13)
FNDA:2,(anonymous_14)
FNDA:108,(anonymous_15)
FNDA:12,(anonymous_16)
DA:3,4
DA:4,4
DA:5,4
DA:6,4
DA:7,4
DA:8,4
DA:9,4
DA:10,4
DA:11,4
DA:12,4
DA:13,4
DA:14,4
DA:15,4
DA:16,4
DA:17,4
DA:18,4
DA:40,4
DA:41,1
DA:44,1
DA:47,4
DA:48,6
DA:52,6
DA:55,4
DA:56,6
DA:60,6
DA:63,4
DA:64,6
DA:68,6
DA:71,4
DA:80,4
DA:84,4
DA:87,4
DA:89,1
DA:93,1
DA:96,4
DA:98,1
DA:102,1
DA:105,4
DA:107,7
DA:111,7
DA:114,4
DA:115,4
DA:120,4
DA:123,4
DA:124,19
DA:128,19
DA:130,4
DA:131,1
DA:134,1
DA:136,4
DA:138,3
DA:142,3
DA:145,4
DA:146,120
DA:147,120
DA:148,120
DA:149,120
DA:150,120
DA:151,120
DA:152,120
DA:156,120
DA:157,108
DA:158,108
DA:160,12
DA:161,12
DA:163,12
DA:166,4
DA:167,1
DA:170,1
DA:173,4
DA:174,2
DA:177,2
DA:180,108
DA:182,12
LF:74
LH:74
BRDA:71,0,0,0
BRDA:71,1,0,0
BRDA:71,2,0,0
BRDA:123,3,0,0
BRDA:151,4,0,120
BRDA:151,4,1,120
BRDA:151,4,2,120
BRDA:151,4,3,120
BRDA:151,4,4,120
BRDA:156,5,0,108
BRDA:156,5,1,12
BRDA:156,6,0,120
BRDA:156,6,1,120
BRDA:160,7,0,12
BRDA:160,7,1,0
BRF:15
BRH:10
end_of_record
TN:
SF:src/features/boardCreator.ts
FN:22,(anonymous_0)
FN:27,(anonymous_1)
FN:28,(anonymous_2)
FN:44,(anonymous_3)
FN:45,(anonymous_4)
FN:59,(anonymous_5)
FN:60,(anonymous_6)
FN:67,(anonymous_7)
FNF:8
FNH:8
FNDA:12,(anonymous_0)
FNDA:50,(anonymous_1)
FNDA:500,(anonymous_2)
FNDA:70,(anonymous_3)
FNDA:700,(anonymous_4)
FNDA:120,(anonymous_5)
FNDA:1200,(anonymous_6)
FNDA:1200,(anonymous_7)
DA:13,4
DA:22,4
DA:23,12
DA:25,12
DA:26,5
DA:27,5
DA:28,50
DA:29,500
DA:30,45
DA:32,455
DA:33,50
DA:35,405
DA:36,5
DA:38,400
DA:43,7
DA:44,7
DA:45,700
DA:48,7
DA:49,7
DA:50,74
DA:51,74
DA:52,74
DA:53,70
DA:54,70
DA:59,12
DA:60,120
DA:61,1200
DA:64,12
DA:67,4
DA:68,1200
DA:69,1200
DA:70,3600
DA:71,10800
DA:72,9408
DA:73,9408
DA:74,862
DA:78,1200
LF:37
LH:37
BRDA:22,0,0,0
BRDA:22,1,0,0
BRDA:22,2,0,0
BRDA:22,3,0,0
BRDA:25,4,0,5
BRDA:25,4,1,7
BRDA:29,5,0,45
BRDA:29,5,1,455
BRDA:29,6,0,500
BRDA:29,6,1,50
BRDA:32,7,0,50
BRDA:32,7,1,405
BRDA:35,8,0,5
BRDA:35,8,1,400
BRDA:35,9,0,405
BRDA:35,9,1,50
BRDA:52,10,0,70
BRDA:52,10,1,4
BRDA:71,11,0,9408
BRDA:71,11,1,1392
BRDA:71,12,0,10800
BRDA:71,12,1,10080
BRDA:73,13,0,862
BRDA:73,13,1,8546
BRF:24
BRH:20
end_of_record
TN:
SF:src/features/buttonColor.ts
FN:3,(anonymous_0)
FNF:1
FNH:1
FNDA:1872,(anonymous_0)
DA:3,3
DA:4,1872
LF:2
LH:2
BRDA:4,0,0,1507
BRDA:4,0,1,365
BRDA:5,1,0,49
BRDA:5,1,1,316
BRDA:6,2,0,163
BRDA:6,2,1,153
BRDA:7,3,0,147
BRDA:7,3,1,6
BRDA:8,4,0,1
BRDA:8,4,1,5
BRDA:9,5,0,1
BRDA:9,5,1,4
BRDA:10,6,0,1
BRDA:10,6,1,3
BRDA:11,7,0,1
BRDA:11,7,1,2
BRDA:12,8,0,1
BRDA:12,8,1,1
BRF:18
BRH:18
end_of_record
TN:
SF:src/features/checkWin.ts
FN:3,(anonymous_0)
FNF:1
FNH:1
FNDA:36,(anonymous_0)
DA:3,3
DA:4,36
DA:5,100
DA:6,799
DA:7,34
DA:11,2
LF:6
LH:6
BRDA:6,0,0,34
BRDA:6,0,1,765
BRDA:6,1,0,799
BRDA:6,1,1,312
BRF:4
BRH:4
end_of_record
TN:
SF:src/features/clickReducer.ts
FN:23,(anonymous_0)
FN:25,(anonymous_1)
FN:32,(anonymous_2)
FN:58,(anonymous_3)
FN:73,(anonymous_4)
FN:86,(anonymous_5)
FN:95,(anonymous_6)
FN:102,(anonymous_7)
FNF:8
FNH:8
FNDA:210,(anonymous_0)
FNDA:3,(anonymous_1)
FNDA:1,(anonymous_2)
FNDA:39,(anonymous_3)
FNDA:9,(anonymous_4)
FNDA:3,(anonymous_5)
FNDA:1,(anonymous_6)
FNDA:1,(anonymous_7)
DA:23,3
DA:24,210
DA:25,3
DA:26,3
DA:27,3
DA:31,207
DA:32,1
DA:33,1
DA:34,1
DA:35,1
DA:39,206
DA:40,72
DA:53,134
DA:54,134
DA:55,134
DA:57,134
DA:58,39
DA:59,39
DA:60,28
DA:62,39
DA:63,3
DA:64,3
DA:65,3
DA:66,36
DA:67,2
DA:68,2
DA:72,95
DA:73,9
DA:74,9
DA:75,9
DA:76,4
DA:78,5
DA:80,9
DA:81,9
DA:85,86
DA:86,3
DA:87,3
DA:88,3
DA:89,3
DA:90,3
DA:91,3
DA:94,83
DA:95,1
DA:96,1
DA:97,1
DA:101,82
DA:102,1
DA:103,1
DA:104,1
DA:108,81
LF:50
LH:50
BRDA:23,0,0,6
BRDA:24,1,0,3
BRDA:24,1,1,207
BRDA:31,2,0,1
BRDA:31,2,1,206
BRDA:39,3,0,72
BRDA:39,3,1,134
BRDA:39,4,0,206
BRDA:39,4,1,136
BRDA:53,5,0,134
BRDA:53,5,1,49
BRDA:54,6,0,134
BRDA:54,6,1,95
BRDA:55,7,0,134
BRDA:55,7,1,97
BRDA:57,8,0,39
BRDA:57,8,1,95
BRDA:59,9,0,28
BRDA:59,9,1,11
BRDA:59,10,0,39
BRDA:59,10,1,29
BRDA:62,11,0,3
BRDA:62,11,1,36
BRDA:62,12,0,39
BRDA:62,12,1,3
BRDA:64,13,0,3
BRDA:64,13,1,3
BRDA:64,14,0,3
BRDA:64,14,1,3
BRDA:66,15,0,2
BRDA:66,15,1,34
BRDA:72,16,0,9
BRDA:72,16,1,86
BRDA:74,17,0,9
BRDA:74,17,1,0
BRDA:75,18,0,4
BRDA:75,18,1,5
BRDA:85,19,0,3
BRDA:85,19,1,83
BRDA:94,20,0,1
BRDA:94,20,1,82
BRDA:101,21,0,1
BRDA:101,21,1,81
BRF:43
BRH:42
end_of_record
TN:
SF:src/features/displayValue.ts
FN:3,(anonymous_0)
FNF:1
FNH:1
FNDA:11060,(anonymous_0)
DA:3,2
DA:4,11060
DA:5,1862
DA:7,9198
LF:4
LH:4
BRDA:4,0,0,1862
BRDA:4,0,1,9198
BRDA:4,1,0,11060
BRDA:4,1,1,1862
BRF:4
BRH:4
end_of_record
TN:
SF:src/features/formReducer.ts
FN:16,(anonymous_0)
FN:18,(anonymous_1)
FN:24,(anonymous_2)
FN:29,(anonymous_3)
FN:35,(anonymous_4)
FN:41,(anonymous_5)
FN:47,(anonymous_6)
FN:53,(anonymous_7)
FN:60,(anonymous_8)
FN:66,(anonymous_9)
FNF:10
FNH:8
FNDA:210,(anonymous_0)
FNDA:0,(anonymous_1)
FNDA:0,(anonymous_2)
FNDA:5,(anonymous_3)
FNDA:5,(anonymous_4)
FNDA:5,(anonymous_5)
FNDA:7,(anonymous_6)
FNDA:4,(anonymous_7)
FNDA:19,(anonymous_8)
FNDA:2,(anonymous_9)
DA:16,3
DA:17,210
DA:18,0
DA:19,0
DA:20,0
DA:23,210
DA:24,0
DA:25,0
DA:28,210
DA:29,5
DA:30,5
DA:31,5
DA:34,205
DA:35,5
DA:36,5
DA:37,5
DA:40,200
DA:41,5
DA:42,5
DA:43,5
DA:46,195
DA:47,7
DA:48,7
DA:49,7
DA:52,188
DA:53,4
DA:54,4
DA:55,4
DA:59,184
DA:60,19
DA:61,19
DA:62,19
DA:65,165
DA:66,2
DA:67,2
DA:68,2
DA:71,163
LF:37
LH:32
BRDA:16,0,0,6
BRDA:17,1,0,0
BRDA:17,1,1,210
BRDA:23,2,0,0
BRDA:23,2,1,210
BRDA:28,3,0,5
BRDA:28,3,1,205
BRDA:34,4,0,5
BRDA:34,4,1,200
BRDA:40,5,0,5
BRDA:40,5,1,195
BRDA:46,6,0,7
BRDA:46,6,1,188
BRDA:52,7,0,4
BRDA:52,7,1,184
BRDA:59,8,0,19
BRDA:59,8,1,165
BRDA:65,9,0,2
BRDA:65,9,1,163
BRF:19
BRH:17
end_of_record
TN:
SF:src/features/hooks.ts
FN:4,(anonymous_0)
FNF:1
FNH:1
FNDA:12450,(anonymous_0)
DA:4,12450
DA:5,2
LF:2
LH:2
BRF:0
BRH:0
end_of_record
TN:
SF:src/features/initialState.ts
FN:25,(anonymous_0)
FNF:1
FNH:1
FNDA:8,(anonymous_0)
DA:25,4
DA:30,8
DA:31,8
DA:48,8
LF:4
LH:4
BRDA:26,0,0,4
BRDA:27,1,0,4
BRDA:28,2,0,4
BRDA:29,3,0,4
BRF:4
BRH:4
end_of_record
TN:
SF:src/features/pieceClass.ts
FN:4,(anonymous_0)
FNF:1
FNH:1
FNDA:12613,(anonymous_0)
DA:4,3
DA:5,12613
DA:7,12613
DA:8,10740
DA:10,12613
DA:11,1270
DA:13,12613
DA:14,6
DA:16,12613
DA:17,1872
DA:19,12613
LF:11
LH:11
BRDA:7,0,0,10740
BRDA:7,0,1,1873
BRDA:10,1,0,1270
BRDA:10,1,1,11343
BRDA:10,2,0,12613
BRDA:10,2,1,11477
BRDA:13,3,0,6
BRDA:13,3,1,12607
BRDA:16,4,0,1872
BRDA:16,4,1,10741
BRDA:16,5,0,12613
BRDA:16,5,1,1873
BRF:12
BRH:12
end_of_record
TN:
SF:src/features/zeroFinder.ts
FN:4,(anonymous_0)
FNF:1
FNH:1
FNDA:232,(anonymous_0)
DA:4,3
DA:5,232
DA:6,229
DA:9,232
DA:14,183
DA:15,183
DA:16,183
DA:18,183
DA:19,183
DA:21,183
DA:22,183
DA:23,183
DA:26,183
DA:27,28
DA:29,183
DA:30,12
DA:32,183
DA:33,14
DA:35,183
DA:36,57
DA:38,183
DA:39,39
DA:41,183
DA:42,26
DA:44,183
DA:45,24
DA:47,183
DA:48,4
DA:51,232
LF:29
LH:29
BRDA:5,0,0,229
BRDA:5,0,1,3
BRDA:9,1,0,183
BRDA:9,1,1,49
BRDA:14,2,0,162
BRDA:14,2,1,21
BRDA:14,3,0,183
BRDA:14,3,1,183
BRDA:15,4,0,183
BRDA:15,4,1,0
BRDA:15,5,0,183
BRDA:15,5,1,183
BRDA:16,6,0,162
BRDA:16,6,1,21
BRDA:16,7,0,183
BRDA:16,7,1,183
BRDA:18,8,0,162
BRDA:18,8,1,21
BRDA:19,9,0,162
BRDA:19,9,1,21
BRDA:21,10,0,135
BRDA:21,10,1,48
BRDA:21,11,0,183
BRDA:21,11,1,153
BRDA:22,12,0,153
BRDA:22,12,1,30
BRDA:22,13,0,183
BRDA:22,13,1,153
BRDA:23,14,0,135
BRDA:23,14,1,48
BRDA:23,15,0,183
BRDA:23,15,1,153
BRDA:26,16,0,28
BRDA:26,16,1,155
BRDA:26,17,0,183
BRDA:26,17,1,162
BRDA:26,17,2,162
BRDA:29,18,0,12
BRDA:29,18,1,171
BRDA:29,19,0,183
BRDA:29,19,1,183
BRDA:29,19,2,183
BRDA:32,20,0,14
BRDA:32,20,1,169
BRDA:32,21,0,183
BRDA:32,21,1,162
BRDA:32,21,2,162
BRDA:35,22,0,57
BRDA:35,22,1,126
BRDA:35,23,0,183
BRDA:35,23,1,162
BRDA:35,23,2,162
BRDA:38,24,0,39
BRDA:38,24,1,144
BRDA:38,25,0,183
BRDA:38,25,1,162
BRDA:38,25,2,162
BRDA:41,26,0,26
BRDA:41,26,1,157
BRDA:41,27,0,183
BRDA:41,27,1,135
BRDA:41,27,2,135
BRDA:44,28,0,24
BRDA:44,28,1,159
BRDA:44,29,0,183
BRDA:44,29,1,153
BRDA:44,29,2,153
BRDA:47,30,0,4
BRDA:47,30,1,179
BRDA:47,31,0,183
BRDA:47,31,1,135
BRDA:47,31,2,135
BRF:72
BRH:71
end_of_record
